Namespace(D=3, K_g=3, K_l=1, batch_size=512, embed_dim=32, init_lr=0.001, mapping=0, ratio=1, test_num_ng=99, topKs=[1, 2, 5, 10], train_num_ng=4)

================t Domain================
loading adjacency matrix
don't split the matrix

================a Domain================
loading adjacency matrix
don't split the matrix

================train================
Total number of param in CDATN is 620896
====================Epoch  0 ====================
recommend loss 0.6484.
HR: [0.085, 0.151, 0.287, 0.437], NDCG: [0.085, 0.127, 0.187, 0.236]
HR: [0.053, 0.088, 0.168, 0.272], NDCG: [0.053, 0.075, 0.11, 0.144]
HR: [0.093, 0.158, 0.295, 0.444], NDCG: [0.093, 0.134, 0.195, 0.243]
HR: [0.056, 0.095, 0.176, 0.269], NDCG: [0.056, 0.08, 0.116, 0.146]
HR: [0.081 0.139 0.262 0.399], NDCG: [0.081 0.118 0.172 0.216]
====================Epoch  1 ====================
recommend loss 0.5788.
====================Epoch  2 ====================
recommend loss 0.5548.
====================Epoch  3 ====================
recommend loss 0.5414.
====================Epoch  4 ====================
recommend loss 0.5317.
====================Epoch  5 ====================
recommend loss 0.5225.
HR: [0.074, 0.132, 0.257, 0.395], NDCG: [0.074, 0.111, 0.166, 0.211]
HR: [0.066, 0.111, 0.212, 0.33], NDCG: [0.066, 0.094, 0.139, 0.177]
HR: [0.083, 0.14, 0.263, 0.403], NDCG: [0.083, 0.119, 0.174, 0.219]
HR: [0.066, 0.11, 0.202, 0.316], NDCG: [0.066, 0.094, 0.135, 0.171]
HR: [0.075 0.13  0.247 0.38 ], NDCG: [0.075 0.11  0.162 0.205]
====================Epoch  6 ====================
recommend loss 0.5166.
====================Epoch  7 ====================
recommend loss 0.5080.
====================Epoch  8 ====================
recommend loss 0.5024.
====================Epoch  9 ====================
recommend loss 0.4958.
====================Epoch  10 ====================
recommend loss 0.4902.
HR: [0.083, 0.147, 0.279, 0.421], NDCG: [0.083, 0.123, 0.182, 0.228]
HR: [0.072, 0.123, 0.234, 0.357], NDCG: [0.072, 0.104, 0.153, 0.193]
HR: [0.092, 0.152, 0.282, 0.423], NDCG: [0.092, 0.13, 0.188, 0.233]
HR: [0.072, 0.119, 0.219, 0.333], NDCG: [0.072, 0.102, 0.146, 0.182]
HR: [0.084 0.143 0.267 0.403], NDCG: [0.084 0.121 0.176 0.22 ]
====================Epoch  11 ====================
recommend loss 0.4842.
====================Epoch  12 ====================
recommend loss 0.4794.
====================Epoch  13 ====================
recommend loss 0.4751.
====================Epoch  14 ====================
recommend loss 0.4696.
====================Epoch  15 ====================
recommend loss 0.4654.
HR: [0.091, 0.156, 0.294, 0.441], NDCG: [0.091, 0.132, 0.193, 0.24]
HR: [0.079, 0.134, 0.246, 0.372], NDCG: [0.079, 0.113, 0.163, 0.204]
HR: [0.096, 0.162, 0.296, 0.439], NDCG: [0.096, 0.137, 0.197, 0.243]
HR: [0.074, 0.121, 0.225, 0.342], NDCG: [0.074, 0.104, 0.15, 0.187]
HR: [0.089 0.151 0.28  0.42 ], NDCG: [0.089 0.128 0.186 0.23 ]
====================Epoch  16 ====================
recommend loss 0.4612.
====================Epoch  17 ====================
recommend loss 0.4565.
====================Epoch  18 ====================
recommend loss 0.4524.
====================Epoch  19 ====================
recommend loss 0.4483.
====================Epoch  20 ====================
recommend loss 0.4451.
HR: [0.091, 0.161, 0.303, 0.45], NDCG: [0.091, 0.135, 0.198, 0.246]
HR: [0.082, 0.138, 0.254, 0.382], NDCG: [0.082, 0.117, 0.17, 0.21]
HR: [0.097, 0.165, 0.302, 0.446], NDCG: [0.097, 0.14, 0.201, 0.247]
HR: [0.075, 0.125, 0.229, 0.348], NDCG: [0.075, 0.106, 0.153, 0.191]
HR: [0.09  0.155 0.287 0.428], NDCG: [0.09  0.131 0.19  0.235]
====================Epoch  21 ====================
recommend loss 0.4410.
====================Epoch  22 ====================
recommend loss 0.4375.
====================Epoch  23 ====================
recommend loss 0.4339.
====================Epoch  24 ====================
recommend loss 0.4303.
====================Epoch  25 ====================
recommend loss 0.4264.
HR: [0.091, 0.16, 0.304, 0.453], NDCG: [0.091, 0.134, 0.198, 0.247]
HR: [0.086, 0.139, 0.26, 0.388], NDCG: [0.086, 0.12, 0.174, 0.215]
HR: [0.097, 0.167, 0.302, 0.446], NDCG: [0.097, 0.141, 0.201, 0.248]
HR: [0.076, 0.127, 0.23, 0.351], NDCG: [0.076, 0.108, 0.154, 0.193]
HR: [0.091 0.156 0.289 0.43 ], NDCG: [0.091 0.132 0.191 0.237]
====================Epoch  26 ====================
recommend loss 0.4231.
====================Epoch  27 ====================
recommend loss 0.4200.
====================Epoch  28 ====================
recommend loss 0.4165.
====================Epoch  29 ====================
recommend loss 0.4143.
====================Epoch  30 ====================
recommend loss 0.4112.
HR: [0.09, 0.156, 0.302, 0.453], NDCG: [0.09, 0.132, 0.197, 0.245]
HR: [0.087, 0.146, 0.262, 0.388], NDCG: [0.087, 0.124, 0.176, 0.216]
HR: [0.094, 0.166, 0.299, 0.444], NDCG: [0.094, 0.14, 0.199, 0.245]
HR: [0.076, 0.127, 0.229, 0.353], NDCG: [0.076, 0.108, 0.154, 0.194]
HR: [0.089 0.155 0.287 0.429], NDCG: [0.089 0.131 0.19  0.235]
====================Epoch  31 ====================
recommend loss 0.4078.
====================Epoch  32 ====================
recommend loss 0.4052.
====================Epoch  33 ====================
recommend loss 0.4027.
====================Epoch  34 ====================
recommend loss 0.3989.
====================Epoch  35 ====================
recommend loss 0.3962.
HR: [0.09, 0.155, 0.298, 0.448], NDCG: [0.09, 0.131, 0.195, 0.243]
HR: [0.086, 0.147, 0.262, 0.394], NDCG: [0.086, 0.125, 0.176, 0.218]
HR: [0.094, 0.164, 0.295, 0.437], NDCG: [0.094, 0.138, 0.197, 0.242]
HR: [0.077, 0.128, 0.234, 0.355], NDCG: [0.077, 0.109, 0.156, 0.195]
HR: [0.089 0.154 0.284 0.426], NDCG: [0.089 0.13  0.189 0.234]
====================Epoch  36 ====================
recommend loss 0.3938.
====================Epoch  37 ====================
recommend loss 0.3917.
====================Epoch  38 ====================
recommend loss 0.3887.
====================Epoch  39 ====================
recommend loss 0.3861.
====================Epoch  40 ====================
recommend loss 0.3837.
HR: [0.087, 0.153, 0.295, 0.443], NDCG: [0.087, 0.129, 0.192, 0.24]
HR: [0.088, 0.148, 0.263, 0.393], NDCG: [0.088, 0.126, 0.177, 0.219]
HR: [0.092, 0.161, 0.293, 0.43], NDCG: [0.092, 0.136, 0.194, 0.238]
HR: [0.075, 0.128, 0.235, 0.357], NDCG: [0.075, 0.108, 0.156, 0.195]
HR: [0.087 0.152 0.283 0.421], NDCG: [0.087 0.129 0.186 0.231]
====================Epoch  41 ====================
recommend loss 0.3810.
====================Epoch  42 ====================
recommend loss 0.3793.
====================Epoch  43 ====================
recommend loss 0.3766.
====================Epoch  44 ====================
recommend loss 0.3744.
====================Epoch  45 ====================
recommend loss 0.3723.
HR: [0.086, 0.15, 0.29, 0.437], NDCG: [0.086, 0.126, 0.189, 0.236]
HR: [0.088, 0.15, 0.263, 0.395], NDCG: [0.088, 0.127, 0.178, 0.22]
HR: [0.091, 0.156, 0.287, 0.424], NDCG: [0.091, 0.132, 0.19, 0.234]
HR: [0.075, 0.127, 0.234, 0.355], NDCG: [0.075, 0.108, 0.156, 0.194]
HR: [0.087 0.149 0.279 0.417], NDCG: [0.087 0.126 0.184 0.228]
====================Epoch  46 ====================
recommend loss 0.3700.
====================Epoch  47 ====================
recommend loss 0.3678.
====================Epoch  48 ====================
recommend loss 0.3656.
====================Epoch  49 ====================
recommend loss 0.3639.
====================Epoch  50 ====================
recommend loss 0.3609.
HR: [0.084, 0.147, 0.285, 0.431], NDCG: [0.084, 0.124, 0.185, 0.232]
HR: [0.09, 0.149, 0.262, 0.393], NDCG: [0.09, 0.127, 0.178, 0.22]
HR: [0.087, 0.153, 0.281, 0.416], NDCG: [0.087, 0.129, 0.185, 0.229]
HR: [0.076, 0.127, 0.235, 0.355], NDCG: [0.076, 0.108, 0.156, 0.195]
HR: [0.085 0.147 0.274 0.411], NDCG: [0.085 0.124 0.18  0.225]
====================Epoch  51 ====================
recommend loss 0.3590.
====================Epoch  52 ====================
recommend loss 0.3577.
====================Epoch  53 ====================
recommend loss 0.3548.
====================Epoch  54 ====================
recommend loss 0.3537.
====================Epoch  55 ====================
recommend loss 0.3510.
HR: [0.083, 0.143, 0.279, 0.426], NDCG: [0.083, 0.121, 0.181, 0.229]
HR: [0.09, 0.146, 0.265, 0.395], NDCG: [0.09, 0.126, 0.178, 0.22]
HR: [0.085, 0.147, 0.272, 0.407], NDCG: [0.085, 0.124, 0.18, 0.223]
HR: [0.075, 0.127, 0.233, 0.352], NDCG: [0.075, 0.108, 0.155, 0.193]
HR: [0.084 0.143 0.269 0.406], NDCG: [0.084 0.121 0.177 0.221]
====================Epoch  56 ====================
recommend loss 0.3496.
====================Epoch  57 ====================
recommend loss 0.3472.
====================Epoch  58 ====================
recommend loss 0.3469.
====================Epoch  59 ====================
recommend loss 0.3440.
====================Epoch  60 ====================
recommend loss 0.3422.
Traceback (most recent call last):
  File "CDATN.py", line 523, in <module>
    model_t._plot_tsne(users, items, au_embed, epoch)
  File "CDATN.py", line 135, in _plot_tsne
    sil_score = silhouette_score(points, labels)
  File "/home/zx/anaconda3/envs/ddpm/lib/python3.8/site-packages/sklearn/utils/_param_validation.py", line 214, in wrapper
    return func(*args, **kwargs)
  File "/home/zx/anaconda3/envs/ddpm/lib/python3.8/site-packages/sklearn/metrics/cluster/_unsupervised.py", line 130, in silhouette_score
    return np.mean(silhouette_samples(X, labels, metric=metric, **kwds))
  File "/home/zx/anaconda3/envs/ddpm/lib/python3.8/site-packages/sklearn/utils/_param_validation.py", line 187, in wrapper
    return func(*args, **kwargs)
  File "/home/zx/anaconda3/envs/ddpm/lib/python3.8/site-packages/sklearn/metrics/cluster/_unsupervised.py", line 257, in silhouette_samples
    X, labels = check_X_y(X, labels, accept_sparse=["csr"])
  File "/home/zx/anaconda3/envs/ddpm/lib/python3.8/site-packages/sklearn/utils/validation.py", line 1164, in check_X_y
    check_consistent_length(X, y)
  File "/home/zx/anaconda3/envs/ddpm/lib/python3.8/site-packages/sklearn/utils/validation.py", line 407, in check_consistent_length
    raise ValueError(
ValueError: Found input variables with inconsistent numbers of samples: [400, 399]
