Namespace(D=3, K_g=3, K_l=1, batch_size=512, embed_dim=32, init_lr=0.001, mapping=0, ratio=1, test_num_ng=99, topKs=[1, 2, 5, 10], train_num_ng=4)

================t Domain================
loading adjacency matrix
don't split the matrix

================a Domain================
loading adjacency matrix
don't split the matrix

================train================
Total number of param in CDATN is 620896
====================Epoch  0 ====================
recommend loss 0.6381.
HR: [0.088, 0.154, 0.293, 0.441], NDCG: [0.088, 0.13, 0.191, 0.239]
HR: [0.06, 0.097, 0.181, 0.285], NDCG: [0.06, 0.084, 0.12, 0.154]
HR: [0.1, 0.17, 0.307, 0.458], NDCG: [0.1, 0.144, 0.205, 0.254]
HR: [0.058, 0.098, 0.185, 0.287], NDCG: [0.058, 0.083, 0.122, 0.155]
HR: [0.085 0.146 0.271 0.41 ], NDCG: [0.085 0.124 0.179 0.224]
====================Epoch  1 ====================
recommend loss 0.5749.
====================Epoch  2 ====================
recommend loss 0.5522.
====================Epoch  3 ====================
recommend loss 0.5403.
====================Epoch  4 ====================
recommend loss 0.5291.
====================Epoch  5 ====================
recommend loss 0.5213.
HR: [0.077, 0.138, 0.263, 0.402], NDCG: [0.077, 0.116, 0.171, 0.216]
HR: [0.071, 0.121, 0.213, 0.331], NDCG: [0.071, 0.103, 0.144, 0.182]
HR: [0.091, 0.15, 0.284, 0.425], NDCG: [0.091, 0.128, 0.188, 0.233]
HR: [0.068, 0.115, 0.205, 0.321], NDCG: [0.068, 0.098, 0.138, 0.175]
HR: [0.08  0.138 0.258 0.392], NDCG: [0.08  0.117 0.17  0.213]
====================Epoch  6 ====================
recommend loss 0.5130.
====================Epoch  7 ====================
recommend loss 0.5061.
====================Epoch  8 ====================
recommend loss 0.4993.
====================Epoch  9 ====================
recommend loss 0.4934.
====================Epoch  10 ====================
recommend loss 0.4878.
HR: [0.087, 0.15, 0.28, 0.426], NDCG: [0.087, 0.127, 0.185, 0.232]
HR: [0.08, 0.134, 0.234, 0.354], NDCG: [0.08, 0.114, 0.158, 0.197]
HR: [0.095, 0.156, 0.294, 0.441], NDCG: [0.095, 0.134, 0.195, 0.242]
HR: [0.074, 0.119, 0.217, 0.33], NDCG: [0.074, 0.102, 0.146, 0.183]
HR: [0.088 0.146 0.272 0.411], NDCG: [0.088 0.125 0.181 0.225]
====================Epoch  11 ====================
recommend loss 0.4822.
====================Epoch  12 ====================
recommend loss 0.4773.
====================Epoch  13 ====================
recommend loss 0.4714.
====================Epoch  14 ====================
recommend loss 0.4670.
====================Epoch  15 ====================
recommend loss 0.4620.
HR: [0.089, 0.155, 0.295, 0.442], NDCG: [0.089, 0.131, 0.193, 0.24]
HR: [0.085, 0.141, 0.244, 0.37], NDCG: [0.085, 0.121, 0.166, 0.207]
HR: [0.097, 0.161, 0.297, 0.45], NDCG: [0.097, 0.137, 0.197, 0.247]
HR: [0.075, 0.125, 0.226, 0.337], NDCG: [0.075, 0.106, 0.151, 0.187]
HR: [0.09  0.152 0.281 0.423], NDCG: [0.09  0.129 0.186 0.232]
====================Epoch  16 ====================
recommend loss 0.4571.
====================Epoch  17 ====================
recommend loss 0.4529.
====================Epoch  18 ====================
recommend loss 0.4487.
====================Epoch  19 ====================
recommend loss 0.4448.
====================Epoch  20 ====================
recommend loss 0.4412.
HR: [0.089, 0.155, 0.296, 0.446], NDCG: [0.089, 0.131, 0.194, 0.242]
HR: [0.09, 0.145, 0.254, 0.378], NDCG: [0.09, 0.124, 0.173, 0.212]
HR: [0.096, 0.162, 0.299, 0.447], NDCG: [0.096, 0.138, 0.198, 0.246]
HR: [0.076, 0.128, 0.231, 0.345], NDCG: [0.076, 0.109, 0.155, 0.191]
HR: [0.09  0.153 0.284 0.426], NDCG: [0.09  0.13  0.188 0.233]
====================Epoch  21 ====================
recommend loss 0.4373.
====================Epoch  22 ====================
recommend loss 0.4338.
====================Epoch  23 ====================
recommend loss 0.4290.
====================Epoch  24 ====================
recommend loss 0.4255.
====================Epoch  25 ====================
recommend loss 0.4225.
HR: [0.088, 0.155, 0.295, 0.447], NDCG: [0.088, 0.13, 0.193, 0.242]
HR: [0.091, 0.147, 0.262, 0.385], NDCG: [0.091, 0.126, 0.177, 0.217]
HR: [0.095, 0.162, 0.295, 0.443], NDCG: [0.095, 0.137, 0.196, 0.244]
HR: [0.074, 0.129, 0.234, 0.348], NDCG: [0.074, 0.109, 0.155, 0.192]
HR: [0.089 0.153 0.283 0.426], NDCG: [0.089 0.129 0.187 0.233]
====================Epoch  26 ====================
recommend loss 0.4192.
====================Epoch  27 ====================
recommend loss 0.4162.
====================Epoch  28 ====================
recommend loss 0.4130.
====================Epoch  29 ====================
recommend loss 0.4094.
====================Epoch  30 ====================
recommend loss 0.4066.
HR: [0.086, 0.153, 0.294, 0.445], NDCG: [0.086, 0.128, 0.191, 0.24]
HR: [0.094, 0.15, 0.268, 0.391], NDCG: [0.094, 0.129, 0.182, 0.221]
HR: [0.094, 0.159, 0.293, 0.437], NDCG: [0.094, 0.135, 0.194, 0.241]
HR: [0.076, 0.131, 0.231, 0.349], NDCG: [0.076, 0.111, 0.155, 0.193]
HR: [0.089 0.152 0.283 0.423], NDCG: [0.089 0.129 0.186 0.232]
====================Epoch  31 ====================
recommend loss 0.4031.
====================Epoch  32 ====================
recommend loss 0.4006.
====================Epoch  33 ====================
recommend loss 0.3978.
====================Epoch  34 ====================
recommend loss 0.3943.
====================Epoch  35 ====================
recommend loss 0.3916.
HR: [0.086, 0.152, 0.291, 0.441], NDCG: [0.086, 0.128, 0.19, 0.238]
HR: [0.094, 0.152, 0.269, 0.395], NDCG: [0.094, 0.13, 0.183, 0.223]
HR: [0.092, 0.156, 0.29, 0.431], NDCG: [0.092, 0.132, 0.192, 0.237]
HR: [0.078, 0.13, 0.234, 0.352], NDCG: [0.078, 0.111, 0.157, 0.195]
HR: [0.088 0.151 0.281 0.42 ], NDCG: [0.088 0.128 0.186 0.23 ]
====================Epoch  36 ====================
recommend loss 0.3891.
====================Epoch  37 ====================
recommend loss 0.3865.
====================Epoch  38 ====================
recommend loss 0.3835.
====================Epoch  39 ====================
recommend loss 0.3816.
====================Epoch  40 ====================
recommend loss 0.3783.
HR: [0.085, 0.149, 0.289, 0.436], NDCG: [0.085, 0.126, 0.188, 0.235]
HR: [0.095, 0.154, 0.271, 0.396], NDCG: [0.095, 0.132, 0.184, 0.225]
HR: [0.091, 0.153, 0.285, 0.425], NDCG: [0.091, 0.13, 0.188, 0.233]
HR: [0.078, 0.131, 0.234, 0.351], NDCG: [0.078, 0.111, 0.157, 0.195]
HR: [0.088 0.149 0.278 0.416], NDCG: [0.088 0.126 0.184 0.228]
====================Epoch  41 ====================
recommend loss 0.3772.
====================Epoch  42 ====================
recommend loss 0.3736.
====================Epoch  43 ====================
recommend loss 0.3717.
====================Epoch  44 ====================
recommend loss 0.3691.
====================Epoch  45 ====================
recommend loss 0.3668.
HR: [0.084, 0.146, 0.284, 0.431], NDCG: [0.084, 0.123, 0.184, 0.232]
HR: [0.094, 0.155, 0.271, 0.395], NDCG: [0.094, 0.133, 0.185, 0.225]
HR: [0.088, 0.15, 0.279, 0.417], NDCG: [0.088, 0.127, 0.185, 0.229]
HR: [0.078, 0.13, 0.233, 0.35], NDCG: [0.078, 0.11, 0.156, 0.194]
HR: [0.086 0.147 0.274 0.411], NDCG: [0.086 0.124 0.181 0.225]
====================Epoch  46 ====================
recommend loss 0.3646.
====================Epoch  47 ====================
recommend loss 0.3626.
====================Epoch  48 ====================
recommend loss 0.3608.
====================Epoch  49 ====================
recommend loss 0.3591.
====================Epoch  50 ====================
recommend loss 0.3572.
HR: [0.081, 0.143, 0.279, 0.427], NDCG: [0.081, 0.12, 0.181, 0.228]
HR: [0.095, 0.155, 0.273, 0.396], NDCG: [0.095, 0.133, 0.185, 0.225]
HR: [0.086, 0.146, 0.272, 0.41], NDCG: [0.086, 0.124, 0.18, 0.224]
HR: [0.079, 0.128, 0.234, 0.352], NDCG: [0.079, 0.11, 0.157, 0.195]
HR: [0.084 0.144 0.27  0.407], NDCG: [0.084 0.122 0.178 0.222]
====================Epoch  51 ====================
recommend loss 0.3544.
====================Epoch  52 ====================
recommend loss 0.3519.
====================Epoch  53 ====================
recommend loss 0.3500.
====================Epoch  54 ====================
recommend loss 0.3483.
====================Epoch  55 ====================
recommend loss 0.3466.
HR: [0.081, 0.142, 0.275, 0.422], NDCG: [0.081, 0.119, 0.178, 0.226]
HR: [0.095, 0.154, 0.271, 0.398], NDCG: [0.095, 0.132, 0.185, 0.225]
HR: [0.085, 0.142, 0.263, 0.402], NDCG: [0.085, 0.121, 0.175, 0.22]
HR: [0.081, 0.128, 0.232, 0.352], NDCG: [0.081, 0.111, 0.157, 0.195]
HR: [0.084 0.142 0.264 0.403], NDCG: [0.084 0.12  0.175 0.22 ]
====================Epoch  56 ====================
recommend loss 0.3451.
====================Epoch  57 ====================
recommend loss 0.3429.
====================Epoch  58 ====================
recommend loss 0.3414.
====================Epoch  59 ====================
recommend loss 0.3394.
====================Epoch  60 ====================
recommend loss 0.3381.
HR: [0.079, 0.137, 0.27, 0.416], NDCG: [0.079, 0.116, 0.175, 0.222]
HR: [0.095, 0.153, 0.268, 0.396], NDCG: [0.095, 0.132, 0.183, 0.225]
HR: [0.081, 0.137, 0.259, 0.394], NDCG: [0.081, 0.116, 0.17, 0.214]
HR: [0.079, 0.13, 0.23, 0.349], NDCG: [0.079, 0.111, 0.156, 0.194]
HR: [0.082 0.138 0.26  0.397], NDCG: [0.082 0.117 0.172 0.216]
====================Epoch  61 ====================
recommend loss 0.3362.
====================Epoch  62 ====================
recommend loss 0.3347.
====================Epoch  63 ====================
recommend loss 0.3330.
====================Epoch  64 ====================
recommend loss 0.3311.
====================Epoch  65 ====================
recommend loss 0.3293.
HR: [0.077, 0.134, 0.265, 0.411], NDCG: [0.077, 0.113, 0.171, 0.218]
HR: [0.095, 0.154, 0.268, 0.398], NDCG: [0.095, 0.132, 0.183, 0.225]
HR: [0.077, 0.132, 0.252, 0.386], NDCG: [0.077, 0.112, 0.165, 0.209]
HR: [0.078, 0.126, 0.232, 0.347], NDCG: [0.078, 0.108, 0.156, 0.192]
HR: [0.079 0.135 0.256 0.392], NDCG: [0.079 0.114 0.168 0.212]
====================Epoch  66 ====================
recommend loss 0.3284.
====================Epoch  67 ====================
recommend loss 0.3267.
====================Epoch  68 ====================
recommend loss 0.3251.
====================Epoch  69 ====================
recommend loss 0.3231.
====================Epoch  70 ====================
recommend loss 0.3219.
HR: [0.074, 0.131, 0.26, 0.404], NDCG: [0.074, 0.11, 0.167, 0.214]
HR: [0.095, 0.152, 0.269, 0.394], NDCG: [0.095, 0.131, 0.183, 0.224]
HR: [0.074, 0.128, 0.245, 0.379], NDCG: [0.074, 0.108, 0.16, 0.203]
HR: [0.08, 0.128, 0.23, 0.345], NDCG: [0.08, 0.11, 0.155, 0.192]
HR: [0.077 0.132 0.252 0.386], NDCG: [0.077 0.112 0.165 0.208]
====================Epoch  71 ====================
recommend loss 0.3204.
====================Epoch  72 ====================
recommend loss 0.3187.
====================Epoch  73 ====================
recommend loss 0.3171.
====================Epoch  74 ====================
recommend loss 0.3159.
====================Epoch  75 ====================
recommend loss 0.3151.
HR: [0.073, 0.127, 0.254, 0.398], NDCG: [0.073, 0.107, 0.164, 0.21]
HR: [0.092, 0.151, 0.266, 0.395], NDCG: [0.092, 0.129, 0.181, 0.223]
HR: [0.072, 0.123, 0.238, 0.371], NDCG: [0.072, 0.104, 0.155, 0.198]
HR: [0.08, 0.129, 0.23, 0.344], NDCG: [0.08, 0.111, 0.156, 0.192]
HR: [0.076 0.129 0.246 0.381], NDCG: [0.076 0.109 0.162 0.205]
====================Epoch  76 ====================
recommend loss 0.3139.
====================Epoch  77 ====================
recommend loss 0.3122.
====================Epoch  78 ====================
recommend loss 0.3106.
====================Epoch  79 ====================
recommend loss 0.3091.
====================Epoch  80 ====================
recommend loss 0.3086.
HR: [0.072, 0.126, 0.249, 0.393], NDCG: [0.072, 0.106, 0.16, 0.207]
HR: [0.092, 0.152, 0.267, 0.393], NDCG: [0.092, 0.13, 0.181, 0.222]
HR: [0.069, 0.119, 0.233, 0.364], NDCG: [0.069, 0.101, 0.151, 0.194]
HR: [0.079, 0.126, 0.229, 0.345], NDCG: [0.079, 0.109, 0.154, 0.191]
HR: [0.074 0.126 0.242 0.376], NDCG: [0.074 0.107 0.158 0.202]
====================Epoch  81 ====================
recommend loss 0.3065.
====================Epoch  82 ====================
recommend loss 0.3055.
====================Epoch  83 ====================
recommend loss 0.3050.
====================Epoch  84 ====================
recommend loss 0.3038.
====================Epoch  85 ====================
recommend loss 0.3021.
HR: [0.068, 0.121, 0.245, 0.387], NDCG: [0.068, 0.101, 0.156, 0.202]
HR: [0.092, 0.154, 0.266, 0.391], NDCG: [0.092, 0.131, 0.181, 0.222]
HR: [0.066, 0.115, 0.227, 0.356], NDCG: [0.066, 0.097, 0.147, 0.188]
HR: [0.078, 0.125, 0.226, 0.342], NDCG: [0.078, 0.108, 0.153, 0.19]
HR: [0.071 0.123 0.238 0.37 ], NDCG: [0.071 0.104 0.155 0.197]
====================Epoch  86 ====================
recommend loss 0.3015.
====================Epoch  87 ====================
recommend loss 0.2998.
====================Epoch  88 ====================
recommend loss 0.2987.
====================Epoch  89 ====================
recommend loss 0.2973.
====================Epoch  90 ====================
recommend loss 0.2968.
HR: [0.066, 0.119, 0.24, 0.382], NDCG: [0.066, 0.099, 0.153, 0.199]
HR: [0.092, 0.15, 0.267, 0.39], NDCG: [0.092, 0.129, 0.181, 0.221]
HR: [0.064, 0.111, 0.222, 0.349], NDCG: [0.064, 0.094, 0.143, 0.184]
HR: [0.077, 0.125, 0.225, 0.34], NDCG: [0.077, 0.107, 0.152, 0.189]
HR: [0.07  0.12  0.234 0.365], NDCG: [0.07  0.102 0.152 0.195]
====================Epoch  91 ====================
recommend loss 0.2953.
====================Epoch  92 ====================
recommend loss 0.2948.
====================Epoch  93 ====================
recommend loss 0.2933.
====================Epoch  94 ====================
recommend loss 0.2918.
====================Epoch  95 ====================
recommend loss 0.2916.
HR: [0.063, 0.116, 0.236, 0.376], NDCG: [0.063, 0.096, 0.149, 0.194]
HR: [0.093, 0.15, 0.265, 0.389], NDCG: [0.093, 0.129, 0.181, 0.221]
HR: [0.061, 0.107, 0.216, 0.342], NDCG: [0.061, 0.09, 0.138, 0.179]
HR: [0.076, 0.126, 0.222, 0.339], NDCG: [0.076, 0.107, 0.15, 0.188]
HR: [0.067 0.118 0.23  0.36 ], NDCG: [0.067 0.099 0.149 0.191]
====================Epoch  96 ====================
recommend loss 0.2906.
====================Epoch  97 ====================
recommend loss 0.2887.
====================Epoch  98 ====================
recommend loss 0.2873.
====================Epoch  99 ====================
recommend loss 0.2884.
====================Epoch  100 ====================
recommend loss 0.2863.
HR: [0.062, 0.113, 0.231, 0.37], NDCG: [0.062, 0.094, 0.146, 0.191]
HR: [0.09, 0.148, 0.266, 0.389], NDCG: [0.09, 0.127, 0.179, 0.219]
HR: [0.059, 0.103, 0.209, 0.337], NDCG: [0.059, 0.087, 0.134, 0.175]
HR: [0.075, 0.124, 0.221, 0.339], NDCG: [0.075, 0.106, 0.149, 0.187]
HR: [0.066 0.115 0.225 0.356], NDCG: [0.066 0.097 0.146 0.188]
HR:[0.09  0.153 0.284 0.426], NDCG:[0.09  0.13  0.188 0.233]
batch_time 0.020710365664682314
