Namespace(D=3, K_g=3, K_l=1, batch_size=512, embed_dim=32, init_lr=0.001, mapping=0, ratio=1, test_num_ng=99, topKs=[1, 2, 5, 10], train_num_ng=4)

================t Domain================
loading adjacency matrix
don't split the matrix

================a Domain================
loading adjacency matrix
don't split the matrix

================train================
Total number of param in CDATN is 620896
====================Epoch  0 ====================
recommend loss 0.6226.
✅ Saved t-SNE visualization for epoch 0 to embedding_visualization/epoch_0.png
HR: [0.088, 0.155, 0.293, 0.444], NDCG: [0.088, 0.13, 0.192, 0.24]
HR: [0.061, 0.099, 0.19, 0.294], NDCG: [0.061, 0.085, 0.125, 0.159]
HR: [0.1, 0.167, 0.306, 0.457], NDCG: [0.1, 0.142, 0.204, 0.253]
HR: [0.059, 0.1, 0.187, 0.291], NDCG: [0.059, 0.085, 0.123, 0.157]
HR: [0.086 0.146 0.272 0.412], NDCG: [0.086 0.124 0.18  0.225]
====================Epoch  1 ====================
recommend loss 0.5662.
====================Epoch  2 ====================
recommend loss 0.5466.
====================Epoch  3 ====================
recommend loss 0.5344.
====================Epoch  4 ====================
recommend loss 0.5253.
====================Epoch  5 ====================
recommend loss 0.5180.
HR: [0.082, 0.144, 0.274, 0.414], NDCG: [0.082, 0.121, 0.179, 0.224]
HR: [0.068, 0.114, 0.219, 0.342], NDCG: [0.068, 0.097, 0.143, 0.183]
HR: [0.091, 0.152, 0.283, 0.429], NDCG: [0.091, 0.13, 0.188, 0.235]
HR: [0.068, 0.111, 0.207, 0.319], NDCG: [0.068, 0.095, 0.137, 0.174]
HR: [0.082 0.139 0.262 0.399], NDCG: [0.082 0.118 0.173 0.217]
====================Epoch  6 ====================
recommend loss 0.5107.
====================Epoch  7 ====================
recommend loss 0.5042.
====================Epoch  8 ====================
recommend loss 0.4979.
====================Epoch  9 ====================
recommend loss 0.4918.
====================Epoch  10 ====================
recommend loss 0.4870.
HR: [0.088, 0.156, 0.293, 0.436], NDCG: [0.088, 0.131, 0.192, 0.238]
HR: [0.074, 0.126, 0.237, 0.366], NDCG: [0.074, 0.107, 0.156, 0.197]
HR: [0.095, 0.161, 0.297, 0.442], NDCG: [0.095, 0.137, 0.197, 0.244]
HR: [0.073, 0.113, 0.215, 0.329], NDCG: [0.073, 0.098, 0.143, 0.18]
HR: [0.087 0.149 0.278 0.416], NDCG: [0.087 0.126 0.183 0.228]
====================Epoch  11 ====================
recommend loss 0.4817.
====================Epoch  12 ====================
recommend loss 0.4775.
====================Epoch  13 ====================
recommend loss 0.4712.
====================Epoch  14 ====================
recommend loss 0.4676.
====================Epoch  15 ====================
recommend loss 0.4627.
HR: [0.094, 0.164, 0.303, 0.448], NDCG: [0.094, 0.138, 0.2, 0.246]
HR: [0.079, 0.136, 0.247, 0.38], NDCG: [0.079, 0.115, 0.164, 0.207]
HR: [0.098, 0.164, 0.304, 0.454], NDCG: [0.098, 0.14, 0.202, 0.25]
HR: [0.073, 0.119, 0.219, 0.336], NDCG: [0.073, 0.102, 0.146, 0.184]
HR: [0.091 0.155 0.286 0.428], NDCG: [0.091 0.131 0.19  0.235]
====================Epoch  16 ====================
recommend loss 0.4599.
====================Epoch  17 ====================
recommend loss 0.4548.
====================Epoch  18 ====================
recommend loss 0.4514.
====================Epoch  19 ====================
recommend loss 0.4472.
====================Epoch  20 ====================
recommend loss 0.4428.
✅ Saved t-SNE visualization for epoch 20 to embedding_visualization/epoch_20.png
HR: [0.094, 0.164, 0.306, 0.454], NDCG: [0.094, 0.138, 0.202, 0.249]
HR: [0.083, 0.141, 0.259, 0.39], NDCG: [0.083, 0.119, 0.172, 0.214]
HR: [0.098, 0.166, 0.307, 0.456], NDCG: [0.098, 0.141, 0.204, 0.252]
HR: [0.074, 0.12, 0.219, 0.338], NDCG: [0.074, 0.103, 0.147, 0.185]
HR: [0.092 0.156 0.29  0.432], NDCG: [0.092 0.132 0.192 0.238]
====================Epoch  21 ====================
recommend loss 0.4395.
====================Epoch  22 ====================
recommend loss 0.4358.
====================Epoch  23 ====================
recommend loss 0.4323.
====================Epoch  24 ====================
recommend loss 0.4288.
====================Epoch  25 ====================
recommend loss 0.4261.
HR: [0.091, 0.163, 0.309, 0.457], NDCG: [0.091, 0.136, 0.201, 0.249]
HR: [0.086, 0.148, 0.262, 0.395], NDCG: [0.086, 0.125, 0.175, 0.218]
HR: [0.098, 0.165, 0.309, 0.457], NDCG: [0.098, 0.14, 0.204, 0.252]
HR: [0.076, 0.122, 0.223, 0.337], NDCG: [0.076, 0.105, 0.15, 0.187]
HR: [0.091 0.157 0.293 0.434], NDCG: [0.091 0.132 0.193 0.239]
====================Epoch  26 ====================
recommend loss 0.4218.
====================Epoch  27 ====================
recommend loss 0.4192.
====================Epoch  28 ====================
recommend loss 0.4149.
====================Epoch  29 ====================
recommend loss 0.4124.
====================Epoch  30 ====================
recommend loss 0.4091.
HR: [0.092, 0.16, 0.303, 0.454], NDCG: [0.092, 0.135, 0.199, 0.247]
HR: [0.089, 0.15, 0.27, 0.398], NDCG: [0.089, 0.128, 0.181, 0.222]
HR: [0.097, 0.165, 0.303, 0.454], NDCG: [0.097, 0.14, 0.201, 0.25]
HR: [0.079, 0.123, 0.224, 0.338], NDCG: [0.079, 0.107, 0.151, 0.188]
HR: [0.092 0.156 0.289 0.433], NDCG: [0.092 0.132 0.192 0.238]
====================Epoch  31 ====================
recommend loss 0.4059.
====================Epoch  32 ====================
recommend loss 0.4032.
====================Epoch  33 ====================
recommend loss 0.4001.
====================Epoch  34 ====================
recommend loss 0.3975.
====================Epoch  35 ====================
recommend loss 0.3948.
HR: [0.09, 0.158, 0.297, 0.449], NDCG: [0.09, 0.133, 0.195, 0.243]
HR: [0.09, 0.152, 0.269, 0.398], NDCG: [0.09, 0.129, 0.181, 0.223]
HR: [0.095, 0.162, 0.3, 0.447], NDCG: [0.095, 0.138, 0.199, 0.246]
HR: [0.074, 0.124, 0.224, 0.339], NDCG: [0.074, 0.106, 0.15, 0.187]
HR: [0.09  0.154 0.286 0.428], NDCG: [0.09  0.131 0.189 0.235]
====================Epoch  36 ====================
recommend loss 0.3922.
====================Epoch  37 ====================
recommend loss 0.3898.
====================Epoch  38 ====================
recommend loss 0.3866.
====================Epoch  39 ====================
recommend loss 0.3835.
====================Epoch  40 ====================
recommend loss 0.3823.
✅ Saved t-SNE visualization for epoch 40 to embedding_visualization/epoch_40.png
HR: [0.086, 0.153, 0.29, 0.443], NDCG: [0.086, 0.128, 0.189, 0.239]
HR: [0.091, 0.151, 0.273, 0.399], NDCG: [0.091, 0.129, 0.183, 0.224]
HR: [0.093, 0.158, 0.293, 0.44], NDCG: [0.093, 0.134, 0.194, 0.241]
HR: [0.073, 0.124, 0.225, 0.337], NDCG: [0.073, 0.105, 0.15, 0.186]
HR: [0.088 0.151 0.281 0.423], NDCG: [0.088 0.127 0.185 0.231]
====================Epoch  41 ====================
recommend loss 0.3797.
====================Epoch  42 ====================
recommend loss 0.3776.
====================Epoch  43 ====================
recommend loss 0.3746.
====================Epoch  44 ====================
recommend loss 0.3726.
====================Epoch  45 ====================
recommend loss 0.3701.
HR: [0.083, 0.149, 0.284, 0.435], NDCG: [0.083, 0.125, 0.185, 0.233]
HR: [0.092, 0.153, 0.274, 0.399], NDCG: [0.092, 0.13, 0.184, 0.224]
HR: [0.09, 0.154, 0.287, 0.432], NDCG: [0.09, 0.13, 0.189, 0.236]
HR: [0.074, 0.122, 0.222, 0.339], NDCG: [0.074, 0.104, 0.149, 0.186]
HR: [0.086 0.148 0.276 0.417], NDCG: [0.086 0.125 0.182 0.227]
====================Epoch  46 ====================
recommend loss 0.3684.
====================Epoch  47 ====================
recommend loss 0.3650.
====================Epoch  48 ====================
recommend loss 0.3630.
====================Epoch  49 ====================
recommend loss 0.3619.
====================Epoch  50 ====================
recommend loss 0.3590.
HR: [0.082, 0.146, 0.279, 0.429], NDCG: [0.082, 0.122, 0.181, 0.229]
HR: [0.092, 0.154, 0.272, 0.402], NDCG: [0.092, 0.131, 0.184, 0.225]
HR: [0.088, 0.149, 0.278, 0.424], NDCG: [0.088, 0.127, 0.184, 0.231]
HR: [0.073, 0.121, 0.223, 0.34], NDCG: [0.073, 0.104, 0.148, 0.186]
HR: [0.084 0.145 0.271 0.413], NDCG: [0.084 0.123 0.178 0.224]
====================Epoch  51 ====================
recommend loss 0.3582.
====================Epoch  52 ====================
recommend loss 0.3557.
====================Epoch  53 ====================
recommend loss 0.3525.
====================Epoch  54 ====================
recommend loss 0.3514.
====================Epoch  55 ====================
recommend loss 0.3498.
HR: [0.08, 0.141, 0.272, 0.422], NDCG: [0.08, 0.119, 0.177, 0.225]
HR: [0.094, 0.154, 0.272, 0.404], NDCG: [0.094, 0.132, 0.184, 0.227]
HR: [0.085, 0.146, 0.272, 0.415], NDCG: [0.085, 0.123, 0.179, 0.226]
HR: [0.072, 0.122, 0.221, 0.341], NDCG: [0.072, 0.104, 0.148, 0.186]
HR: [0.082 0.142 0.265 0.407], NDCG: [0.082 0.12  0.175 0.221]
====================Epoch  56 ====================
recommend loss 0.3474.
====================Epoch  57 ====================
recommend loss 0.3452.
====================Epoch  58 ====================
recommend loss 0.3439.
====================Epoch  59 ====================
recommend loss 0.3415.
====================Epoch  60 ====================
recommend loss 0.3400.
✅ Saved t-SNE visualization for epoch 60 to embedding_visualization/epoch_60.png
HR: [0.077, 0.137, 0.266, 0.415], NDCG: [0.077, 0.115, 0.173, 0.22]
HR: [0.092, 0.154, 0.273, 0.401], NDCG: [0.092, 0.131, 0.184, 0.225]
HR: [0.081, 0.14, 0.265, 0.408], NDCG: [0.081, 0.118, 0.174, 0.22]
HR: [0.072, 0.121, 0.221, 0.341], NDCG: [0.072, 0.103, 0.147, 0.186]
HR: [0.08  0.138 0.261 0.401], NDCG: [0.08  0.116 0.171 0.216]
====================Epoch  61 ====================
recommend loss 0.3389.
====================Epoch  62 ====================
recommend loss 0.3366.
====================Epoch  63 ====================
recommend loss 0.3355.
====================Epoch  64 ====================
recommend loss 0.3331.
====================Epoch  65 ====================
recommend loss 0.3324.
HR: [0.075, 0.133, 0.26, 0.406], NDCG: [0.075, 0.112, 0.168, 0.215]
HR: [0.092, 0.153, 0.271, 0.401], NDCG: [0.092, 0.131, 0.183, 0.225]
HR: [0.079, 0.134, 0.258, 0.401], NDCG: [0.079, 0.114, 0.169, 0.215]
HR: [0.071, 0.119, 0.221, 0.339], NDCG: [0.071, 0.101, 0.147, 0.185]
HR: [0.078 0.134 0.256 0.395], NDCG: [0.078 0.114 0.167 0.212]
====================Epoch  66 ====================
recommend loss 0.3298.
====================Epoch  67 ====================
recommend loss 0.3290.
====================Epoch  68 ====================
recommend loss 0.3271.
====================Epoch  69 ====================
recommend loss 0.3260.
====================Epoch  70 ====================
recommend loss 0.3247.
HR: [0.072, 0.128, 0.255, 0.398], NDCG: [0.072, 0.107, 0.164, 0.21]
HR: [0.091, 0.149, 0.273, 0.399], NDCG: [0.091, 0.128, 0.182, 0.223]
HR: [0.076, 0.13, 0.251, 0.392], NDCG: [0.076, 0.11, 0.164, 0.209]
HR: [0.07, 0.117, 0.221, 0.338], NDCG: [0.07, 0.1, 0.146, 0.184]
HR: [0.075 0.13  0.251 0.388], NDCG: [0.075 0.11  0.164 0.208]
====================Epoch  71 ====================
recommend loss 0.3225.
====================Epoch  72 ====================
recommend loss 0.3214.
====================Epoch  73 ====================
recommend loss 0.3199.
====================Epoch  74 ====================
recommend loss 0.3181.
====================Epoch  75 ====================
recommend loss 0.3167.
HR: [0.069, 0.124, 0.248, 0.393], NDCG: [0.069, 0.104, 0.159, 0.206]
HR: [0.09, 0.15, 0.27, 0.398], NDCG: [0.09, 0.128, 0.181, 0.223]
HR: [0.071, 0.125, 0.244, 0.383], NDCG: [0.071, 0.105, 0.158, 0.203]
HR: [0.07, 0.118, 0.22, 0.337], NDCG: [0.07, 0.1, 0.146, 0.183]
HR: [0.072 0.127 0.245 0.383], NDCG: [0.072 0.107 0.16  0.204]
====================Epoch  76 ====================
recommend loss 0.3158.
====================Epoch  77 ====================
recommend loss 0.3145.
====================Epoch  78 ====================
recommend loss 0.3122.
====================Epoch  79 ====================
recommend loss 0.3106.
====================Epoch  80 ====================
recommend loss 0.3109.
✅ Saved t-SNE visualization for epoch 80 to embedding_visualization/epoch_80.png
HR: [0.067, 0.121, 0.242, 0.386], NDCG: [0.067, 0.101, 0.155, 0.202]
HR: [0.091, 0.149, 0.271, 0.396], NDCG: [0.091, 0.128, 0.182, 0.222]
HR: [0.069, 0.12, 0.237, 0.375], NDCG: [0.069, 0.101, 0.153, 0.197]
HR: [0.069, 0.117, 0.219, 0.334], NDCG: [0.069, 0.099, 0.145, 0.182]
HR: [0.071 0.123 0.241 0.376], NDCG: [0.071 0.104 0.156 0.2  ]
====================Epoch  81 ====================
recommend loss 0.3089.
====================Epoch  82 ====================
recommend loss 0.3083.
====================Epoch  83 ====================
recommend loss 0.3072.
====================Epoch  84 ====================
recommend loss 0.3062.
====================Epoch  85 ====================
recommend loss 0.3043.
HR: [0.064, 0.117, 0.238, 0.379], NDCG: [0.064, 0.098, 0.151, 0.197]
HR: [0.092, 0.15, 0.266, 0.393], NDCG: [0.092, 0.128, 0.18, 0.221]
HR: [0.064, 0.115, 0.231, 0.367], NDCG: [0.064, 0.097, 0.148, 0.191]
HR: [0.068, 0.116, 0.218, 0.334], NDCG: [0.068, 0.098, 0.144, 0.181]
HR: [0.068 0.12  0.236 0.37 ], NDCG: [0.068 0.101 0.152 0.195]
====================Epoch  86 ====================
recommend loss 0.3026.
====================Epoch  87 ====================
recommend loss 0.3016.
====================Epoch  88 ====================
recommend loss 0.3003.
====================Epoch  89 ====================
recommend loss 0.3004.
====================Epoch  90 ====================
recommend loss 0.2987.
HR: [0.062, 0.113, 0.233, 0.374], NDCG: [0.062, 0.094, 0.148, 0.193]
HR: [0.091, 0.148, 0.267, 0.392], NDCG: [0.091, 0.127, 0.18, 0.22]
HR: [0.061, 0.111, 0.223, 0.36], NDCG: [0.061, 0.093, 0.142, 0.186]
HR: [0.069, 0.115, 0.216, 0.331], NDCG: [0.069, 0.098, 0.143, 0.18]
HR: [0.066 0.117 0.231 0.365], NDCG: [0.066 0.098 0.149 0.192]
====================Epoch  91 ====================
recommend loss 0.2966.
====================Epoch  92 ====================
recommend loss 0.2968.
====================Epoch  93 ====================
recommend loss 0.2955.
====================Epoch  94 ====================
recommend loss 0.2944.
====================Epoch  95 ====================
recommend loss 0.2933.
HR: [0.061, 0.111, 0.228, 0.368], NDCG: [0.061, 0.092, 0.145, 0.19]
HR: [0.09, 0.146, 0.266, 0.391], NDCG: [0.09, 0.125, 0.179, 0.219]
HR: [0.059, 0.107, 0.216, 0.351], NDCG: [0.059, 0.089, 0.137, 0.181]
HR: [0.071, 0.115, 0.215, 0.327], NDCG: [0.071, 0.099, 0.143, 0.18]
HR: [0.065 0.114 0.226 0.359], NDCG: [0.065 0.096 0.146 0.189]
====================Epoch  96 ====================
recommend loss 0.2921.
====================Epoch  97 ====================
recommend loss 0.2914.
====================Epoch  98 ====================
recommend loss 0.2900.
====================Epoch  99 ====================
recommend loss 0.2890.
====================Epoch  100 ====================
recommend loss 0.2879.
✅ Saved t-SNE visualization for epoch 100 to embedding_visualization/epoch_100.png
HR: [0.058, 0.109, 0.224, 0.362], NDCG: [0.058, 0.09, 0.141, 0.186]
HR: [0.088, 0.145, 0.267, 0.39], NDCG: [0.088, 0.124, 0.178, 0.218]
HR: [0.056, 0.103, 0.211, 0.344], NDCG: [0.056, 0.086, 0.133, 0.176]
HR: [0.07, 0.113, 0.216, 0.329], NDCG: [0.07, 0.097, 0.143, 0.179]
HR: [0.062 0.111 0.223 0.354], NDCG: [0.062 0.093 0.143 0.185]
HR:[0.091 0.157 0.293 0.434], NDCG:[0.091 0.132 0.193 0.239]
batch_time 0.04093820191883112
