Namespace(D=3, K_g=3, K_l=1, batch_size=512, embed_dim=32, init_lr=0.001, mapping=0, ratio=1, test_num_ng=99, topKs=[1, 2, 5, 10], train_num_ng=4)

================t Domain================
loading adjacency matrix
don't split the matrix

================a Domain================
loading adjacency matrix
don't split the matrix

================train================
Total number of param in CDATN is 620896
====================Epoch  0 ====================
recommend loss 0.8309.
HR: [0.099, 0.174, 0.318, 0.475], NDCG: [0.099, 0.146, 0.21, 0.261]
HR: [0.035, 0.059, 0.12, 0.198], NDCG: [0.035, 0.05, 0.077, 0.102]
HR: [0.097, 0.17, 0.309, 0.457], NDCG: [0.097, 0.143, 0.205, 0.252]
HR: [0.026, 0.044, 0.089, 0.158], NDCG: [0.026, 0.037, 0.057, 0.079]
HR: [0.081 0.142 0.262 0.395], NDCG: [0.081 0.12  0.173 0.216]
====================Epoch  1 ====================
recommend loss 0.7164.
====================Epoch  2 ====================
recommend loss 0.6475.
====================Epoch  3 ====================
recommend loss 0.6001.
====================Epoch  4 ====================
recommend loss 0.5642.
====================Epoch  5 ====================
recommend loss 0.5349.
HR: [0.09, 0.156, 0.293, 0.437], NDCG: [0.09, 0.132, 0.192, 0.239]
HR: [0.093, 0.15, 0.251, 0.357], NDCG: [0.093, 0.129, 0.174, 0.208]
HR: [0.092, 0.158, 0.29, 0.437], NDCG: [0.092, 0.134, 0.192, 0.24]
HR: [0.056, 0.09, 0.161, 0.251], NDCG: [0.056, 0.078, 0.109, 0.138]
HR: [0.087 0.148 0.27  0.404], NDCG: [0.087 0.125 0.179 0.223]
====================Epoch  6 ====================
recommend loss 0.5086.
====================Epoch  7 ====================
recommend loss 0.4886.
====================Epoch  8 ====================
recommend loss 0.4700.
====================Epoch  9 ====================
recommend loss 0.4529.
====================Epoch  10 ====================
recommend loss 0.4380.
HR: [0.092, 0.158, 0.295, 0.442], NDCG: [0.092, 0.134, 0.195, 0.242]
HR: [0.115, 0.175, 0.285, 0.403], NDCG: [0.115, 0.153, 0.202, 0.24]
HR: [0.092, 0.156, 0.289, 0.437], NDCG: [0.092, 0.132, 0.192, 0.239]
HR: [0.064, 0.103, 0.185, 0.288], NDCG: [0.064, 0.089, 0.125, 0.158]
HR: [0.091 0.152 0.277 0.416], NDCG: [0.091 0.13  0.186 0.23 ]
====================Epoch  11 ====================
recommend loss 0.4259.
====================Epoch  12 ====================
recommend loss 0.4153.
====================Epoch  13 ====================
recommend loss 0.4039.
====================Epoch  14 ====================
recommend loss 0.3941.
====================Epoch  15 ====================
recommend loss 0.3851.
HR: [0.093, 0.159, 0.297, 0.445], NDCG: [0.093, 0.135, 0.196, 0.244]
HR: [0.115, 0.183, 0.298, 0.415], NDCG: [0.115, 0.158, 0.209, 0.247]
HR: [0.091, 0.155, 0.288, 0.433], NDCG: [0.091, 0.131, 0.191, 0.237]
HR: [0.069, 0.106, 0.194, 0.303], NDCG: [0.069, 0.092, 0.131, 0.167]
HR: [0.092 0.153 0.281 0.419], NDCG: [0.092 0.131 0.187 0.232]
====================Epoch  16 ====================
recommend loss 0.3772.
====================Epoch  17 ====================
recommend loss 0.3696.
====================Epoch  18 ====================
recommend loss 0.3623.
====================Epoch  19 ====================
recommend loss 0.3575.
====================Epoch  20 ====================
recommend loss 0.3513.
HR: [0.093, 0.157, 0.297, 0.445], NDCG: [0.093, 0.133, 0.196, 0.243]
HR: [0.113, 0.182, 0.299, 0.42], NDCG: [0.113, 0.156, 0.209, 0.248]
HR: [0.09, 0.155, 0.286, 0.427], NDCG: [0.09, 0.131, 0.189, 0.235]
HR: [0.068, 0.104, 0.199, 0.313], NDCG: [0.068, 0.091, 0.133, 0.169]
HR: [0.091 0.152 0.281 0.418], NDCG: [0.091 0.13  0.187 0.231]
====================Epoch  21 ====================
recommend loss 0.3450.
====================Epoch  22 ====================
recommend loss 0.3395.
====================Epoch  23 ====================
recommend loss 0.3355.
====================Epoch  24 ====================
recommend loss 0.3309.
====================Epoch  25 ====================
recommend loss 0.3271.
HR: [0.093, 0.156, 0.296, 0.444], NDCG: [0.093, 0.133, 0.195, 0.243]
HR: [0.11, 0.177, 0.294, 0.414], NDCG: [0.11, 0.152, 0.205, 0.243]
HR: [0.088, 0.152, 0.28, 0.421], NDCG: [0.088, 0.128, 0.185, 0.231]
HR: [0.066, 0.107, 0.196, 0.308], NDCG: [0.066, 0.092, 0.132, 0.168]
HR: [0.09  0.151 0.277 0.414], NDCG: [0.09  0.128 0.184 0.229]
====================Epoch  26 ====================
recommend loss 0.3221.
====================Epoch  27 ====================
recommend loss 0.3189.
====================Epoch  28 ====================
recommend loss 0.3139.
====================Epoch  29 ====================
recommend loss 0.3119.
====================Epoch  30 ====================
recommend loss 0.3088.
HR: [0.092, 0.156, 0.296, 0.441], NDCG: [0.092, 0.133, 0.195, 0.241]
HR: [0.108, 0.17, 0.292, 0.412], NDCG: [0.108, 0.148, 0.202, 0.241]
HR: [0.086, 0.148, 0.276, 0.416], NDCG: [0.086, 0.125, 0.182, 0.227]
HR: [0.066, 0.104, 0.196, 0.304], NDCG: [0.066, 0.09, 0.131, 0.166]
HR: [0.088 0.148 0.275 0.411], NDCG: [0.088 0.126 0.183 0.226]
====================Epoch  31 ====================
recommend loss 0.3048.
====================Epoch  32 ====================
recommend loss 0.3029.
====================Epoch  33 ====================
recommend loss 0.3000.
====================Epoch  34 ====================
recommend loss 0.2968.
====================Epoch  35 ====================
recommend loss 0.2947.
HR: [0.091, 0.155, 0.294, 0.436], NDCG: [0.091, 0.131, 0.193, 0.239]
HR: [0.102, 0.169, 0.291, 0.412], NDCG: [0.102, 0.144, 0.198, 0.237]
HR: [0.082, 0.144, 0.27, 0.406], NDCG: [0.082, 0.121, 0.177, 0.221]
HR: [0.064, 0.103, 0.196, 0.303], NDCG: [0.064, 0.089, 0.13, 0.164]
HR: [0.085 0.146 0.272 0.405], NDCG: [0.085 0.123 0.179 0.222]
====================Epoch  36 ====================
recommend loss 0.2915.
====================Epoch  37 ====================
recommend loss 0.2889.
====================Epoch  38 ====================
recommend loss 0.2867.
====================Epoch  39 ====================
recommend loss 0.2851.
====================Epoch  40 ====================
recommend loss 0.2832.
HR: [0.091, 0.152, 0.289, 0.433], NDCG: [0.091, 0.13, 0.191, 0.237]
HR: [0.103, 0.167, 0.286, 0.41], NDCG: [0.103, 0.143, 0.196, 0.236]
HR: [0.081, 0.14, 0.264, 0.397], NDCG: [0.081, 0.118, 0.174, 0.216]
HR: [0.061, 0.102, 0.192, 0.299], NDCG: [0.061, 0.087, 0.127, 0.161]
HR: [0.085 0.143 0.267 0.4  ], NDCG: [0.085 0.121 0.177 0.219]
====================Epoch  41 ====================
recommend loss 0.2816.
====================Epoch  42 ====================
recommend loss 0.2791.
====================Epoch  43 ====================
recommend loss 0.2773.
====================Epoch  44 ====================
recommend loss 0.2762.
====================Epoch  45 ====================
recommend loss 0.2742.
HR: [0.09, 0.151, 0.286, 0.43], NDCG: [0.09, 0.128, 0.188, 0.235]
HR: [0.099, 0.163, 0.283, 0.405], NDCG: [0.099, 0.139, 0.193, 0.232]
HR: [0.079, 0.138, 0.258, 0.392], NDCG: [0.079, 0.116, 0.17, 0.213]
HR: [0.06, 0.101, 0.189, 0.294], NDCG: [0.06, 0.086, 0.125, 0.159]
HR: [0.083 0.141 0.263 0.395], NDCG: [0.083 0.119 0.174 0.217]
====================Epoch  46 ====================
recommend loss 0.2723.
====================Epoch  47 ====================
recommend loss 0.2710.
====================Epoch  48 ====================
recommend loss 0.2692.
====================Epoch  49 ====================
recommend loss 0.2684.
====================Epoch  50 ====================
recommend loss 0.2661.
HR: [0.087, 0.149, 0.283, 0.429], NDCG: [0.087, 0.126, 0.186, 0.232]
HR: [0.096, 0.157, 0.28, 0.4], NDCG: [0.096, 0.134, 0.189, 0.228]
HR: [0.076, 0.134, 0.254, 0.385], NDCG: [0.076, 0.113, 0.166, 0.208]
HR: [0.059, 0.099, 0.189, 0.294], NDCG: [0.059, 0.084, 0.124, 0.158]
HR: [0.08  0.138 0.26  0.392], NDCG: [0.08  0.117 0.171 0.213]
====================Epoch  51 ====================
recommend loss 0.2655.
====================Epoch  52 ====================
recommend loss 0.2641.
====================Epoch  53 ====================
recommend loss 0.2636.
====================Epoch  54 ====================
recommend loss 0.2615.
====================Epoch  55 ====================
recommend loss 0.2603.
HR: [0.086, 0.147, 0.277, 0.424], NDCG: [0.086, 0.124, 0.183, 0.23]
HR: [0.094, 0.153, 0.277, 0.396], NDCG: [0.094, 0.131, 0.187, 0.225]
HR: [0.075, 0.132, 0.249, 0.378], NDCG: [0.075, 0.111, 0.163, 0.204]
HR: [0.06, 0.099, 0.187, 0.292], NDCG: [0.06, 0.085, 0.124, 0.157]
HR: [0.079 0.136 0.255 0.386], NDCG: [0.079 0.115 0.168 0.21 ]
====================Epoch  56 ====================
recommend loss 0.2595.
====================Epoch  57 ====================
recommend loss 0.2581.
====================Epoch  58 ====================
recommend loss 0.2570.
====================Epoch  59 ====================
recommend loss 0.2565.
====================Epoch  60 ====================
recommend loss 0.2556.
HR: [0.087, 0.146, 0.277, 0.42], NDCG: [0.087, 0.124, 0.182, 0.229]
HR: [0.092, 0.151, 0.273, 0.395], NDCG: [0.092, 0.129, 0.184, 0.223]
HR: [0.074, 0.128, 0.245, 0.372], NDCG: [0.074, 0.108, 0.16, 0.201]
HR: [0.056, 0.098, 0.185, 0.29], NDCG: [0.056, 0.082, 0.121, 0.155]
HR: [0.079 0.134 0.253 0.382], NDCG: [0.079 0.113 0.166 0.208]
====================Epoch  61 ====================
recommend loss 0.2548.
====================Epoch  62 ====================
recommend loss 0.2538.
====================Epoch  63 ====================
recommend loss 0.2518.
====================Epoch  64 ====================
recommend loss 0.2518.
====================Epoch  65 ====================
recommend loss 0.2505.
HR: [0.085, 0.144, 0.275, 0.416], NDCG: [0.085, 0.122, 0.18, 0.226]
HR: [0.091, 0.15, 0.273, 0.393], NDCG: [0.091, 0.128, 0.183, 0.222]
HR: [0.072, 0.127, 0.242, 0.368], NDCG: [0.072, 0.107, 0.158, 0.198]
HR: [0.056, 0.096, 0.183, 0.293], NDCG: [0.056, 0.081, 0.12, 0.155]
HR: [0.077 0.132 0.251 0.379], NDCG: [0.077 0.112 0.164 0.206]
====================Epoch  66 ====================
recommend loss 0.2509.
====================Epoch  67 ====================
recommend loss 0.2489.
====================Epoch  68 ====================
recommend loss 0.2489.
====================Epoch  69 ====================
recommend loss 0.2476.
====================Epoch  70 ====================
recommend loss 0.2465.
HR: [0.084, 0.142, 0.271, 0.412], NDCG: [0.084, 0.121, 0.178, 0.223]
HR: [0.089, 0.146, 0.269, 0.392], NDCG: [0.089, 0.125, 0.18, 0.22]
HR: [0.071, 0.124, 0.238, 0.363], NDCG: [0.071, 0.105, 0.155, 0.195]
HR: [0.056, 0.095, 0.181, 0.289], NDCG: [0.056, 0.08, 0.119, 0.154]
HR: [0.076 0.13  0.247 0.375], NDCG: [0.076 0.11  0.162 0.203]
====================Epoch  71 ====================
recommend loss 0.2455.
====================Epoch  72 ====================
recommend loss 0.2448.
====================Epoch  73 ====================
recommend loss 0.2447.
====================Epoch  74 ====================
recommend loss 0.2442.
====================Epoch  75 ====================
recommend loss 0.2434.
HR: [0.082, 0.141, 0.269, 0.41], NDCG: [0.082, 0.119, 0.176, 0.222]
HR: [0.088, 0.145, 0.268, 0.39], NDCG: [0.088, 0.124, 0.179, 0.218]
HR: [0.071, 0.122, 0.234, 0.359], NDCG: [0.071, 0.103, 0.153, 0.193]
HR: [0.055, 0.093, 0.181, 0.286], NDCG: [0.055, 0.079, 0.118, 0.152]
HR: [0.075 0.128 0.244 0.373], NDCG: [0.075 0.108 0.16  0.202]
====================Epoch  76 ====================
recommend loss 0.2431.
====================Epoch  77 ====================
recommend loss 0.2419.
====================Epoch  78 ====================
recommend loss 0.2414.
====================Epoch  79 ====================
recommend loss 0.2408.
====================Epoch  80 ====================
recommend loss 0.2400.
HR: [0.082, 0.14, 0.266, 0.407], NDCG: [0.082, 0.119, 0.175, 0.22]
HR: [0.086, 0.142, 0.264, 0.387], NDCG: [0.086, 0.122, 0.176, 0.216]
HR: [0.069, 0.121, 0.231, 0.355], NDCG: [0.069, 0.102, 0.15, 0.19]
HR: [0.054, 0.091, 0.18, 0.285], NDCG: [0.054, 0.077, 0.117, 0.15]
HR: [0.074 0.127 0.242 0.369], NDCG: [0.074 0.108 0.158 0.199]
====================Epoch  81 ====================
recommend loss 0.2396.
====================Epoch  82 ====================
recommend loss 0.2389.
====================Epoch  83 ====================
recommend loss 0.2382.
====================Epoch  84 ====================
recommend loss 0.2376.
====================Epoch  85 ====================
recommend loss 0.2378.
HR: [0.081, 0.139, 0.264, 0.404], NDCG: [0.081, 0.117, 0.173, 0.218]
HR: [0.088, 0.143, 0.261, 0.385], NDCG: [0.088, 0.123, 0.175, 0.215]
HR: [0.068, 0.118, 0.228, 0.349], NDCG: [0.068, 0.099, 0.148, 0.187]
HR: [0.055, 0.092, 0.178, 0.284], NDCG: [0.055, 0.078, 0.116, 0.15]
HR: [0.074 0.126 0.239 0.366], NDCG: [0.074 0.106 0.156 0.197]
====================Epoch  86 ====================
recommend loss 0.2365.
====================Epoch  87 ====================
recommend loss 0.2370.
====================Epoch  88 ====================
recommend loss 0.2362.
====================Epoch  89 ====================
recommend loss 0.2352.
====================Epoch  90 ====================
recommend loss 0.2356.
HR: [0.08, 0.137, 0.262, 0.402], NDCG: [0.08, 0.116, 0.172, 0.217]
HR: [0.086, 0.143, 0.262, 0.383], NDCG: [0.086, 0.122, 0.175, 0.214]
HR: [0.066, 0.115, 0.225, 0.345], NDCG: [0.066, 0.097, 0.146, 0.184]
HR: [0.054, 0.09, 0.175, 0.282], NDCG: [0.054, 0.077, 0.114, 0.149]
HR: [0.072 0.123 0.237 0.363], NDCG: [0.072 0.105 0.155 0.195]
====================Epoch  91 ====================
recommend loss 0.2344.
====================Epoch  92 ====================
recommend loss 0.2347.
====================Epoch  93 ====================
recommend loss 0.2343.
====================Epoch  94 ====================
recommend loss 0.2336.
====================Epoch  95 ====================
recommend loss 0.2327.
HR: [0.079, 0.136, 0.262, 0.398], NDCG: [0.079, 0.115, 0.171, 0.215]
HR: [0.084, 0.142, 0.26, 0.383], NDCG: [0.084, 0.121, 0.173, 0.213]
HR: [0.065, 0.113, 0.221, 0.342], NDCG: [0.065, 0.095, 0.143, 0.182]
HR: [0.054, 0.089, 0.173, 0.281], NDCG: [0.054, 0.076, 0.113, 0.148]
HR: [0.071 0.122 0.235 0.36 ], NDCG: [0.071 0.103 0.153 0.194]
====================Epoch  96 ====================
recommend loss 0.2327.
====================Epoch  97 ====================
recommend loss 0.2324.
====================Epoch  98 ====================
recommend loss 0.2324.
====================Epoch  99 ====================
recommend loss 0.2312.
====================Epoch  100 ====================
recommend loss 0.2314.
HR: [0.079, 0.135, 0.261, 0.396], NDCG: [0.079, 0.114, 0.17, 0.213]
HR: [0.082, 0.14, 0.257, 0.381], NDCG: [0.082, 0.119, 0.171, 0.211]
HR: [0.064, 0.112, 0.219, 0.34], NDCG: [0.064, 0.095, 0.142, 0.181]
HR: [0.054, 0.088, 0.174, 0.279], NDCG: [0.054, 0.076, 0.114, 0.147]
HR: [0.07  0.121 0.234 0.358], NDCG: [0.07  0.103 0.152 0.192]
HR:[0.092 0.153 0.281 0.419], NDCG:[0.092 0.131 0.187 0.232]
batch_time 0.03719559802881818
