Namespace(D=3, K_g=3, K_l=1, batch_size=512, embed_dim=32, init_lr=0.001, mapping=0, ratio=1, test_num_ng=99, topKs=[1, 2, 5, 10], train_num_ng=4)

================t Domain================
loading adjacency matrix
don't split the matrix

================a Domain================
loading adjacency matrix
don't split the matrix

================train================
Total number of param in CDATN is 620896
====================Epoch  0 ====================
recommend loss 0.6494.
HR: [0.095, 0.166, 0.306, 0.459], NDCG: [0.095, 0.139, 0.202, 0.251]
HR: [0.059, 0.098, 0.178, 0.286], NDCG: [0.059, 0.084, 0.119, 0.154]
HR: [0.101, 0.174, 0.314, 0.461], NDCG: [0.101, 0.147, 0.21, 0.257]
HR: [0.056, 0.097, 0.18, 0.276], NDCG: [0.056, 0.082, 0.119, 0.15]
HR: [0.088 0.152 0.278 0.416], NDCG: [0.088 0.128 0.185 0.229]
====================Epoch  1 ====================
recommend loss 0.5750.
====================Epoch  2 ====================
recommend loss 0.5516.
====================Epoch  3 ====================
recommend loss 0.5360.
====================Epoch  4 ====================
recommend loss 0.5260.
====================Epoch  5 ====================
recommend loss 0.5144.
HR: [0.092, 0.161, 0.302, 0.454], NDCG: [0.092, 0.136, 0.198, 0.247]
HR: [0.07, 0.124, 0.222, 0.345], NDCG: [0.07, 0.104, 0.148, 0.187]
HR: [0.101, 0.168, 0.307, 0.452], NDCG: [0.101, 0.143, 0.205, 0.252]
HR: [0.067, 0.111, 0.21, 0.32], NDCG: [0.067, 0.095, 0.139, 0.174]
HR: [0.09  0.153 0.283 0.423], NDCG: [0.09  0.13  0.187 0.233]
====================Epoch  6 ====================
recommend loss 0.5055.
====================Epoch  7 ====================
recommend loss 0.4963.
====================Epoch  8 ====================
recommend loss 0.4890.
====================Epoch  9 ====================
recommend loss 0.4827.
====================Epoch  10 ====================
recommend loss 0.4764.
HR: [0.095, 0.166, 0.311, 0.464], NDCG: [0.095, 0.14, 0.204, 0.253]
HR: [0.081, 0.131, 0.241, 0.369], NDCG: [0.081, 0.112, 0.162, 0.203]
HR: [0.1, 0.168, 0.309, 0.453], NDCG: [0.1, 0.143, 0.206, 0.252]
HR: [0.072, 0.116, 0.216, 0.33], NDCG: [0.072, 0.1, 0.144, 0.181]
HR: [0.092 0.156 0.29  0.432], NDCG: [0.092 0.133 0.192 0.238]
====================Epoch  11 ====================
recommend loss 0.4690.
====================Epoch  12 ====================
recommend loss 0.4626.
====================Epoch  13 ====================
recommend loss 0.4577.
====================Epoch  14 ====================
recommend loss 0.4524.
====================Epoch  15 ====================
recommend loss 0.4473.
HR: [0.093, 0.166, 0.308, 0.458], NDCG: [0.093, 0.139, 0.202, 0.25]
HR: [0.085, 0.139, 0.259, 0.375], NDCG: [0.085, 0.119, 0.173, 0.21]
HR: [0.099, 0.164, 0.304, 0.449], NDCG: [0.099, 0.14, 0.202, 0.248]
HR: [0.074, 0.118, 0.22, 0.337], NDCG: [0.074, 0.102, 0.147, 0.184]
HR: [0.092 0.156 0.29  0.429], NDCG: [0.092 0.132 0.192 0.236]
====================Epoch  16 ====================
recommend loss 0.4429.
====================Epoch  17 ====================
recommend loss 0.4372.
====================Epoch  18 ====================
recommend loss 0.4330.
====================Epoch  19 ====================
recommend loss 0.4282.
====================Epoch  20 ====================
recommend loss 0.4252.
HR: [0.088, 0.156, 0.29, 0.442], NDCG: [0.088, 0.131, 0.191, 0.24]
HR: [0.089, 0.147, 0.267, 0.391], NDCG: [0.089, 0.126, 0.179, 0.219]
HR: [0.095, 0.157, 0.291, 0.431], NDCG: [0.095, 0.134, 0.194, 0.239]
HR: [0.076, 0.12, 0.217, 0.34], NDCG: [0.076, 0.104, 0.147, 0.187]
HR: [0.089 0.151 0.278 0.419], NDCG: [0.089 0.128 0.185 0.23 ]
====================Epoch  21 ====================
recommend loss 0.4195.
====================Epoch  22 ====================
recommend loss 0.4160.
====================Epoch  23 ====================
recommend loss 0.4120.
====================Epoch  24 ====================
recommend loss 0.4075.
====================Epoch  25 ====================
recommend loss 0.4048.
HR: [0.082, 0.146, 0.278, 0.42], NDCG: [0.082, 0.122, 0.181, 0.227]
HR: [0.094, 0.151, 0.27, 0.393], NDCG: [0.094, 0.13, 0.183, 0.223]
HR: [0.089, 0.149, 0.276, 0.414], NDCG: [0.089, 0.127, 0.184, 0.228]
HR: [0.075, 0.122, 0.223, 0.343], NDCG: [0.075, 0.104, 0.149, 0.188]
HR: [0.085 0.145 0.269 0.405], NDCG: [0.085 0.123 0.178 0.222]
====================Epoch  26 ====================
recommend loss 0.4009.
====================Epoch  27 ====================
recommend loss 0.3976.
====================Epoch  28 ====================
recommend loss 0.3940.
====================Epoch  29 ====================
recommend loss 0.3906.
====================Epoch  30 ====================
recommend loss 0.3877.
HR: [0.077, 0.138, 0.265, 0.403], NDCG: [0.077, 0.115, 0.172, 0.216]
HR: [0.096, 0.153, 0.275, 0.395], NDCG: [0.096, 0.132, 0.187, 0.226]
HR: [0.083, 0.14, 0.264, 0.399], NDCG: [0.083, 0.119, 0.174, 0.217]
HR: [0.076, 0.119, 0.225, 0.343], NDCG: [0.076, 0.103, 0.151, 0.188]
HR: [0.081 0.138 0.261 0.393], NDCG: [0.081 0.117 0.172 0.214]
====================Epoch  31 ====================
recommend loss 0.3845.
====================Epoch  32 ====================
recommend loss 0.3820.
====================Epoch  33 ====================
recommend loss 0.3801.
====================Epoch  34 ====================
recommend loss 0.3762.
====================Epoch  35 ====================
recommend loss 0.3745.
HR: [0.071, 0.127, 0.25, 0.385], NDCG: [0.071, 0.106, 0.161, 0.205]
HR: [0.097, 0.156, 0.277, 0.397], NDCG: [0.097, 0.134, 0.188, 0.227]
HR: [0.076, 0.131, 0.252, 0.383], NDCG: [0.076, 0.111, 0.165, 0.207]
HR: [0.076, 0.121, 0.228, 0.342], NDCG: [0.076, 0.105, 0.152, 0.189]
HR: [0.077 0.131 0.251 0.38 ], NDCG: [0.077 0.111 0.164 0.206]
====================Epoch  36 ====================
recommend loss 0.3705.
====================Epoch  37 ====================
recommend loss 0.3685.
====================Epoch  38 ====================
recommend loss 0.3657.
====================Epoch  39 ====================
recommend loss 0.3632.
====================Epoch  40 ====================
recommend loss 0.3609.
HR: [0.067, 0.121, 0.239, 0.373], NDCG: [0.067, 0.101, 0.154, 0.197]
HR: [0.098, 0.157, 0.281, 0.396], NDCG: [0.098, 0.135, 0.19, 0.228]
HR: [0.073, 0.125, 0.24, 0.37], NDCG: [0.073, 0.106, 0.157, 0.199]
HR: [0.074, 0.119, 0.229, 0.341], NDCG: [0.074, 0.103, 0.151, 0.187]
HR: [0.074 0.126 0.243 0.37 ], NDCG: [0.074 0.107 0.159 0.2  ]
====================Epoch  41 ====================
recommend loss 0.3586.
====================Epoch  42 ====================
recommend loss 0.3573.
====================Epoch  43 ====================
recommend loss 0.3545.
====================Epoch  44 ====================
recommend loss 0.3525.
====================Epoch  45 ====================
recommend loss 0.3502.
HR: [0.064, 0.116, 0.229, 0.362], NDCG: [0.064, 0.097, 0.147, 0.19]
HR: [0.097, 0.159, 0.281, 0.397], NDCG: [0.097, 0.136, 0.19, 0.228]
HR: [0.067, 0.118, 0.228, 0.359], NDCG: [0.067, 0.1, 0.148, 0.191]
HR: [0.075, 0.121, 0.228, 0.338], NDCG: [0.075, 0.104, 0.151, 0.187]
HR: [0.07  0.122 0.235 0.362], NDCG: [0.07  0.104 0.153 0.194]
====================Epoch  46 ====================
recommend loss 0.3488.
====================Epoch  47 ====================
recommend loss 0.3462.
====================Epoch  48 ====================
recommend loss 0.3444.
====================Epoch  49 ====================
recommend loss 0.3430.
====================Epoch  50 ====================
recommend loss 0.3396.
HR: [0.061, 0.112, 0.22, 0.352], NDCG: [0.061, 0.093, 0.141, 0.183]
HR: [0.099, 0.16, 0.278, 0.398], NDCG: [0.099, 0.138, 0.19, 0.229]
HR: [0.064, 0.111, 0.219, 0.349], NDCG: [0.064, 0.094, 0.142, 0.183]
HR: [0.075, 0.121, 0.226, 0.338], NDCG: [0.075, 0.104, 0.151, 0.187]
HR: [0.068 0.118 0.227 0.354], NDCG: [0.068 0.1   0.148 0.189]
====================Epoch  51 ====================
recommend loss 0.3386.
====================Epoch  52 ====================
recommend loss 0.3369.
====================Epoch  53 ====================
recommend loss 0.3351.
====================Epoch  54 ====================
recommend loss 0.3335.
====================Epoch  55 ====================
recommend loss 0.3319.
HR: [0.057, 0.105, 0.212, 0.341], NDCG: [0.057, 0.088, 0.135, 0.176]
HR: [0.098, 0.158, 0.282, 0.398], NDCG: [0.098, 0.136, 0.191, 0.228]
HR: [0.06, 0.106, 0.21, 0.339], NDCG: [0.06, 0.089, 0.135, 0.176]
HR: [0.076, 0.12, 0.225, 0.336], NDCG: [0.076, 0.104, 0.151, 0.187]
HR: [0.065 0.113 0.221 0.346], NDCG: [0.065 0.096 0.144 0.183]
====================Epoch  56 ====================
recommend loss 0.3308.
====================Epoch  57 ====================
recommend loss 0.3282.
====================Epoch  58 ====================
recommend loss 0.3274.
====================Epoch  59 ====================
recommend loss 0.3260.
====================Epoch  60 ====================
recommend loss 0.3237.
HR: [0.055, 0.1, 0.204, 0.332], NDCG: [0.055, 0.084, 0.129, 0.17]
HR: [0.097, 0.157, 0.279, 0.398], NDCG: [0.097, 0.135, 0.189, 0.228]
HR: [0.056, 0.1, 0.201, 0.328], NDCG: [0.056, 0.083, 0.128, 0.169]
HR: [0.074, 0.119, 0.227, 0.337], NDCG: [0.074, 0.103, 0.151, 0.186]
HR: [0.063 0.109 0.215 0.339], NDCG: [0.063 0.092 0.138 0.178]
====================Epoch  61 ====================
recommend loss 0.3218.
====================Epoch  62 ====================
recommend loss 0.3203.
====================Epoch  63 ====================
recommend loss 0.3197.
====================Epoch  64 ====================
recommend loss 0.3178.
====================Epoch  65 ====================
recommend loss 0.3167.
HR: [0.053, 0.097, 0.198, 0.325], NDCG: [0.053, 0.08, 0.125, 0.166]
HR: [0.098, 0.16, 0.278, 0.397], NDCG: [0.098, 0.137, 0.189, 0.228]
HR: [0.052, 0.096, 0.194, 0.319], NDCG: [0.052, 0.08, 0.123, 0.163]
HR: [0.074, 0.12, 0.226, 0.336], NDCG: [0.074, 0.103, 0.15, 0.185]
HR: [0.061 0.107 0.209 0.333], NDCG: [0.061 0.09  0.135 0.175]
====================Epoch  66 ====================
recommend loss 0.3155.
====================Epoch  67 ====================
recommend loss 0.3136.
====================Epoch  68 ====================
recommend loss 0.3133.
====================Epoch  69 ====================
recommend loss 0.3113.
====================Epoch  70 ====================
recommend loss 0.3102.
HR: [0.051, 0.093, 0.192, 0.318], NDCG: [0.051, 0.077, 0.121, 0.162]
HR: [0.1, 0.159, 0.277, 0.399], NDCG: [0.1, 0.138, 0.19, 0.229]
HR: [0.05, 0.091, 0.188, 0.312], NDCG: [0.05, 0.076, 0.119, 0.159]
HR: [0.073, 0.119, 0.224, 0.336], NDCG: [0.073, 0.102, 0.149, 0.185]
HR: [0.059 0.103 0.204 0.327], NDCG: [0.059 0.087 0.132 0.172]
====================Epoch  71 ====================
recommend loss 0.3092.
====================Epoch  72 ====================
recommend loss 0.3074.
====================Epoch  73 ====================
recommend loss 0.3059.
====================Epoch  74 ====================
recommend loss 0.3056.
====================Epoch  75 ====================
recommend loss 0.3044.
HR: [0.047, 0.088, 0.187, 0.312], NDCG: [0.047, 0.073, 0.117, 0.157]
HR: [0.096, 0.156, 0.276, 0.397], NDCG: [0.096, 0.134, 0.188, 0.227]
HR: [0.048, 0.087, 0.183, 0.304], NDCG: [0.048, 0.072, 0.115, 0.154]
HR: [0.075, 0.121, 0.224, 0.332], NDCG: [0.075, 0.104, 0.149, 0.184]
HR: [0.057 0.1   0.201 0.321], NDCG: [0.057 0.084 0.129 0.167]
====================Epoch  76 ====================
recommend loss 0.3028.
====================Epoch  77 ====================
recommend loss 0.3020.
====================Epoch  78 ====================
recommend loss 0.3007.
====================Epoch  79 ====================
recommend loss 0.3002.
====================Epoch  80 ====================
recommend loss 0.2984.
HR: [0.045, 0.085, 0.182, 0.305], NDCG: [0.045, 0.07, 0.113, 0.153]
HR: [0.096, 0.158, 0.275, 0.394], NDCG: [0.096, 0.135, 0.187, 0.226]
HR: [0.046, 0.083, 0.175, 0.297], NDCG: [0.046, 0.069, 0.11, 0.149]
HR: [0.073, 0.117, 0.22, 0.33], NDCG: [0.073, 0.101, 0.147, 0.182]
HR: [0.055 0.097 0.195 0.316], NDCG: [0.055 0.081 0.125 0.164]
====================Epoch  81 ====================
recommend loss 0.2970.
====================Epoch  82 ====================
recommend loss 0.2965.
====================Epoch  83 ====================
recommend loss 0.2954.
====================Epoch  84 ====================
recommend loss 0.2945.
====================Epoch  85 ====================
recommend loss 0.2934.
HR: [0.044, 0.081, 0.177, 0.299], NDCG: [0.044, 0.067, 0.11, 0.149]
HR: [0.097, 0.158, 0.273, 0.394], NDCG: [0.097, 0.135, 0.187, 0.226]
HR: [0.044, 0.079, 0.17, 0.29], NDCG: [0.044, 0.066, 0.106, 0.145]
HR: [0.074, 0.119, 0.22, 0.33], NDCG: [0.074, 0.102, 0.147, 0.182]
HR: [0.054 0.094 0.191 0.311], NDCG: [0.054 0.079 0.122 0.161]
====================Epoch  86 ====================
recommend loss 0.2929.
====================Epoch  87 ====================
recommend loss 0.2920.
====================Epoch  88 ====================
recommend loss 0.2902.
====================Epoch  89 ====================
recommend loss 0.2892.
====================Epoch  90 ====================
recommend loss 0.2884.
HR: [0.042, 0.079, 0.173, 0.291], NDCG: [0.042, 0.065, 0.106, 0.144]
HR: [0.096, 0.157, 0.273, 0.396], NDCG: [0.096, 0.134, 0.186, 0.225]
HR: [0.042, 0.077, 0.164, 0.283], NDCG: [0.042, 0.064, 0.103, 0.141]
HR: [0.074, 0.119, 0.219, 0.334], NDCG: [0.074, 0.102, 0.146, 0.183]
HR: [0.052 0.092 0.187 0.306], NDCG: [0.052 0.077 0.119 0.157]
====================Epoch  91 ====================
recommend loss 0.2882.
====================Epoch  92 ====================
recommend loss 0.2869.
====================Epoch  93 ====================
recommend loss 0.2853.
====================Epoch  94 ====================
recommend loss 0.2849.
====================Epoch  95 ====================
recommend loss 0.2843.
HR: [0.041, 0.076, 0.167, 0.285], NDCG: [0.041, 0.063, 0.103, 0.141]
HR: [0.093, 0.155, 0.273, 0.394], NDCG: [0.093, 0.133, 0.185, 0.224]
HR: [0.039, 0.073, 0.158, 0.277], NDCG: [0.039, 0.061, 0.099, 0.137]
HR: [0.073, 0.119, 0.215, 0.328], NDCG: [0.073, 0.102, 0.145, 0.181]
HR: [0.05  0.09  0.182 0.3  ], NDCG: [0.05  0.075 0.116 0.154]
====================Epoch  96 ====================
recommend loss 0.2832.
====================Epoch  97 ====================
recommend loss 0.2825.
====================Epoch  98 ====================
recommend loss 0.2820.
====================Epoch  99 ====================
recommend loss 0.2812.
====================Epoch  100 ====================
recommend loss 0.2809.
HR: [0.04, 0.075, 0.163, 0.28], NDCG: [0.04, 0.062, 0.101, 0.138]
HR: [0.092, 0.154, 0.269, 0.386], NDCG: [0.092, 0.131, 0.182, 0.22]
HR: [0.038, 0.07, 0.153, 0.27], NDCG: [0.038, 0.058, 0.095, 0.133]
HR: [0.072, 0.116, 0.216, 0.327], NDCG: [0.072, 0.1, 0.144, 0.18]
HR: [0.049 0.088 0.178 0.295], NDCG: [0.049 0.073 0.114 0.151]
HR:[0.092 0.156 0.29  0.432], NDCG:[0.092 0.133 0.192 0.238]
batch_time 0.013088673075631356
