Namespace(D=3, K_g=3, K_l=1, batch_size=512, embed_dim=32, init_lr=0.001, mapping=0, ratio=1, test_num_ng=99, topKs=[1, 2, 5, 10], train_num_ng=4)

================t Domain================
loading adjacency matrix
don't split the matrix

================a Domain================
loading adjacency matrix
don't split the matrix

================train================
Total number of param in CDATN is 620896
====================Epoch  0 ====================
recommend loss 0.6339.
HR: [0.086, 0.152, 0.29, 0.439], NDCG: [0.086, 0.128, 0.189, 0.237]
HR: [0.055, 0.091, 0.183, 0.292], NDCG: [0.055, 0.078, 0.119, 0.154]
HR: [0.098, 0.166, 0.304, 0.451], NDCG: [0.098, 0.141, 0.202, 0.25]
HR: [0.056, 0.096, 0.186, 0.287], NDCG: [0.056, 0.081, 0.121, 0.153]
HR: [0.083 0.143 0.27  0.407], NDCG: [0.083 0.121 0.177 0.222]
====================Epoch  1 ====================
recommend loss 0.5702.
====================Epoch  2 ====================
recommend loss 0.5495.
====================Epoch  3 ====================
recommend loss 0.5373.
====================Epoch  4 ====================
recommend loss 0.5272.
====================Epoch  5 ====================
recommend loss 0.5199.
HR: [0.074, 0.134, 0.258, 0.397], NDCG: [0.074, 0.112, 0.167, 0.212]
HR: [0.069, 0.119, 0.215, 0.348], NDCG: [0.069, 0.1, 0.143, 0.186]
HR: [0.086, 0.144, 0.274, 0.412], NDCG: [0.086, 0.122, 0.18, 0.224]
HR: [0.068, 0.112, 0.208, 0.317], NDCG: [0.068, 0.096, 0.138, 0.173]
HR: [0.077 0.133 0.253 0.387], NDCG: [0.077 0.112 0.165 0.209]
====================Epoch  6 ====================
recommend loss 0.5128.
====================Epoch  7 ====================
recommend loss 0.5075.
====================Epoch  8 ====================
recommend loss 0.5009.
====================Epoch  9 ====================
recommend loss 0.4961.
====================Epoch  10 ====================
recommend loss 0.4915.
HR: [0.083, 0.148, 0.279, 0.424], NDCG: [0.083, 0.124, 0.182, 0.229]
HR: [0.079, 0.13, 0.244, 0.372], NDCG: [0.079, 0.111, 0.162, 0.203]
HR: [0.091, 0.156, 0.29, 0.434], NDCG: [0.091, 0.132, 0.191, 0.238]
HR: [0.074, 0.121, 0.218, 0.33], NDCG: [0.074, 0.104, 0.147, 0.183]
HR: [0.084 0.145 0.271 0.41 ], NDCG: [0.084 0.123 0.179 0.223]
====================Epoch  11 ====================
recommend loss 0.4867.
====================Epoch  12 ====================
recommend loss 0.4816.
====================Epoch  13 ====================
recommend loss 0.4779.
====================Epoch  14 ====================
recommend loss 0.4746.
====================Epoch  15 ====================
recommend loss 0.4699.
HR: [0.087, 0.155, 0.292, 0.442], NDCG: [0.087, 0.13, 0.191, 0.239]
HR: [0.085, 0.142, 0.256, 0.392], NDCG: [0.085, 0.121, 0.172, 0.216]
HR: [0.094, 0.162, 0.298, 0.447], NDCG: [0.094, 0.137, 0.197, 0.245]
HR: [0.078, 0.126, 0.224, 0.341], NDCG: [0.078, 0.108, 0.152, 0.189]
HR: [0.088 0.152 0.281 0.425], NDCG: [0.088 0.129 0.186 0.232]
====================Epoch  16 ====================
recommend loss 0.4661.
====================Epoch  17 ====================
recommend loss 0.4630.
====================Epoch  18 ====================
recommend loss 0.4590.
====================Epoch  19 ====================
recommend loss 0.4558.
====================Epoch  20 ====================
recommend loss 0.4527.
HR: [0.088, 0.154, 0.292, 0.445], NDCG: [0.088, 0.13, 0.191, 0.24]
HR: [0.088, 0.151, 0.272, 0.399], NDCG: [0.088, 0.128, 0.181, 0.222]
HR: [0.095, 0.163, 0.301, 0.448], NDCG: [0.095, 0.138, 0.199, 0.247]
HR: [0.079, 0.127, 0.231, 0.346], NDCG: [0.079, 0.11, 0.156, 0.192]
HR: [0.089 0.154 0.285 0.428], NDCG: [0.089 0.13  0.188 0.234]
====================Epoch  21 ====================
recommend loss 0.4504.
====================Epoch  22 ====================
recommend loss 0.4467.
====================Epoch  23 ====================
recommend loss 0.4439.
====================Epoch  24 ====================
recommend loss 0.4420.
====================Epoch  25 ====================
recommend loss 0.4385.
HR: [0.088, 0.151, 0.292, 0.441], NDCG: [0.088, 0.128, 0.19, 0.238]
HR: [0.092, 0.157, 0.278, 0.405], NDCG: [0.092, 0.133, 0.187, 0.228]
HR: [0.096, 0.164, 0.301, 0.446], NDCG: [0.096, 0.138, 0.199, 0.246]
HR: [0.08, 0.13, 0.232, 0.353], NDCG: [0.08, 0.112, 0.157, 0.196]
HR: [0.09  0.154 0.286 0.427], NDCG: [0.09  0.13  0.189 0.234]
====================Epoch  26 ====================
recommend loss 0.4363.
====================Epoch  27 ====================
recommend loss 0.4342.
====================Epoch  28 ====================
recommend loss 0.4311.
====================Epoch  29 ====================
recommend loss 0.4291.
====================Epoch  30 ====================
recommend loss 0.4266.
HR: [0.087, 0.149, 0.287, 0.434], NDCG: [0.087, 0.126, 0.187, 0.234]
HR: [0.093, 0.159, 0.283, 0.41], NDCG: [0.093, 0.135, 0.19, 0.231]
HR: [0.095, 0.161, 0.296, 0.441], NDCG: [0.095, 0.137, 0.197, 0.244]
HR: [0.082, 0.133, 0.235, 0.352], NDCG: [0.082, 0.114, 0.16, 0.197]
HR: [0.09  0.153 0.283 0.423], NDCG: [0.09  0.13  0.188 0.233]
====================Epoch  31 ====================
recommend loss 0.4239.
====================Epoch  32 ====================
recommend loss 0.4220.
====================Epoch  33 ====================
recommend loss 0.4193.
====================Epoch  34 ====================
recommend loss 0.4171.
====================Epoch  35 ====================
recommend loss 0.4152.
HR: [0.085, 0.146, 0.281, 0.427], NDCG: [0.085, 0.123, 0.183, 0.23]
HR: [0.096, 0.164, 0.288, 0.414], NDCG: [0.096, 0.139, 0.194, 0.235]
HR: [0.094, 0.159, 0.293, 0.434], NDCG: [0.094, 0.135, 0.194, 0.24]
HR: [0.082, 0.132, 0.238, 0.356], NDCG: [0.082, 0.114, 0.161, 0.199]
HR: [0.089 0.151 0.281 0.419], NDCG: [0.089 0.128 0.186 0.23 ]
====================Epoch  36 ====================
recommend loss 0.4134.
====================Epoch  37 ====================
recommend loss 0.4109.
====================Epoch  38 ====================
recommend loss 0.4097.
====================Epoch  39 ====================
recommend loss 0.4078.
====================Epoch  40 ====================
recommend loss 0.4055.
HR: [0.082, 0.142, 0.274, 0.419], NDCG: [0.082, 0.12, 0.179, 0.225]
HR: [0.099, 0.165, 0.292, 0.416], NDCG: [0.099, 0.141, 0.197, 0.237]
HR: [0.093, 0.156, 0.285, 0.427], NDCG: [0.093, 0.133, 0.19, 0.236]
HR: [0.082, 0.132, 0.241, 0.356], NDCG: [0.082, 0.114, 0.162, 0.199]
HR: [0.088 0.149 0.276 0.414], NDCG: [0.088 0.127 0.183 0.227]
====================Epoch  41 ====================
recommend loss 0.4044.
====================Epoch  42 ====================
recommend loss 0.4020.
====================Epoch  43 ====================
recommend loss 0.4000.
====================Epoch  44 ====================
recommend loss 0.3986.
====================Epoch  45 ====================
recommend loss 0.3968.
HR: [0.08, 0.138, 0.267, 0.411], NDCG: [0.08, 0.117, 0.174, 0.22]
HR: [0.101, 0.17, 0.296, 0.42], NDCG: [0.101, 0.144, 0.201, 0.24]
HR: [0.09, 0.154, 0.281, 0.42], NDCG: [0.09, 0.13, 0.187, 0.232]
HR: [0.082, 0.134, 0.243, 0.358], NDCG: [0.082, 0.115, 0.163, 0.2]
HR: [0.086 0.147 0.273 0.409], NDCG: [0.086 0.125 0.181 0.224]
====================Epoch  46 ====================
recommend loss 0.3957.
====================Epoch  47 ====================
recommend loss 0.3938.
====================Epoch  48 ====================
recommend loss 0.3923.
====================Epoch  49 ====================
recommend loss 0.3905.
====================Epoch  50 ====================
recommend loss 0.3889.
HR: [0.078, 0.136, 0.261, 0.402], NDCG: [0.078, 0.114, 0.17, 0.215]
HR: [0.102, 0.17, 0.298, 0.418], NDCG: [0.102, 0.145, 0.202, 0.241]
HR: [0.088, 0.148, 0.275, 0.413], NDCG: [0.088, 0.126, 0.182, 0.227]
HR: [0.081, 0.135, 0.244, 0.36], NDCG: [0.081, 0.115, 0.164, 0.201]
HR: [0.085 0.144 0.268 0.403], NDCG: [0.085 0.122 0.177 0.221]
====================Epoch  51 ====================
recommend loss 0.3874.
====================Epoch  52 ====================
recommend loss 0.3857.
====================Epoch  53 ====================
recommend loss 0.3840.
====================Epoch  54 ====================
recommend loss 0.3833.
====================Epoch  55 ====================
recommend loss 0.3820.
HR: [0.076, 0.132, 0.253, 0.393], NDCG: [0.076, 0.111, 0.165, 0.21]
HR: [0.1, 0.171, 0.299, 0.418], NDCG: [0.1, 0.145, 0.202, 0.24]
HR: [0.085, 0.145, 0.269, 0.404], NDCG: [0.085, 0.123, 0.178, 0.221]
HR: [0.08, 0.136, 0.243, 0.359], NDCG: [0.08, 0.116, 0.163, 0.2]
HR: [0.083 0.142 0.263 0.396], NDCG: [0.083 0.12  0.174 0.216]
====================Epoch  56 ====================
recommend loss 0.3806.
====================Epoch  57 ====================
recommend loss 0.3791.
====================Epoch  58 ====================
recommend loss 0.3771.
====================Epoch  59 ====================
recommend loss 0.3768.
====================Epoch  60 ====================
recommend loss 0.3751.
HR: [0.074, 0.129, 0.247, 0.385], NDCG: [0.074, 0.109, 0.161, 0.206]
HR: [0.104, 0.171, 0.3, 0.418], NDCG: [0.104, 0.146, 0.204, 0.242]
HR: [0.082, 0.141, 0.263, 0.396], NDCG: [0.082, 0.119, 0.173, 0.216]
HR: [0.083, 0.135, 0.244, 0.36], NDCG: [0.083, 0.116, 0.164, 0.202]
HR: [0.082 0.139 0.259 0.39 ], NDCG: [0.082 0.118 0.171 0.213]
====================Epoch  61 ====================
recommend loss 0.3745.
====================Epoch  62 ====================
recommend loss 0.3723.
====================Epoch  63 ====================
recommend loss 0.3715.
====================Epoch  64 ====================
recommend loss 0.3699.
====================Epoch  65 ====================
recommend loss 0.3682.
HR: [0.072, 0.125, 0.242, 0.379], NDCG: [0.072, 0.106, 0.157, 0.202]
HR: [0.105, 0.175, 0.304, 0.421], NDCG: [0.105, 0.149, 0.206, 0.244]
HR: [0.079, 0.137, 0.257, 0.39], NDCG: [0.079, 0.116, 0.169, 0.212]
HR: [0.084, 0.135, 0.242, 0.361], NDCG: [0.084, 0.116, 0.164, 0.202]
HR: [0.08  0.137 0.255 0.386], NDCG: [0.08  0.116 0.168 0.211]
====================Epoch  66 ====================
recommend loss 0.3676.
====================Epoch  67 ====================
recommend loss 0.3656.
====================Epoch  68 ====================
recommend loss 0.3653.
====================Epoch  69 ====================
recommend loss 0.3639.
====================Epoch  70 ====================
recommend loss 0.3630.
HR: [0.07, 0.122, 0.237, 0.373], NDCG: [0.07, 0.103, 0.154, 0.198]
HR: [0.104, 0.176, 0.304, 0.42], NDCG: [0.104, 0.149, 0.206, 0.244]
HR: [0.077, 0.133, 0.25, 0.383], NDCG: [0.077, 0.112, 0.164, 0.207]
HR: [0.083, 0.136, 0.242, 0.36], NDCG: [0.083, 0.116, 0.163, 0.202]
HR: [0.078 0.134 0.25  0.381], NDCG: [0.078 0.113 0.165 0.207]
====================Epoch  71 ====================
recommend loss 0.3615.
====================Epoch  72 ====================
recommend loss 0.3610.
====================Epoch  73 ====================
recommend loss 0.3599.
====================Epoch  74 ====================
recommend loss 0.3589.
====================Epoch  75 ====================
recommend loss 0.3568.
HR: [0.067, 0.119, 0.231, 0.367], NDCG: [0.067, 0.1, 0.149, 0.193]
HR: [0.109, 0.178, 0.303, 0.422], NDCG: [0.109, 0.152, 0.208, 0.246]
HR: [0.073, 0.129, 0.244, 0.376], NDCG: [0.073, 0.108, 0.159, 0.202]
HR: [0.084, 0.137, 0.24, 0.358], NDCG: [0.084, 0.117, 0.163, 0.201]
HR: [0.076 0.132 0.245 0.376], NDCG: [0.076 0.111 0.161 0.204]
====================Epoch  76 ====================
recommend loss 0.3564.
====================Epoch  77 ====================
recommend loss 0.3554.
====================Epoch  78 ====================
recommend loss 0.3543.
====================Epoch  79 ====================
recommend loss 0.3538.
====================Epoch  80 ====================
recommend loss 0.3524.
HR: [0.066, 0.116, 0.227, 0.362], NDCG: [0.066, 0.097, 0.147, 0.19]
HR: [0.109, 0.175, 0.302, 0.422], NDCG: [0.109, 0.151, 0.207, 0.246]
HR: [0.071, 0.126, 0.237, 0.369], NDCG: [0.071, 0.106, 0.155, 0.197]
HR: [0.083, 0.138, 0.241, 0.36], NDCG: [0.083, 0.118, 0.164, 0.202]
HR: [0.075 0.129 0.241 0.371], NDCG: [0.075 0.109 0.159 0.201]
====================Epoch  81 ====================
recommend loss 0.3519.
====================Epoch  82 ====================
recommend loss 0.3507.
====================Epoch  83 ====================
recommend loss 0.3503.
====================Epoch  84 ====================
recommend loss 0.3488.
====================Epoch  85 ====================
recommend loss 0.3477.
HR: [0.063, 0.111, 0.223, 0.357], NDCG: [0.063, 0.094, 0.143, 0.186]
HR: [0.11, 0.178, 0.303, 0.422], NDCG: [0.11, 0.153, 0.208, 0.247]
HR: [0.068, 0.122, 0.231, 0.363], NDCG: [0.068, 0.102, 0.151, 0.193]
HR: [0.084, 0.138, 0.241, 0.358], NDCG: [0.084, 0.118, 0.164, 0.202]
HR: [0.073 0.126 0.238 0.367], NDCG: [0.073 0.107 0.156 0.198]
====================Epoch  86 ====================
recommend loss 0.3470.
====================Epoch  87 ====================
recommend loss 0.3452.
====================Epoch  88 ====================
recommend loss 0.3449.
====================Epoch  89 ====================
recommend loss 0.3448.
====================Epoch  90 ====================
recommend loss 0.3436.
HR: [0.06, 0.107, 0.217, 0.351], NDCG: [0.06, 0.09, 0.139, 0.182]
HR: [0.109, 0.179, 0.304, 0.422], NDCG: [0.109, 0.153, 0.209, 0.247]
HR: [0.067, 0.118, 0.225, 0.356], NDCG: [0.067, 0.099, 0.147, 0.189]
HR: [0.086, 0.139, 0.242, 0.358], NDCG: [0.086, 0.119, 0.165, 0.202]
HR: [0.072 0.124 0.233 0.362], NDCG: [0.072 0.104 0.153 0.195]
====================Epoch  91 ====================
recommend loss 0.3422.
====================Epoch  92 ====================
recommend loss 0.3419.
====================Epoch  93 ====================
recommend loss 0.3413.
====================Epoch  94 ====================
recommend loss 0.3393.
====================Epoch  95 ====================
recommend loss 0.3382.
HR: [0.059, 0.104, 0.213, 0.347], NDCG: [0.059, 0.087, 0.136, 0.179]
HR: [0.108, 0.178, 0.303, 0.423], NDCG: [0.108, 0.152, 0.208, 0.246]
HR: [0.064, 0.115, 0.22, 0.351], NDCG: [0.064, 0.096, 0.143, 0.185]
HR: [0.086, 0.14, 0.24, 0.361], NDCG: [0.086, 0.12, 0.164, 0.203]
HR: [0.07  0.121 0.23  0.359], NDCG: [0.07  0.102 0.151 0.192]
====================Epoch  96 ====================
recommend loss 0.3381.
====================Epoch  97 ====================
recommend loss 0.3368.
====================Epoch  98 ====================
recommend loss 0.3370.
====================Epoch  99 ====================
recommend loss 0.3359.
====================Epoch  100 ====================
recommend loss 0.3344.
HR: [0.057, 0.101, 0.21, 0.343], NDCG: [0.057, 0.085, 0.133, 0.176]
HR: [0.11, 0.178, 0.305, 0.425], NDCG: [0.11, 0.153, 0.209, 0.248]
HR: [0.061, 0.11, 0.217, 0.344], NDCG: [0.061, 0.092, 0.14, 0.18]
HR: [0.087, 0.138, 0.239, 0.358], NDCG: [0.087, 0.119, 0.164, 0.203]
HR: [0.069 0.118 0.227 0.355], NDCG: [0.069 0.1   0.148 0.189]
HR:[0.089 0.154 0.285 0.428], NDCG:[0.089 0.13  0.188 0.234]
batch_time 0.03449509459520874
