Namespace(D=3, K_g=3, K_l=1, batch_size=512, embed_dim=32, init_lr=0.001, mapping=0, ratio=1, test_num_ng=99, topKs=[1, 2, 5, 10], train_num_ng=4)

================t Domain================
loading adjacency matrix
don't split the matrix

================a Domain================
loading adjacency matrix
don't split the matrix

================train================
Total number of param in CDATN is 620896
====================Epoch  0 ====================
recommend loss 0.6228.
HR: [0.088, 0.157, 0.295, 0.443], NDCG: [0.088, 0.132, 0.193, 0.241]
HR: [0.061, 0.095, 0.184, 0.289], NDCG: [0.061, 0.082, 0.122, 0.156]
HR: [0.099, 0.169, 0.307, 0.458], NDCG: [0.099, 0.143, 0.205, 0.253]
HR: [0.058, 0.097, 0.188, 0.289], NDCG: [0.058, 0.083, 0.123, 0.155]
HR: [0.085 0.147 0.273 0.411], NDCG: [0.085 0.124 0.18  0.225]
====================Epoch  1 ====================
recommend loss 0.5641.
====================Epoch  2 ====================
recommend loss 0.5446.
====================Epoch  3 ====================
recommend loss 0.5332.
====================Epoch  4 ====================
recommend loss 0.5229.
====================Epoch  5 ====================
recommend loss 0.5157.
HR: [0.082, 0.146, 0.277, 0.418], NDCG: [0.082, 0.123, 0.181, 0.226]
HR: [0.071, 0.12, 0.225, 0.341], NDCG: [0.071, 0.102, 0.148, 0.186]
HR: [0.093, 0.156, 0.29, 0.435], NDCG: [0.093, 0.133, 0.192, 0.239]
HR: [0.066, 0.111, 0.211, 0.323], NDCG: [0.066, 0.095, 0.139, 0.175]
HR: [0.083 0.142 0.267 0.403], NDCG: [0.083 0.121 0.176 0.22 ]
====================Epoch  6 ====================
recommend loss 0.5083.
====================Epoch  7 ====================
recommend loss 0.5016.
====================Epoch  8 ====================
recommend loss 0.4952.
====================Epoch  9 ====================
recommend loss 0.4891.
====================Epoch  10 ====================
recommend loss 0.4840.
HR: [0.091, 0.159, 0.293, 0.442], NDCG: [0.091, 0.134, 0.194, 0.242]
HR: [0.082, 0.133, 0.245, 0.363], NDCG: [0.082, 0.114, 0.164, 0.202]
HR: [0.097, 0.163, 0.303, 0.454], NDCG: [0.097, 0.139, 0.201, 0.25]
HR: [0.069, 0.118, 0.215, 0.333], NDCG: [0.069, 0.1, 0.144, 0.182]
HR: [0.089 0.152 0.281 0.423], NDCG: [0.089 0.129 0.187 0.233]
====================Epoch  11 ====================
recommend loss 0.4781.
====================Epoch  12 ====================
recommend loss 0.4738.
====================Epoch  13 ====================
recommend loss 0.4695.
====================Epoch  14 ====================
recommend loss 0.4645.
====================Epoch  15 ====================
recommend loss 0.4597.
HR: [0.091, 0.162, 0.303, 0.452], NDCG: [0.091, 0.136, 0.199, 0.247]
HR: [0.085, 0.142, 0.254, 0.377], NDCG: [0.085, 0.121, 0.171, 0.211]
HR: [0.098, 0.168, 0.311, 0.46], NDCG: [0.098, 0.142, 0.206, 0.254]
HR: [0.075, 0.126, 0.22, 0.337], NDCG: [0.075, 0.108, 0.149, 0.187]
HR: [0.091 0.157 0.29  0.432], NDCG: [0.091 0.133 0.192 0.238]
====================Epoch  16 ====================
recommend loss 0.4565.
====================Epoch  17 ====================
recommend loss 0.4514.
====================Epoch  18 ====================
recommend loss 0.4481.
====================Epoch  19 ====================
recommend loss 0.4449.
====================Epoch  20 ====================
recommend loss 0.4407.
HR: [0.091, 0.161, 0.304, 0.454], NDCG: [0.091, 0.135, 0.199, 0.247]
HR: [0.086, 0.149, 0.26, 0.384], NDCG: [0.086, 0.126, 0.175, 0.215]
HR: [0.097, 0.166, 0.312, 0.457], NDCG: [0.097, 0.141, 0.206, 0.252]
HR: [0.074, 0.127, 0.226, 0.339], NDCG: [0.074, 0.107, 0.152, 0.188]
HR: [0.091 0.157 0.292 0.432], NDCG: [0.091 0.133 0.193 0.238]
====================Epoch  21 ====================
recommend loss 0.4369.
====================Epoch  22 ====================
recommend loss 0.4332.
====================Epoch  23 ====================
recommend loss 0.4300.
====================Epoch  24 ====================
recommend loss 0.4265.
====================Epoch  25 ====================
recommend loss 0.4231.
HR: [0.089, 0.161, 0.299, 0.451], NDCG: [0.089, 0.134, 0.196, 0.245]
HR: [0.089, 0.155, 0.268, 0.39], NDCG: [0.089, 0.131, 0.181, 0.22]
HR: [0.095, 0.164, 0.308, 0.454], NDCG: [0.095, 0.139, 0.203, 0.25]
HR: [0.079, 0.129, 0.23, 0.346], NDCG: [0.079, 0.111, 0.156, 0.193]
HR: [0.09  0.157 0.29  0.432], NDCG: [0.09  0.133 0.192 0.237]
====================Epoch  26 ====================
recommend loss 0.4187.
====================Epoch  27 ====================
recommend loss 0.4164.
====================Epoch  28 ====================
recommend loss 0.4134.
====================Epoch  29 ====================
recommend loss 0.4100.
====================Epoch  30 ====================
recommend loss 0.4070.
HR: [0.089, 0.157, 0.296, 0.445], NDCG: [0.089, 0.132, 0.194, 0.242]
HR: [0.089, 0.157, 0.27, 0.392], NDCG: [0.089, 0.132, 0.182, 0.222]
HR: [0.093, 0.159, 0.301, 0.446], NDCG: [0.093, 0.135, 0.198, 0.245]
HR: [0.079, 0.13, 0.229, 0.345], NDCG: [0.079, 0.111, 0.155, 0.193]
HR: [0.089 0.154 0.286 0.426], NDCG: [0.089 0.13  0.189 0.235]
====================Epoch  31 ====================
recommend loss 0.4041.
====================Epoch  32 ====================
recommend loss 0.4015.
====================Epoch  33 ====================
recommend loss 0.3988.
====================Epoch  34 ====================
recommend loss 0.3954.
====================Epoch  35 ====================
recommend loss 0.3921.
HR: [0.088, 0.154, 0.289, 0.437], NDCG: [0.088, 0.13, 0.19, 0.237]
HR: [0.092, 0.159, 0.271, 0.393], NDCG: [0.092, 0.134, 0.184, 0.223]
HR: [0.09, 0.155, 0.292, 0.439], NDCG: [0.09, 0.131, 0.192, 0.239]
HR: [0.078, 0.132, 0.229, 0.347], NDCG: [0.078, 0.112, 0.155, 0.194]
HR: [0.088 0.152 0.28  0.421], NDCG: [0.088 0.129 0.186 0.231]
====================Epoch  36 ====================
recommend loss 0.3913.
====================Epoch  37 ====================
recommend loss 0.3876.
====================Epoch  38 ====================
recommend loss 0.3852.
====================Epoch  39 ====================
recommend loss 0.3827.
====================Epoch  40 ====================
recommend loss 0.3795.
HR: [0.087, 0.149, 0.284, 0.429], NDCG: [0.087, 0.126, 0.186, 0.233]
HR: [0.091, 0.157, 0.274, 0.394], NDCG: [0.091, 0.133, 0.185, 0.224]
HR: [0.087, 0.149, 0.284, 0.43], NDCG: [0.087, 0.126, 0.186, 0.233]
HR: [0.08, 0.132, 0.229, 0.349], NDCG: [0.08, 0.113, 0.156, 0.195]
HR: [0.087 0.148 0.276 0.415], NDCG: [0.087 0.125 0.182 0.227]
====================Epoch  41 ====================
recommend loss 0.3772.
====================Epoch  42 ====================
recommend loss 0.3753.
====================Epoch  43 ====================
recommend loss 0.3730.
====================Epoch  44 ====================
recommend loss 0.3705.
====================Epoch  45 ====================
recommend loss 0.3686.
HR: [0.083, 0.147, 0.278, 0.421], NDCG: [0.083, 0.124, 0.182, 0.228]
HR: [0.092, 0.159, 0.273, 0.397], NDCG: [0.092, 0.134, 0.185, 0.225]
HR: [0.084, 0.144, 0.276, 0.422], NDCG: [0.084, 0.122, 0.181, 0.227]
HR: [0.077, 0.132, 0.23, 0.349], NDCG: [0.077, 0.111, 0.155, 0.193]
HR: [0.084 0.145 0.271 0.409], NDCG: [0.084 0.123 0.179 0.223]
====================Epoch  46 ====================
recommend loss 0.3661.
====================Epoch  47 ====================
recommend loss 0.3647.
====================Epoch  48 ====================
recommend loss 0.3619.
====================Epoch  49 ====================
recommend loss 0.3597.
====================Epoch  50 ====================
recommend loss 0.3578.
HR: [0.081, 0.143, 0.271, 0.415], NDCG: [0.081, 0.12, 0.177, 0.223]
HR: [0.095, 0.16, 0.279, 0.401], NDCG: [0.095, 0.136, 0.189, 0.228]
HR: [0.081, 0.137, 0.267, 0.412], NDCG: [0.081, 0.116, 0.174, 0.221]
HR: [0.078, 0.131, 0.23, 0.35], NDCG: [0.078, 0.112, 0.155, 0.194]
HR: [0.082 0.141 0.265 0.404], NDCG: [0.082 0.119 0.174 0.219]
====================Epoch  51 ====================
recommend loss 0.3555.
====================Epoch  52 ====================
recommend loss 0.3536.
====================Epoch  53 ====================
recommend loss 0.3513.
====================Epoch  54 ====================
recommend loss 0.3503.
====================Epoch  55 ====================
recommend loss 0.3482.
HR: [0.079, 0.137, 0.264, 0.408], NDCG: [0.079, 0.116, 0.172, 0.218]
HR: [0.093, 0.161, 0.278, 0.397], NDCG: [0.093, 0.136, 0.188, 0.226]
HR: [0.076, 0.133, 0.259, 0.403], NDCG: [0.076, 0.112, 0.168, 0.214]
HR: [0.077, 0.128, 0.23, 0.35], NDCG: [0.077, 0.109, 0.155, 0.193]
HR: [0.079 0.137 0.259 0.397], NDCG: [0.079 0.116 0.17  0.214]
====================Epoch  56 ====================
recommend loss 0.3461.
====================Epoch  57 ====================
recommend loss 0.3436.
====================Epoch  58 ====================
recommend loss 0.3420.
====================Epoch  59 ====================
recommend loss 0.3395.
====================Epoch  60 ====================
recommend loss 0.3386.
HR: [0.076, 0.132, 0.257, 0.4], NDCG: [0.076, 0.112, 0.167, 0.213]
HR: [0.095, 0.158, 0.278, 0.394], NDCG: [0.095, 0.135, 0.188, 0.226]
HR: [0.072, 0.127, 0.25, 0.392], NDCG: [0.072, 0.107, 0.161, 0.207]
HR: [0.078, 0.13, 0.233, 0.348], NDCG: [0.078, 0.111, 0.156, 0.194]
HR: [0.077 0.133 0.254 0.39 ], NDCG: [0.077 0.113 0.166 0.21 ]
====================Epoch  61 ====================
recommend loss 0.3364.
====================Epoch  62 ====================
recommend loss 0.3343.
====================Epoch  63 ====================
recommend loss 0.3327.
====================Epoch  64 ====================
recommend loss 0.3309.
====================Epoch  65 ====================
recommend loss 0.3303.
HR: [0.072, 0.129, 0.251, 0.392], NDCG: [0.072, 0.108, 0.162, 0.208]
HR: [0.096, 0.158, 0.278, 0.394], NDCG: [0.096, 0.135, 0.188, 0.226]
HR: [0.068, 0.12, 0.241, 0.382], NDCG: [0.068, 0.101, 0.154, 0.2]
HR: [0.08, 0.132, 0.23, 0.348], NDCG: [0.08, 0.113, 0.156, 0.194]
HR: [0.074 0.129 0.248 0.383], NDCG: [0.074 0.109 0.161 0.205]
====================Epoch  66 ====================
recommend loss 0.3286.
====================Epoch  67 ====================
recommend loss 0.3270.
====================Epoch  68 ====================
recommend loss 0.3246.
====================Epoch  69 ====================
recommend loss 0.3237.
====================Epoch  70 ====================
recommend loss 0.3217.
HR: [0.069, 0.123, 0.244, 0.385], NDCG: [0.069, 0.103, 0.157, 0.202]
HR: [0.096, 0.157, 0.275, 0.395], NDCG: [0.096, 0.135, 0.187, 0.226]
HR: [0.064, 0.116, 0.231, 0.371], NDCG: [0.064, 0.097, 0.148, 0.193]
HR: [0.077, 0.13, 0.229, 0.346], NDCG: [0.077, 0.11, 0.154, 0.192]
HR: [0.071 0.125 0.241 0.376], NDCG: [0.071 0.105 0.157 0.2  ]
====================Epoch  71 ====================
recommend loss 0.3206.
====================Epoch  72 ====================
recommend loss 0.3186.
====================Epoch  73 ====================
recommend loss 0.3177.
====================Epoch  74 ====================
recommend loss 0.3162.
====================Epoch  75 ====================
recommend loss 0.3144.
HR: [0.066, 0.12, 0.237, 0.379], NDCG: [0.066, 0.1, 0.152, 0.197]
HR: [0.096, 0.157, 0.275, 0.393], NDCG: [0.096, 0.134, 0.187, 0.225]
HR: [0.061, 0.11, 0.223, 0.363], NDCG: [0.061, 0.092, 0.142, 0.187]
HR: [0.078, 0.13, 0.229, 0.347], NDCG: [0.078, 0.111, 0.155, 0.192]
HR: [0.069 0.122 0.235 0.37 ], NDCG: [0.069 0.102 0.153 0.196]
====================Epoch  76 ====================
recommend loss 0.3131.
====================Epoch  77 ====================
recommend loss 0.3119.
====================Epoch  78 ====================
recommend loss 0.3101.
====================Epoch  79 ====================
recommend loss 0.3087.
====================Epoch  80 ====================
recommend loss 0.3076.
HR: [0.064, 0.115, 0.23, 0.371], NDCG: [0.064, 0.096, 0.147, 0.192]
HR: [0.093, 0.155, 0.271, 0.394], NDCG: [0.093, 0.132, 0.184, 0.223]
HR: [0.058, 0.104, 0.215, 0.355], NDCG: [0.058, 0.087, 0.136, 0.182]
HR: [0.076, 0.129, 0.225, 0.346], NDCG: [0.076, 0.11, 0.152, 0.191]
HR: [0.067 0.117 0.228 0.364], NDCG: [0.067 0.099 0.148 0.192]
====================Epoch  81 ====================
recommend loss 0.3073.
====================Epoch  82 ====================
recommend loss 0.3054.
====================Epoch  83 ====================
recommend loss 0.3044.
====================Epoch  84 ====================
recommend loss 0.3030.
====================Epoch  85 ====================
recommend loss 0.3017.
HR: [0.061, 0.11, 0.223, 0.363], NDCG: [0.061, 0.092, 0.142, 0.187]
HR: [0.094, 0.154, 0.272, 0.391], NDCG: [0.094, 0.132, 0.184, 0.223]
HR: [0.056, 0.1, 0.208, 0.347], NDCG: [0.056, 0.084, 0.131, 0.176]
HR: [0.076, 0.128, 0.226, 0.346], NDCG: [0.076, 0.109, 0.152, 0.19]
HR: [0.065 0.114 0.223 0.358], NDCG: [0.065 0.096 0.144 0.187]
====================Epoch  86 ====================
recommend loss 0.3003.
====================Epoch  87 ====================
recommend loss 0.2988.
====================Epoch  88 ====================
recommend loss 0.2977.
====================Epoch  89 ====================
recommend loss 0.2967.
====================Epoch  90 ====================
recommend loss 0.2962.
HR: [0.059, 0.106, 0.216, 0.354], NDCG: [0.059, 0.088, 0.137, 0.181]
HR: [0.091, 0.153, 0.271, 0.388], NDCG: [0.091, 0.13, 0.183, 0.22]
HR: [0.054, 0.096, 0.201, 0.337], NDCG: [0.054, 0.08, 0.127, 0.17]
HR: [0.077, 0.128, 0.224, 0.344], NDCG: [0.077, 0.109, 0.152, 0.191]
HR: [0.063 0.11  0.218 0.35 ], NDCG: [0.063 0.093 0.14  0.183]
====================Epoch  91 ====================
recommend loss 0.2946.
====================Epoch  92 ====================
recommend loss 0.2926.
====================Epoch  93 ====================
recommend loss 0.2925.
====================Epoch  94 ====================
recommend loss 0.2914.
====================Epoch  95 ====================
recommend loss 0.2900.
HR: [0.057, 0.102, 0.211, 0.348], NDCG: [0.057, 0.085, 0.134, 0.178]
HR: [0.093, 0.151, 0.272, 0.388], NDCG: [0.093, 0.13, 0.183, 0.221]
HR: [0.051, 0.091, 0.194, 0.329], NDCG: [0.051, 0.076, 0.122, 0.165]
HR: [0.074, 0.123, 0.224, 0.345], NDCG: [0.074, 0.105, 0.15, 0.189]
HR: [0.061 0.106 0.213 0.345], NDCG: [0.061 0.089 0.137 0.179]
====================Epoch  96 ====================
recommend loss 0.2886.
====================Epoch  97 ====================
recommend loss 0.2878.
====================Epoch  98 ====================
recommend loss 0.2878.
====================Epoch  99 ====================
recommend loss 0.2858.
====================Epoch  100 ====================
recommend loss 0.2853.
HR: [0.054, 0.099, 0.205, 0.338], NDCG: [0.054, 0.082, 0.129, 0.172]
HR: [0.092, 0.153, 0.268, 0.388], NDCG: [0.092, 0.131, 0.182, 0.22]
HR: [0.048, 0.087, 0.188, 0.32], NDCG: [0.048, 0.073, 0.117, 0.16]
HR: [0.076, 0.126, 0.224, 0.341], NDCG: [0.076, 0.107, 0.15, 0.188]
HR: [0.059 0.104 0.208 0.337], NDCG: [0.059 0.087 0.133 0.175]
HR:[0.091 0.157 0.29  0.432], NDCG:[0.091 0.133 0.192 0.238]
batch_time 0.023455303930979606
