Namespace(D=3, K_g=3, K_l=1, batch_size=512, embed_dim=32, init_lr=0.001, mapping=0, ratio=1, test_num_ng=99, topKs=[1, 2, 5, 10], train_num_ng=4)

================t Domain================
loading adjacency matrix
don't split the matrix

================a Domain================
loading adjacency matrix
don't split the matrix

================train================
Total number of param in CDATN is 620896
====================Epoch  0 ====================
recommend loss 0.6408.
HR: [0.086, 0.153, 0.29, 0.44], NDCG: [0.086, 0.128, 0.189, 0.237]
HR: [0.051, 0.086, 0.17, 0.272], NDCG: [0.051, 0.073, 0.11, 0.143]
HR: [0.097, 0.168, 0.305, 0.452], NDCG: [0.097, 0.141, 0.202, 0.25]
HR: [0.057, 0.093, 0.175, 0.272], NDCG: [0.057, 0.079, 0.116, 0.147]
HR: [0.082 0.143 0.267 0.404], NDCG: [0.082 0.12  0.175 0.219]
====================Epoch  1 ====================
recommend loss 0.5771.
====================Epoch  2 ====================
recommend loss 0.5552.
====================Epoch  3 ====================
recommend loss 0.5416.
====================Epoch  4 ====================
recommend loss 0.5319.
====================Epoch  5 ====================
recommend loss 0.5242.
HR: [0.076, 0.136, 0.261, 0.4], NDCG: [0.076, 0.113, 0.169, 0.214]
HR: [0.067, 0.108, 0.207, 0.329], NDCG: [0.067, 0.093, 0.137, 0.176]
HR: [0.088, 0.145, 0.275, 0.417], NDCG: [0.088, 0.124, 0.182, 0.227]
HR: [0.068, 0.108, 0.2, 0.31], NDCG: [0.068, 0.093, 0.134, 0.169]
HR: [0.078 0.133 0.252 0.387], NDCG: [0.078 0.112 0.166 0.209]
====================Epoch  6 ====================
recommend loss 0.5161.
====================Epoch  7 ====================
recommend loss 0.5089.
====================Epoch  8 ====================
recommend loss 0.5031.
====================Epoch  9 ====================
recommend loss 0.4975.
====================Epoch  10 ====================
recommend loss 0.4919.
HR: [0.083, 0.149, 0.282, 0.425], NDCG: [0.083, 0.125, 0.184, 0.23]
HR: [0.075, 0.123, 0.232, 0.358], NDCG: [0.075, 0.105, 0.154, 0.194]
HR: [0.093, 0.154, 0.29, 0.431], NDCG: [0.093, 0.132, 0.192, 0.238]
HR: [0.071, 0.113, 0.211, 0.326], NDCG: [0.071, 0.098, 0.141, 0.178]
HR: [0.084 0.143 0.27  0.407], NDCG: [0.084 0.122 0.178 0.222]
====================Epoch  11 ====================
recommend loss 0.4850.
====================Epoch  12 ====================
recommend loss 0.4808.
====================Epoch  13 ====================
recommend loss 0.4756.
====================Epoch  14 ====================
recommend loss 0.4716.
====================Epoch  15 ====================
recommend loss 0.4673.
HR: [0.09, 0.156, 0.293, 0.442], NDCG: [0.09, 0.131, 0.193, 0.241]
HR: [0.081, 0.136, 0.247, 0.372], NDCG: [0.081, 0.116, 0.165, 0.205]
HR: [0.094, 0.159, 0.299, 0.443], NDCG: [0.094, 0.135, 0.197, 0.243]
HR: [0.073, 0.119, 0.217, 0.333], NDCG: [0.073, 0.102, 0.146, 0.183]
HR: [0.088 0.15  0.28  0.42 ], NDCG: [0.088 0.127 0.185 0.23 ]
====================Epoch  16 ====================
recommend loss 0.4627.
====================Epoch  17 ====================
recommend loss 0.4593.
====================Epoch  18 ====================
recommend loss 0.4539.
====================Epoch  19 ====================
recommend loss 0.4499.
====================Epoch  20 ====================
recommend loss 0.4470.
HR: [0.093, 0.16, 0.3, 0.449], NDCG: [0.093, 0.136, 0.198, 0.246]
HR: [0.084, 0.141, 0.255, 0.377], NDCG: [0.084, 0.12, 0.171, 0.21]
HR: [0.095, 0.16, 0.303, 0.447], NDCG: [0.095, 0.136, 0.199, 0.246]
HR: [0.074, 0.118, 0.222, 0.338], NDCG: [0.074, 0.102, 0.148, 0.185]
HR: [0.09  0.152 0.286 0.426], NDCG: [0.09  0.13  0.189 0.234]
====================Epoch  21 ====================
recommend loss 0.4424.
====================Epoch  22 ====================
recommend loss 0.4397.
====================Epoch  23 ====================
recommend loss 0.4351.
====================Epoch  24 ====================
recommend loss 0.4315.
====================Epoch  25 ====================
recommend loss 0.4284.
HR: [0.094, 0.161, 0.303, 0.453], NDCG: [0.094, 0.136, 0.2, 0.248]
HR: [0.087, 0.146, 0.257, 0.384], NDCG: [0.087, 0.124, 0.173, 0.214]
HR: [0.094, 0.162, 0.302, 0.448], NDCG: [0.094, 0.137, 0.199, 0.246]
HR: [0.073, 0.119, 0.226, 0.342], NDCG: [0.073, 0.102, 0.15, 0.187]
HR: [0.09  0.154 0.287 0.429], NDCG: [0.09  0.131 0.19  0.235]
====================Epoch  26 ====================
recommend loss 0.4260.
====================Epoch  27 ====================
recommend loss 0.4227.
====================Epoch  28 ====================
recommend loss 0.4186.
====================Epoch  29 ====================
recommend loss 0.4174.
====================Epoch  30 ====================
recommend loss 0.4141.
HR: [0.093, 0.161, 0.303, 0.454], NDCG: [0.093, 0.136, 0.2, 0.248]
HR: [0.088, 0.147, 0.26, 0.385], NDCG: [0.088, 0.125, 0.175, 0.216]
HR: [0.094, 0.159, 0.3, 0.444], NDCG: [0.094, 0.135, 0.197, 0.244]
HR: [0.074, 0.12, 0.228, 0.342], NDCG: [0.074, 0.103, 0.151, 0.188]
HR: [0.09  0.153 0.287 0.428], NDCG: [0.09  0.13  0.19  0.235]
====================Epoch  31 ====================
recommend loss 0.4105.
====================Epoch  32 ====================
recommend loss 0.4078.
====================Epoch  33 ====================
recommend loss 0.4050.
====================Epoch  34 ====================
recommend loss 0.4018.
====================Epoch  35 ====================
recommend loss 0.3990.
HR: [0.093, 0.161, 0.303, 0.451], NDCG: [0.093, 0.136, 0.199, 0.247]
HR: [0.09, 0.148, 0.266, 0.386], NDCG: [0.09, 0.127, 0.179, 0.218]
HR: [0.092, 0.158, 0.296, 0.438], NDCG: [0.092, 0.134, 0.195, 0.241]
HR: [0.076, 0.124, 0.229, 0.343], NDCG: [0.076, 0.106, 0.153, 0.189]
HR: [0.09  0.154 0.287 0.425], NDCG: [0.09  0.13  0.189 0.234]
====================Epoch  36 ====================
recommend loss 0.3963.
====================Epoch  37 ====================
recommend loss 0.3940.
====================Epoch  38 ====================
recommend loss 0.3912.
====================Epoch  39 ====================
recommend loss 0.3893.
====================Epoch  40 ====================
recommend loss 0.3873.
HR: [0.091, 0.158, 0.3, 0.447], NDCG: [0.091, 0.133, 0.197, 0.244]
HR: [0.093, 0.149, 0.268, 0.389], NDCG: [0.093, 0.128, 0.181, 0.22]
HR: [0.09, 0.152, 0.288, 0.431], NDCG: [0.09, 0.13, 0.19, 0.236]
HR: [0.076, 0.121, 0.23, 0.342], NDCG: [0.076, 0.104, 0.153, 0.189]
HR: [0.089 0.15  0.283 0.421], NDCG: [0.089 0.128 0.187 0.231]
====================Epoch  41 ====================
recommend loss 0.3842.
====================Epoch  42 ====================
recommend loss 0.3820.
====================Epoch  43 ====================
recommend loss 0.3794.
====================Epoch  44 ====================
recommend loss 0.3763.
====================Epoch  45 ====================
recommend loss 0.3748.
HR: [0.088, 0.157, 0.296, 0.443], NDCG: [0.088, 0.132, 0.193, 0.241]
HR: [0.092, 0.15, 0.266, 0.391], NDCG: [0.092, 0.129, 0.18, 0.22]
HR: [0.086, 0.15, 0.281, 0.426], NDCG: [0.086, 0.126, 0.185, 0.231]
HR: [0.078, 0.12, 0.231, 0.342], NDCG: [0.078, 0.104, 0.153, 0.189]
HR: [0.086 0.149 0.279 0.418], NDCG: [0.086 0.126 0.183 0.228]
====================Epoch  46 ====================
recommend loss 0.3726.
====================Epoch  47 ====================
recommend loss 0.3706.
====================Epoch  48 ====================
recommend loss 0.3685.
====================Epoch  49 ====================
recommend loss 0.3655.
====================Epoch  50 ====================
recommend loss 0.3640.
HR: [0.086, 0.152, 0.29, 0.437], NDCG: [0.086, 0.128, 0.189, 0.236]
HR: [0.092, 0.15, 0.268, 0.388], NDCG: [0.092, 0.128, 0.181, 0.219]
HR: [0.084, 0.144, 0.273, 0.419], NDCG: [0.084, 0.122, 0.18, 0.226]
HR: [0.077, 0.124, 0.23, 0.341], NDCG: [0.077, 0.106, 0.153, 0.189]
HR: [0.085 0.145 0.273 0.412], NDCG: [0.085 0.123 0.18  0.224]
====================Epoch  51 ====================
recommend loss 0.3625.
====================Epoch  52 ====================
recommend loss 0.3602.
====================Epoch  53 ====================
recommend loss 0.3585.
====================Epoch  54 ====================
recommend loss 0.3558.
====================Epoch  55 ====================
recommend loss 0.3541.
HR: [0.085, 0.149, 0.284, 0.431], NDCG: [0.085, 0.125, 0.185, 0.232]
HR: [0.091, 0.151, 0.267, 0.389], NDCG: [0.091, 0.129, 0.18, 0.219]
HR: [0.081, 0.14, 0.266, 0.409], NDCG: [0.081, 0.118, 0.174, 0.22]
HR: [0.075, 0.123, 0.23, 0.341], NDCG: [0.075, 0.105, 0.152, 0.188]
HR: [0.083 0.143 0.268 0.406], NDCG: [0.083 0.12  0.176 0.22 ]
====================Epoch  56 ====================
recommend loss 0.3527.
====================Epoch  57 ====================
recommend loss 0.3506.
====================Epoch  58 ====================
recommend loss 0.3483.
====================Epoch  59 ====================
recommend loss 0.3467.
====================Epoch  60 ====================
recommend loss 0.3451.
HR: [0.083, 0.145, 0.277, 0.425], NDCG: [0.083, 0.122, 0.181, 0.228]
HR: [0.09, 0.151, 0.265, 0.392], NDCG: [0.09, 0.128, 0.179, 0.22]
HR: [0.078, 0.135, 0.257, 0.4], NDCG: [0.078, 0.114, 0.168, 0.214]
HR: [0.075, 0.122, 0.228, 0.343], NDCG: [0.075, 0.105, 0.151, 0.189]
HR: [0.081 0.139 0.262 0.401], NDCG: [0.081 0.117 0.172 0.217]
====================Epoch  61 ====================
recommend loss 0.3440.
====================Epoch  62 ====================
recommend loss 0.3418.
====================Epoch  63 ====================
recommend loss 0.3399.
====================Epoch  64 ====================
recommend loss 0.3384.
====================Epoch  65 ====================
recommend loss 0.3375.
HR: [0.079, 0.14, 0.271, 0.415], NDCG: [0.079, 0.118, 0.176, 0.222]
HR: [0.089, 0.149, 0.263, 0.388], NDCG: [0.089, 0.127, 0.177, 0.218]
HR: [0.075, 0.128, 0.25, 0.39], NDCG: [0.075, 0.109, 0.163, 0.208]
HR: [0.075, 0.12, 0.229, 0.338], NDCG: [0.075, 0.104, 0.152, 0.187]
HR: [0.078 0.134 0.257 0.393], NDCG: [0.078 0.114 0.168 0.212]
====================Epoch  66 ====================
recommend loss 0.3358.
====================Epoch  67 ====================
recommend loss 0.3338.
====================Epoch  68 ====================
recommend loss 0.3316.
====================Epoch  69 ====================
recommend loss 0.3306.
====================Epoch  70 ====================
recommend loss 0.3294.
HR: [0.076, 0.137, 0.263, 0.407], NDCG: [0.076, 0.114, 0.171, 0.217]
HR: [0.09, 0.148, 0.261, 0.389], NDCG: [0.09, 0.127, 0.177, 0.219]
HR: [0.073, 0.124, 0.242, 0.38], NDCG: [0.073, 0.105, 0.158, 0.202]
HR: [0.075, 0.121, 0.227, 0.34], NDCG: [0.075, 0.104, 0.151, 0.187]
HR: [0.076 0.131 0.25  0.386], NDCG: [0.076 0.111 0.164 0.208]
====================Epoch  71 ====================
recommend loss 0.3278.
====================Epoch  72 ====================
recommend loss 0.3266.
====================Epoch  73 ====================
recommend loss 0.3243.
====================Epoch  74 ====================
recommend loss 0.3232.
====================Epoch  75 ====================
recommend loss 0.3212.
HR: [0.074, 0.133, 0.255, 0.402], NDCG: [0.074, 0.111, 0.166, 0.213]
HR: [0.09, 0.149, 0.261, 0.388], NDCG: [0.09, 0.128, 0.177, 0.218]
HR: [0.069, 0.12, 0.235, 0.372], NDCG: [0.069, 0.101, 0.152, 0.196]
HR: [0.075, 0.12, 0.227, 0.337], NDCG: [0.075, 0.104, 0.151, 0.186]
HR: [0.074 0.128 0.245 0.381], NDCG: [0.074 0.108 0.16  0.204]
====================Epoch  76 ====================
recommend loss 0.3204.
====================Epoch  77 ====================
recommend loss 0.3191.
====================Epoch  78 ====================
recommend loss 0.3178.
====================Epoch  79 ====================
recommend loss 0.3164.
====================Epoch  80 ====================
recommend loss 0.3148.
HR: [0.071, 0.129, 0.249, 0.393], NDCG: [0.071, 0.107, 0.161, 0.207]
HR: [0.088, 0.15, 0.261, 0.387], NDCG: [0.088, 0.127, 0.176, 0.217]
HR: [0.065, 0.115, 0.226, 0.363], NDCG: [0.065, 0.097, 0.146, 0.19]
HR: [0.073, 0.12, 0.226, 0.339], NDCG: [0.073, 0.103, 0.15, 0.186]
HR: [0.071 0.125 0.239 0.374], NDCG: [0.071 0.105 0.156 0.199]
====================Epoch  81 ====================
recommend loss 0.3137.
====================Epoch  82 ====================
recommend loss 0.3122.
====================Epoch  83 ====================
recommend loss 0.3114.
====================Epoch  84 ====================
recommend loss 0.3102.
====================Epoch  85 ====================
recommend loss 0.3094.
HR: [0.068, 0.123, 0.243, 0.386], NDCG: [0.068, 0.103, 0.155, 0.202]
HR: [0.088, 0.148, 0.258, 0.384], NDCG: [0.088, 0.126, 0.175, 0.216]
HR: [0.062, 0.11, 0.218, 0.354], NDCG: [0.062, 0.092, 0.14, 0.184]
HR: [0.073, 0.119, 0.225, 0.342], NDCG: [0.073, 0.102, 0.149, 0.186]
HR: [0.069 0.12  0.233 0.368], NDCG: [0.069 0.101 0.151 0.195]
====================Epoch  86 ====================
recommend loss 0.3079.
====================Epoch  87 ====================
recommend loss 0.3062.
====================Epoch  88 ====================
recommend loss 0.3049.
====================Epoch  89 ====================
recommend loss 0.3047.
====================Epoch  90 ====================
recommend loss 0.3034.
HR: [0.065, 0.118, 0.236, 0.379], NDCG: [0.065, 0.098, 0.15, 0.196]
HR: [0.089, 0.149, 0.259, 0.385], NDCG: [0.089, 0.127, 0.176, 0.216]
HR: [0.058, 0.106, 0.212, 0.347], NDCG: [0.058, 0.088, 0.135, 0.179]
HR: [0.072, 0.116, 0.224, 0.337], NDCG: [0.072, 0.1, 0.148, 0.184]
HR: [0.066 0.117 0.228 0.362], NDCG: [0.066 0.098 0.147 0.19 ]
====================Epoch  91 ====================
recommend loss 0.3019.
====================Epoch  92 ====================
recommend loss 0.3008.
====================Epoch  93 ====================
recommend loss 0.3002.
====================Epoch  94 ====================
recommend loss 0.2987.
====================Epoch  95 ====================
recommend loss 0.2974.
HR: [0.062, 0.113, 0.23, 0.373], NDCG: [0.062, 0.094, 0.146, 0.192]
HR: [0.086, 0.148, 0.256, 0.383], NDCG: [0.086, 0.125, 0.173, 0.214]
HR: [0.055, 0.102, 0.204, 0.339], NDCG: [0.055, 0.084, 0.13, 0.173]
HR: [0.074, 0.116, 0.224, 0.336], NDCG: [0.074, 0.1, 0.148, 0.184]
HR: [0.064 0.113 0.222 0.357], NDCG: [0.064 0.095 0.143 0.186]
====================Epoch  96 ====================
recommend loss 0.2957.
====================Epoch  97 ====================
recommend loss 0.2951.
====================Epoch  98 ====================
recommend loss 0.2940.
====================Epoch  99 ====================
recommend loss 0.2925.
====================Epoch  100 ====================
recommend loss 0.2925.
HR: [0.06, 0.111, 0.223, 0.365], NDCG: [0.06, 0.092, 0.142, 0.187]
HR: [0.086, 0.144, 0.254, 0.38], NDCG: [0.086, 0.123, 0.172, 0.213]
HR: [0.052, 0.097, 0.198, 0.331], NDCG: [0.052, 0.081, 0.125, 0.168]
HR: [0.072, 0.115, 0.222, 0.336], NDCG: [0.072, 0.099, 0.147, 0.184]
HR: [0.062 0.11  0.217 0.35 ], NDCG: [0.062 0.092 0.14  0.182]
HR:[0.09  0.154 0.287 0.429], NDCG:[0.09  0.131 0.19  0.235]
batch_time 0.023376033592975548
