Namespace(D=3, K_g=3, K_l=1, batch_size=512, embed_dim=32, init_lr=0.001, mapping=0, ratio=1, test_num_ng=99, topKs=[1, 2, 5, 10], train_num_ng=4)

================t Domain================
loading adjacency matrix
don't split the matrix

================a Domain================
loading adjacency matrix
don't split the matrix

================train================
Total number of param in CDATN is 620896
====================Epoch  0 ====================
recommend loss 0.6503.
HR: [0.088, 0.153, 0.293, 0.443], NDCG: [0.088, 0.129, 0.192, 0.24]
HR: [0.05, 0.085, 0.165, 0.278], NDCG: [0.05, 0.072, 0.107, 0.143]
HR: [0.099, 0.167, 0.305, 0.455], NDCG: [0.099, 0.142, 0.203, 0.251]
HR: [0.058, 0.092, 0.175, 0.275], NDCG: [0.058, 0.08, 0.116, 0.148]
HR: [0.084 0.143 0.268 0.407], NDCG: [0.084 0.121 0.177 0.221]
====================Epoch  1 ====================
recommend loss 0.5801.
====================Epoch  2 ====================
recommend loss 0.5565.
====================Epoch  3 ====================
recommend loss 0.5423.
====================Epoch  4 ====================
recommend loss 0.5331.
====================Epoch  5 ====================
recommend loss 0.5234.
HR: [0.08, 0.14, 0.268, 0.408], NDCG: [0.08, 0.118, 0.175, 0.22]
HR: [0.064, 0.109, 0.215, 0.338], NDCG: [0.064, 0.093, 0.14, 0.18]
HR: [0.093, 0.153, 0.287, 0.426], NDCG: [0.093, 0.131, 0.191, 0.235]
HR: [0.065, 0.111, 0.201, 0.318], NDCG: [0.065, 0.094, 0.134, 0.171]
HR: [0.081 0.138 0.26  0.395], NDCG: [0.081 0.117 0.172 0.215]
====================Epoch  6 ====================
recommend loss 0.5159.
====================Epoch  7 ====================
recommend loss 0.5087.
====================Epoch  8 ====================
recommend loss 0.5017.
====================Epoch  9 ====================
recommend loss 0.4962.
====================Epoch  10 ====================
recommend loss 0.4905.
HR: [0.089, 0.154, 0.287, 0.433], NDCG: [0.089, 0.13, 0.19, 0.236]
HR: [0.074, 0.13, 0.244, 0.368], NDCG: [0.074, 0.109, 0.16, 0.2]
HR: [0.098, 0.164, 0.301, 0.445], NDCG: [0.098, 0.14, 0.201, 0.247]
HR: [0.069, 0.116, 0.213, 0.328], NDCG: [0.069, 0.099, 0.142, 0.178]
HR: [0.088 0.15  0.278 0.417], NDCG: [0.088 0.127 0.185 0.229]
====================Epoch  11 ====================
recommend loss 0.4850.
====================Epoch  12 ====================
recommend loss 0.4787.
====================Epoch  13 ====================
recommend loss 0.4741.
====================Epoch  14 ====================
recommend loss 0.4693.
====================Epoch  15 ====================
recommend loss 0.4649.
HR: [0.092, 0.162, 0.297, 0.448], NDCG: [0.092, 0.136, 0.196, 0.245]
HR: [0.08, 0.139, 0.261, 0.38], NDCG: [0.08, 0.117, 0.172, 0.21]
HR: [0.098, 0.166, 0.305, 0.451], NDCG: [0.098, 0.141, 0.203, 0.25]
HR: [0.071, 0.119, 0.22, 0.336], NDCG: [0.071, 0.101, 0.146, 0.183]
HR: [0.09  0.155 0.286 0.427], NDCG: [0.09  0.131 0.189 0.235]
====================Epoch  16 ====================
recommend loss 0.4607.
====================Epoch  17 ====================
recommend loss 0.4558.
====================Epoch  18 ====================
recommend loss 0.4516.
====================Epoch  19 ====================
recommend loss 0.4488.
====================Epoch  20 ====================
recommend loss 0.4432.
HR: [0.093, 0.159, 0.301, 0.451], NDCG: [0.093, 0.135, 0.198, 0.246]
HR: [0.09, 0.146, 0.272, 0.392], NDCG: [0.09, 0.125, 0.182, 0.22]
HR: [0.097, 0.166, 0.303, 0.45], NDCG: [0.097, 0.14, 0.202, 0.249]
HR: [0.075, 0.12, 0.224, 0.34], NDCG: [0.075, 0.103, 0.149, 0.187]
HR: [0.092 0.155 0.289 0.43 ], NDCG: [0.092 0.132 0.191 0.237]
====================Epoch  21 ====================
recommend loss 0.4390.
====================Epoch  22 ====================
recommend loss 0.4357.
====================Epoch  23 ====================
recommend loss 0.4326.
====================Epoch  24 ====================
recommend loss 0.4291.
====================Epoch  25 ====================
recommend loss 0.4252.
HR: [0.095, 0.158, 0.3, 0.451], NDCG: [0.095, 0.135, 0.198, 0.247]
HR: [0.093, 0.153, 0.278, 0.401], NDCG: [0.093, 0.131, 0.187, 0.226]
HR: [0.095, 0.164, 0.3, 0.444], NDCG: [0.095, 0.139, 0.199, 0.246]
HR: [0.073, 0.12, 0.226, 0.342], NDCG: [0.073, 0.103, 0.15, 0.187]
HR: [0.092 0.155 0.288 0.429], NDCG: [0.092 0.132 0.191 0.237]
====================Epoch  26 ====================
recommend loss 0.4214.
====================Epoch  27 ====================
recommend loss 0.4181.
====================Epoch  28 ====================
recommend loss 0.4144.
====================Epoch  29 ====================
recommend loss 0.4121.
====================Epoch  30 ====================
recommend loss 0.4092.
HR: [0.094, 0.158, 0.295, 0.443], NDCG: [0.094, 0.135, 0.196, 0.243]
HR: [0.094, 0.153, 0.283, 0.404], NDCG: [0.094, 0.131, 0.189, 0.228]
HR: [0.094, 0.162, 0.295, 0.441], NDCG: [0.094, 0.137, 0.196, 0.243]
HR: [0.074, 0.124, 0.229, 0.348], NDCG: [0.074, 0.106, 0.152, 0.19]
HR: [0.091 0.155 0.285 0.426], NDCG: [0.091 0.132 0.19  0.234]
====================Epoch  31 ====================
recommend loss 0.4051.
====================Epoch  32 ====================
recommend loss 0.4029.
====================Epoch  33 ====================
recommend loss 0.3994.
====================Epoch  34 ====================
recommend loss 0.3965.
====================Epoch  35 ====================
recommend loss 0.3943.
HR: [0.092, 0.155, 0.291, 0.439], NDCG: [0.092, 0.132, 0.192, 0.24]
HR: [0.096, 0.158, 0.281, 0.404], NDCG: [0.096, 0.135, 0.19, 0.23]
HR: [0.092, 0.155, 0.291, 0.434], NDCG: [0.092, 0.131, 0.192, 0.238]
HR: [0.074, 0.124, 0.231, 0.348], NDCG: [0.074, 0.106, 0.153, 0.191]
HR: [0.09  0.151 0.282 0.421], NDCG: [0.09  0.129 0.187 0.232]
====================Epoch  36 ====================
recommend loss 0.3917.
====================Epoch  37 ====================
recommend loss 0.3888.
====================Epoch  38 ====================
recommend loss 0.3852.
====================Epoch  39 ====================
recommend loss 0.3826.
====================Epoch  40 ====================
recommend loss 0.3816.
HR: [0.091, 0.151, 0.286, 0.43], NDCG: [0.091, 0.129, 0.189, 0.236]
HR: [0.097, 0.161, 0.285, 0.406], NDCG: [0.097, 0.137, 0.192, 0.231]
HR: [0.089, 0.148, 0.283, 0.426], NDCG: [0.089, 0.126, 0.187, 0.232]
HR: [0.075, 0.121, 0.231, 0.348], NDCG: [0.075, 0.104, 0.153, 0.19]
HR: [0.089 0.147 0.278 0.415], NDCG: [0.089 0.126 0.184 0.228]
====================Epoch  41 ====================
recommend loss 0.3785.
====================Epoch  42 ====================
recommend loss 0.3760.
====================Epoch  43 ====================
recommend loss 0.3736.
====================Epoch  44 ====================
recommend loss 0.3716.
====================Epoch  45 ====================
recommend loss 0.3691.
HR: [0.088, 0.147, 0.282, 0.423], NDCG: [0.088, 0.125, 0.185, 0.231]
HR: [0.096, 0.161, 0.285, 0.407], NDCG: [0.096, 0.137, 0.193, 0.232]
HR: [0.085, 0.145, 0.274, 0.417], NDCG: [0.085, 0.123, 0.18, 0.226]
HR: [0.073, 0.121, 0.233, 0.347], NDCG: [0.073, 0.103, 0.153, 0.189]
HR: [0.086 0.145 0.273 0.409], NDCG: [0.086 0.123 0.18  0.224]
====================Epoch  46 ====================
recommend loss 0.3669.
====================Epoch  47 ====================
recommend loss 0.3638.
====================Epoch  48 ====================
recommend loss 0.3615.
====================Epoch  49 ====================
recommend loss 0.3596.
====================Epoch  50 ====================
recommend loss 0.3584.
HR: [0.086, 0.145, 0.276, 0.417], NDCG: [0.086, 0.124, 0.182, 0.227]
HR: [0.096, 0.162, 0.286, 0.405], NDCG: [0.096, 0.138, 0.193, 0.232]
HR: [0.082, 0.14, 0.266, 0.411], NDCG: [0.082, 0.118, 0.175, 0.221]
HR: [0.073, 0.118, 0.233, 0.348], NDCG: [0.073, 0.102, 0.152, 0.189]
HR: [0.084 0.142 0.268 0.405], NDCG: [0.084 0.121 0.177 0.22 ]
====================Epoch  51 ====================
recommend loss 0.3556.
====================Epoch  52 ====================
recommend loss 0.3539.
====================Epoch  53 ====================
recommend loss 0.3514.
====================Epoch  54 ====================
recommend loss 0.3508.
====================Epoch  55 ====================
recommend loss 0.3477.
HR: [0.084, 0.141, 0.272, 0.413], NDCG: [0.084, 0.12, 0.178, 0.224]
HR: [0.097, 0.161, 0.286, 0.405], NDCG: [0.097, 0.138, 0.193, 0.232]
HR: [0.078, 0.135, 0.26, 0.402], NDCG: [0.078, 0.114, 0.169, 0.215]
HR: [0.072, 0.121, 0.232, 0.349], NDCG: [0.072, 0.103, 0.152, 0.19]
HR: [0.082 0.138 0.264 0.4  ], NDCG: [0.082 0.118 0.173 0.217]
====================Epoch  56 ====================
recommend loss 0.3461.
====================Epoch  57 ====================
recommend loss 0.3441.
====================Epoch  58 ====================
recommend loss 0.3426.
====================Epoch  59 ====================
recommend loss 0.3405.
====================Epoch  60 ====================
recommend loss 0.3391.
HR: [0.082, 0.137, 0.266, 0.406], NDCG: [0.082, 0.117, 0.174, 0.219]
HR: [0.094, 0.16, 0.286, 0.404], NDCG: [0.094, 0.136, 0.192, 0.23]
HR: [0.075, 0.13, 0.251, 0.393], NDCG: [0.075, 0.11, 0.163, 0.209]
HR: [0.073, 0.119, 0.23, 0.347], NDCG: [0.073, 0.102, 0.151, 0.189]
HR: [0.08  0.135 0.258 0.393], NDCG: [0.08  0.115 0.169 0.213]
====================Epoch  61 ====================
recommend loss 0.3362.
====================Epoch  62 ====================
recommend loss 0.3356.
====================Epoch  63 ====================
recommend loss 0.3330.
====================Epoch  64 ====================
recommend loss 0.3320.
====================Epoch  65 ====================
recommend loss 0.3299.
HR: [0.08, 0.133, 0.259, 0.4], NDCG: [0.08, 0.113, 0.169, 0.215]
HR: [0.099, 0.16, 0.284, 0.403], NDCG: [0.099, 0.137, 0.193, 0.231]
HR: [0.071, 0.124, 0.244, 0.384], NDCG: [0.071, 0.105, 0.158, 0.203]
HR: [0.072, 0.12, 0.229, 0.343], NDCG: [0.072, 0.103, 0.151, 0.188]
HR: [0.078 0.131 0.252 0.387], NDCG: [0.078 0.111 0.165 0.209]
====================Epoch  66 ====================
recommend loss 0.3281.
====================Epoch  67 ====================
recommend loss 0.3272.
====================Epoch  68 ====================
recommend loss 0.3252.
====================Epoch  69 ====================
recommend loss 0.3239.
====================Epoch  70 ====================
recommend loss 0.3226.
HR: [0.078, 0.13, 0.255, 0.395], NDCG: [0.078, 0.111, 0.166, 0.212]
HR: [0.096, 0.159, 0.284, 0.403], NDCG: [0.096, 0.136, 0.192, 0.23]
HR: [0.069, 0.12, 0.235, 0.377], NDCG: [0.069, 0.101, 0.152, 0.198]
HR: [0.07, 0.121, 0.227, 0.344], NDCG: [0.07, 0.103, 0.15, 0.187]
HR: [0.076 0.128 0.247 0.383], NDCG: [0.076 0.109 0.162 0.206]
====================Epoch  71 ====================
recommend loss 0.3208.
====================Epoch  72 ====================
recommend loss 0.3193.
====================Epoch  73 ====================
recommend loss 0.3185.
====================Epoch  74 ====================
recommend loss 0.3166.
====================Epoch  75 ====================
recommend loss 0.3147.
HR: [0.075, 0.128, 0.249, 0.39], NDCG: [0.075, 0.109, 0.162, 0.207]
HR: [0.097, 0.161, 0.283, 0.398], NDCG: [0.097, 0.137, 0.192, 0.229]
HR: [0.066, 0.114, 0.229, 0.37], NDCG: [0.066, 0.096, 0.147, 0.193]
HR: [0.073, 0.121, 0.229, 0.345], NDCG: [0.073, 0.103, 0.151, 0.188]
HR: [0.074 0.126 0.243 0.378], NDCG: [0.074 0.107 0.158 0.202]
====================Epoch  76 ====================
recommend loss 0.3141.
====================Epoch  77 ====================
recommend loss 0.3123.
====================Epoch  78 ====================
recommend loss 0.3108.
====================Epoch  79 ====================
recommend loss 0.3091.
====================Epoch  80 ====================
recommend loss 0.3088.
HR: [0.073, 0.124, 0.244, 0.384], NDCG: [0.073, 0.105, 0.158, 0.203]
HR: [0.096, 0.162, 0.284, 0.397], NDCG: [0.096, 0.138, 0.192, 0.229]
HR: [0.063, 0.109, 0.222, 0.362], NDCG: [0.063, 0.092, 0.142, 0.187]
HR: [0.073, 0.12, 0.229, 0.342], NDCG: [0.073, 0.102, 0.151, 0.187]
HR: [0.072 0.122 0.238 0.372], NDCG: [0.072 0.104 0.155 0.198]
====================Epoch  81 ====================
recommend loss 0.3074.
====================Epoch  82 ====================
recommend loss 0.3059.
====================Epoch  83 ====================
recommend loss 0.3049.
====================Epoch  84 ====================
recommend loss 0.3033.
====================Epoch  85 ====================
recommend loss 0.3029.
HR: [0.071, 0.122, 0.239, 0.379], NDCG: [0.071, 0.103, 0.155, 0.2]
HR: [0.097, 0.162, 0.284, 0.397], NDCG: [0.097, 0.138, 0.192, 0.228]
HR: [0.059, 0.105, 0.215, 0.355], NDCG: [0.059, 0.088, 0.137, 0.182]
HR: [0.073, 0.118, 0.226, 0.343], NDCG: [0.073, 0.101, 0.149, 0.187]
HR: [0.07  0.12  0.233 0.367], NDCG: [0.07  0.101 0.152 0.195]
====================Epoch  86 ====================
recommend loss 0.3014.
====================Epoch  87 ====================
recommend loss 0.3002.
====================Epoch  88 ====================
recommend loss 0.2983.
====================Epoch  89 ====================
recommend loss 0.2979.
====================Epoch  90 ====================
recommend loss 0.2966.
HR: [0.068, 0.118, 0.233, 0.374], NDCG: [0.068, 0.1, 0.151, 0.196]
HR: [0.096, 0.162, 0.281, 0.398], NDCG: [0.096, 0.138, 0.19, 0.228]
HR: [0.057, 0.102, 0.209, 0.347], NDCG: [0.057, 0.085, 0.132, 0.177]
HR: [0.072, 0.118, 0.222, 0.342], NDCG: [0.072, 0.101, 0.148, 0.186]
HR: [0.068 0.117 0.228 0.362], NDCG: [0.068 0.099 0.148 0.191]
====================Epoch  91 ====================
recommend loss 0.2956.
====================Epoch  92 ====================
recommend loss 0.2951.
====================Epoch  93 ====================
recommend loss 0.2933.
====================Epoch  94 ====================
recommend loss 0.2918.
====================Epoch  95 ====================
recommend loss 0.2911.
HR: [0.067, 0.115, 0.23, 0.369], NDCG: [0.067, 0.097, 0.148, 0.193]
HR: [0.095, 0.16, 0.279, 0.395], NDCG: [0.095, 0.136, 0.189, 0.226]
HR: [0.054, 0.098, 0.204, 0.34], NDCG: [0.054, 0.082, 0.128, 0.172]
HR: [0.073, 0.116, 0.222, 0.341], NDCG: [0.073, 0.1, 0.148, 0.186]
HR: [0.066 0.114 0.225 0.357], NDCG: [0.066 0.096 0.145 0.188]
====================Epoch  96 ====================
recommend loss 0.2900.
====================Epoch  97 ====================
recommend loss 0.2889.
====================Epoch  98 ====================
recommend loss 0.2885.
====================Epoch  99 ====================
recommend loss 0.2867.
====================Epoch  100 ====================
recommend loss 0.2857.
HR: [0.064, 0.112, 0.226, 0.364], NDCG: [0.064, 0.095, 0.145, 0.189]
HR: [0.095, 0.159, 0.278, 0.394], NDCG: [0.095, 0.135, 0.188, 0.226]
HR: [0.052, 0.094, 0.197, 0.334], NDCG: [0.052, 0.079, 0.124, 0.168]
HR: [0.07, 0.116, 0.22, 0.338], NDCG: [0.07, 0.099, 0.146, 0.184]
HR: [0.064 0.111 0.22  0.353], NDCG: [0.064 0.094 0.142 0.185]
HR:[0.092 0.155 0.289 0.43 ], NDCG:[0.092 0.132 0.191 0.237]
batch_time 0.01848073860552281
