[INFO] 2023-01-27 11:38:46,702 Experiment ID.20230127_113846 start ...... 
[INFO] 2023-01-27 11:39:26,171 mapping loss = 1.161323 
[INFO] 2023-01-27 11:40:13,346 recommend loss 0.6067. 
[INFO] 2023-01-27 11:40:30,623 mapping loss = 1.070053 
[INFO] 2023-01-27 11:41:17,622 recommend loss 0.5087. 
[INFO] 2023-01-27 11:41:34,605 mapping loss = 1.018276 
[INFO] 2023-01-27 11:42:21,127 recommend loss 0.4573. 
[INFO] 2023-01-27 11:42:38,268 mapping loss = 0.985755 
[INFO] 2023-01-27 11:43:25,056 recommend loss 0.4054. 
[INFO] 2023-01-27 11:43:42,153 mapping loss = 0.950942 
[INFO] 2023-01-27 11:44:28,553 recommend loss 0.3618. 
[INFO] 2023-01-27 11:44:45,523 mapping loss = 0.910819 
[INFO] 2023-01-27 11:45:31,985 recommend loss 0.3261. 
[INFO] 2023-01-27 11:46:00,033 HR: [0.07, 0.126, 0.246, 0.388], NDCG: [0.07, 0.105, 0.159, 0.205] 
[INFO] 2023-01-27 11:46:08,578 HR: [0.035, 0.063, 0.131, 0.216], NDCG: [0.035, 0.053, 0.083, 0.11] 
[INFO] 2023-01-27 11:46:36,386 HR: [0.064, 0.114, 0.228, 0.36], NDCG: [0.064, 0.095, 0.146, 0.188] 
[INFO] 2023-01-27 11:46:44,703 HR: [0.029, 0.055, 0.115, 0.199], NDCG: [0.029, 0.046, 0.072, 0.099] 
[INFO] 2023-01-27 11:46:44,704 HR: [0.058 0.105 0.209 0.333], NDCG: [0.058 0.088 0.134 0.174] 
[INFO] 2023-01-27 11:47:02,381 mapping loss = 0.871397 
[INFO] 2023-01-27 11:47:49,134 recommend loss 0.3002. 
[INFO] 2023-01-27 11:48:06,439 mapping loss = 0.829641 
[INFO] 2023-01-27 11:48:53,002 recommend loss 0.2785. 
[INFO] 2023-01-27 11:49:10,808 mapping loss = 0.789394 
[INFO] 2023-01-27 11:49:57,347 recommend loss 0.2617. 
[INFO] 2023-01-27 11:50:16,172 mapping loss = 0.753216 
[INFO] 2023-01-27 11:51:04,425 recommend loss 0.2473. 
[INFO] 2023-01-27 11:51:26,921 mapping loss = 0.719492 
[INFO] 2023-01-27 11:52:16,688 recommend loss 0.2349. 
[INFO] 2023-01-27 11:52:42,583 HR: [0.077, 0.137, 0.27, 0.418], NDCG: [0.077, 0.115, 0.174, 0.222] 
[INFO] 2023-01-27 11:52:50,149 HR: [0.03, 0.056, 0.12, 0.203], NDCG: [0.03, 0.047, 0.074, 0.101] 
[INFO] 2023-01-27 11:53:14,804 HR: [0.07, 0.124, 0.243, 0.387], NDCG: [0.07, 0.104, 0.157, 0.203] 
[INFO] 2023-01-27 11:53:23,137 HR: [0.026, 0.051, 0.11, 0.188], NDCG: [0.026, 0.041, 0.068, 0.093] 
[INFO] 2023-01-27 11:53:23,138 HR: [0.062 0.112 0.222 0.352], NDCG: [0.062 0.093 0.142 0.184] 
[INFO] 2023-01-27 11:53:39,995 mapping loss = 0.684982 
[INFO] 2023-01-27 11:54:26,553 recommend loss 0.2238. 
[INFO] 2023-01-27 11:54:43,768 mapping loss = 0.654028 
[INFO] 2023-01-27 11:55:30,902 recommend loss 0.2155. 
[INFO] 2023-01-27 11:55:53,561 mapping loss = 0.624459 
[INFO] 2023-01-27 11:56:41,727 recommend loss 0.2073. 
[INFO] 2023-01-27 11:57:04,241 mapping loss = 0.595727 
[INFO] 2023-01-27 11:57:53,751 recommend loss 0.2007. 
[INFO] 2023-01-27 11:58:16,227 mapping loss = 0.570553 
[INFO] 2023-01-27 11:59:03,425 recommend loss 0.1934. 
[INFO] 2023-01-27 11:59:28,264 HR: [0.08, 0.142, 0.278, 0.432], NDCG: [0.08, 0.119, 0.18, 0.229] 
[INFO] 2023-01-27 11:59:35,840 HR: [0.027, 0.052, 0.112, 0.201], NDCG: [0.027, 0.043, 0.069, 0.097] 
[INFO] 2023-01-27 12:00:01,038 HR: [0.073, 0.128, 0.252, 0.4], NDCG: [0.073, 0.107, 0.163, 0.211] 
[INFO] 2023-01-27 12:00:09,420 HR: [0.026, 0.046, 0.11, 0.189], NDCG: [0.026, 0.039, 0.067, 0.092] 
[INFO] 2023-01-27 12:00:09,421 HR: [0.064 0.114 0.227 0.362], NDCG: [0.064 0.095 0.146 0.189] 
[INFO] 2023-01-27 12:00:27,244 mapping loss = 0.546300 
[INFO] 2023-01-27 12:01:13,620 recommend loss 0.1879. 
[INFO] 2023-01-27 12:01:31,873 mapping loss = 0.523494 
[INFO] 2023-01-27 12:02:19,396 recommend loss 0.1825. 
[INFO] 2023-01-27 12:02:37,235 mapping loss = 0.503044 
[INFO] 2023-01-27 12:03:26,166 recommend loss 0.1774. 
[INFO] 2023-01-27 12:03:44,031 mapping loss = 0.482838 
[INFO] 2023-01-27 12:04:32,632 recommend loss 0.1732. 
[INFO] 2023-01-27 12:04:50,319 mapping loss = 0.463040 
[INFO] 2023-01-27 12:05:36,967 recommend loss 0.1691. 
[INFO] 2023-01-27 12:06:01,999 HR: [0.08, 0.143, 0.278, 0.436], NDCG: [0.08, 0.12, 0.18, 0.231] 
[INFO] 2023-01-27 12:06:10,550 HR: [0.027, 0.05, 0.11, 0.198], NDCG: [0.027, 0.041, 0.068, 0.096] 
[INFO] 2023-01-27 12:06:35,554 HR: [0.074, 0.133, 0.26, 0.408], NDCG: [0.074, 0.111, 0.167, 0.215] 
[INFO] 2023-01-27 12:06:44,815 HR: [0.025, 0.046, 0.107, 0.185], NDCG: [0.025, 0.038, 0.065, 0.09] 
[INFO] 2023-01-27 12:06:44,817 HR: [0.065 0.116 0.23  0.366], NDCG: [0.065 0.097 0.147 0.191] 
[INFO] 2023-01-27 12:07:05,237 mapping loss = 0.444878 
[INFO] 2023-01-27 12:07:51,981 recommend loss 0.1656. 
[INFO] 2023-01-27 12:08:11,508 mapping loss = 0.427849 
[INFO] 2023-01-27 12:09:01,150 recommend loss 0.1615. 
[INFO] 2023-01-27 12:09:18,514 mapping loss = 0.411450 
[INFO] 2023-01-27 12:10:05,207 recommend loss 0.1583. 
[INFO] 2023-01-27 12:10:22,271 mapping loss = 0.394879 
[INFO] 2023-01-27 12:11:10,852 recommend loss 0.1557. 
[INFO] 2023-01-27 12:11:33,330 mapping loss = 0.379667 
[INFO] 2023-01-27 12:12:23,149 recommend loss 0.1525. 
[INFO] 2023-01-27 12:12:51,272 HR: [0.079, 0.144, 0.284, 0.441], NDCG: [0.079, 0.12, 0.182, 0.233] 
[INFO] 2023-01-27 12:12:59,807 HR: [0.028, 0.047, 0.106, 0.191], NDCG: [0.028, 0.04, 0.066, 0.093] 
[INFO] 2023-01-27 12:13:27,605 HR: [0.075, 0.133, 0.262, 0.413], NDCG: [0.075, 0.112, 0.169, 0.217] 
[INFO] 2023-01-27 12:13:36,974 HR: [0.024, 0.047, 0.106, 0.182], NDCG: [0.024, 0.039, 0.065, 0.089] 
[INFO] 2023-01-27 12:13:36,976 HR: [0.065 0.116 0.232 0.368], NDCG: [0.065 0.097 0.149 0.192] 
[INFO] 2023-01-27 12:13:58,847 mapping loss = 0.366443 
[INFO] 2023-01-27 12:14:46,989 recommend loss 0.1494. 
[INFO] 2023-01-27 12:15:05,330 mapping loss = 0.353571 
[INFO] 2023-01-27 12:15:53,721 recommend loss 0.1475. 
[INFO] 2023-01-27 12:16:15,589 mapping loss = 0.340035 
[INFO] 2023-01-27 12:17:04,981 recommend loss 0.1447. 
[INFO] 2023-01-27 12:17:22,850 mapping loss = 0.328081 
[INFO] 2023-01-27 12:18:09,460 recommend loss 0.1422. 
[INFO] 2023-01-27 12:18:31,775 mapping loss = 0.316884 
[INFO] 2023-01-27 12:19:21,495 recommend loss 0.1399. 
[INFO] 2023-01-27 12:19:47,672 HR: [0.08, 0.142, 0.283, 0.447], NDCG: [0.08, 0.119, 0.182, 0.235] 
[INFO] 2023-01-27 12:19:55,286 HR: [0.027, 0.047, 0.107, 0.194], NDCG: [0.027, 0.04, 0.066, 0.094] 
[INFO] 2023-01-27 12:20:20,427 HR: [0.077, 0.136, 0.27, 0.417], NDCG: [0.077, 0.114, 0.174, 0.221] 
[INFO] 2023-01-27 12:20:29,920 HR: [0.025, 0.046, 0.103, 0.184], NDCG: [0.025, 0.038, 0.063, 0.089] 
[INFO] 2023-01-27 12:20:29,921 HR: [0.066 0.116 0.235 0.373], NDCG: [0.066 0.098 0.15  0.195] 
[INFO] 2023-01-27 12:20:48,385 mapping loss = 0.305477 
[INFO] 2023-01-27 12:21:35,522 recommend loss 0.1379. 
[INFO] 2023-01-27 12:21:53,903 mapping loss = 0.295077 
[INFO] 2023-01-27 12:22:40,984 recommend loss 0.1365. 
[INFO] 2023-01-27 12:22:59,319 mapping loss = 0.284166 
[INFO] 2023-01-27 12:23:45,788 recommend loss 0.1345. 
[INFO] 2023-01-27 12:24:03,826 mapping loss = 0.274675 
[INFO] 2023-01-27 12:24:50,724 recommend loss 0.1324. 
[INFO] 2023-01-27 12:25:08,314 mapping loss = 0.266017 
[INFO] 2023-01-27 12:25:56,851 recommend loss 0.1306. 
[INFO] 2023-01-27 12:26:21,849 HR: [0.082, 0.146, 0.287, 0.451], NDCG: [0.082, 0.122, 0.185, 0.238] 
[INFO] 2023-01-27 12:26:29,411 HR: [0.029, 0.048, 0.108, 0.191], NDCG: [0.029, 0.041, 0.067, 0.094] 
[INFO] 2023-01-27 12:26:54,224 HR: [0.077, 0.135, 0.269, 0.421], NDCG: [0.077, 0.114, 0.173, 0.222] 
[INFO] 2023-01-27 12:27:02,644 HR: [0.026, 0.048, 0.105, 0.18], NDCG: [0.026, 0.04, 0.065, 0.089] 
[INFO] 2023-01-27 12:27:02,646 HR: [0.067 0.118 0.236 0.375], NDCG: [0.067 0.099 0.151 0.196] 
[INFO] 2023-01-27 12:27:20,648 mapping loss = 0.256876 
[INFO] 2023-01-27 12:28:07,567 recommend loss 0.1297. 
[INFO] 2023-01-27 12:28:26,386 mapping loss = 0.248305 
[INFO] 2023-01-27 12:29:13,815 recommend loss 0.1276. 
[INFO] 2023-01-27 12:29:32,041 mapping loss = 0.241125 
[INFO] 2023-01-27 12:30:21,048 recommend loss 0.1267. 
[INFO] 2023-01-27 12:30:42,959 mapping loss = 0.233238 
[INFO] 2023-01-27 12:31:32,614 recommend loss 0.1256. 
[INFO] 2023-01-27 12:31:51,770 mapping loss = 0.226376 
[INFO] 2023-01-27 12:32:39,986 recommend loss 0.1239. 
[INFO] 2023-01-27 12:33:05,128 HR: [0.082, 0.144, 0.288, 0.451], NDCG: [0.082, 0.121, 0.185, 0.238] 
[INFO] 2023-01-27 12:33:12,673 HR: [0.028, 0.045, 0.103, 0.191], NDCG: [0.028, 0.039, 0.064, 0.092] 
[INFO] 2023-01-27 12:33:37,605 HR: [0.079, 0.14, 0.271, 0.423], NDCG: [0.079, 0.117, 0.176, 0.224] 
[INFO] 2023-01-27 12:33:45,938 HR: [0.023, 0.045, 0.102, 0.183], NDCG: [0.023, 0.037, 0.062, 0.088] 
[INFO] 2023-01-27 12:33:45,939 HR: [0.067 0.118 0.236 0.376], NDCG: [0.067 0.099 0.152 0.197] 
[INFO] 2023-01-27 12:34:03,042 mapping loss = 0.218455 
[INFO] 2023-01-27 12:34:50,594 recommend loss 0.1227. 
[INFO] 2023-01-27 12:35:08,570 mapping loss = 0.213511 
[INFO] 2023-01-27 12:35:57,728 recommend loss 0.1211. 
[INFO] 2023-01-27 12:36:14,871 mapping loss = 0.206903 
[INFO] 2023-01-27 12:37:04,206 recommend loss 0.1197. 
[INFO] 2023-01-27 12:37:21,426 mapping loss = 0.201196 
[INFO] 2023-01-27 12:38:11,072 recommend loss 0.1194. 
[INFO] 2023-01-27 12:38:30,089 mapping loss = 0.194996 
[INFO] 2023-01-27 12:39:18,522 recommend loss 0.1185. 
[INFO] 2023-01-27 12:39:45,725 HR: [0.081, 0.146, 0.287, 0.448], NDCG: [0.081, 0.122, 0.185, 0.236] 
[INFO] 2023-01-27 12:39:53,361 HR: [0.026, 0.049, 0.103, 0.187], NDCG: [0.026, 0.04, 0.064, 0.091] 
[INFO] 2023-01-27 12:40:18,657 HR: [0.075, 0.135, 0.27, 0.422], NDCG: [0.075, 0.113, 0.173, 0.222] 
[INFO] 2023-01-27 12:40:27,095 HR: [0.023, 0.043, 0.098, 0.184], NDCG: [0.023, 0.036, 0.06, 0.088] 
[INFO] 2023-01-27 12:40:27,097 HR: [0.065 0.117 0.235 0.374], NDCG: [0.065 0.098 0.15  0.195] 
[INFO] 2023-01-27 12:40:45,164 mapping loss = 0.191136 
[INFO] 2023-01-27 12:41:32,676 recommend loss 0.1167. 
[INFO] 2023-01-27 12:41:49,579 mapping loss = 0.185254 
[INFO] 2023-01-27 12:42:36,238 recommend loss 0.1156. 
[INFO] 2023-01-27 12:42:52,881 mapping loss = 0.180402 
[INFO] 2023-01-27 12:43:39,401 recommend loss 0.1148. 
[INFO] 2023-01-27 12:43:56,367 mapping loss = 0.175329 
[INFO] 2023-01-27 12:44:45,924 recommend loss 0.1139. 
[INFO] 2023-01-27 12:45:07,757 mapping loss = 0.171500 
[INFO] 2023-01-27 12:45:53,769 recommend loss 0.1135. 
[INFO] 2023-01-27 12:46:18,766 HR: [0.081, 0.144, 0.288, 0.448], NDCG: [0.081, 0.12, 0.185, 0.236] 
[INFO] 2023-01-27 12:46:26,317 HR: [0.027, 0.046, 0.103, 0.187], NDCG: [0.027, 0.039, 0.064, 0.091] 
[INFO] 2023-01-27 12:46:51,200 HR: [0.077, 0.14, 0.272, 0.423], NDCG: [0.077, 0.117, 0.175, 0.224] 
[INFO] 2023-01-27 12:46:59,535 HR: [0.024, 0.049, 0.101, 0.182], NDCG: [0.024, 0.04, 0.062, 0.088] 
[INFO] 2023-01-27 12:46:59,536 HR: [0.066 0.119 0.237 0.374], NDCG: [0.066 0.099 0.151 0.196] 
[INFO] 2023-01-27 12:47:17,623 mapping loss = 0.167270 
[INFO] 2023-01-27 12:48:03,738 recommend loss 0.1114. 
[INFO] 2023-01-27 12:48:20,942 mapping loss = 0.162442 
[INFO] 2023-01-27 12:49:07,717 recommend loss 0.1116. 
[INFO] 2023-01-27 12:49:25,699 mapping loss = 0.158971 
[INFO] 2023-01-27 12:50:13,517 recommend loss 0.1110. 
[INFO] 2023-01-27 12:50:31,302 mapping loss = 0.154695 
[INFO] 2023-01-27 12:51:19,602 recommend loss 0.1095. 
[INFO] 2023-01-27 12:51:38,032 mapping loss = 0.151806 
[INFO] 2023-01-27 12:52:26,134 recommend loss 0.1092. 
[INFO] 2023-01-27 12:52:51,091 HR: [0.08, 0.146, 0.289, 0.452], NDCG: [0.08, 0.122, 0.185, 0.238] 
[INFO] 2023-01-27 12:52:58,710 HR: [0.025, 0.043, 0.103, 0.189], NDCG: [0.025, 0.036, 0.063, 0.09] 
[INFO] 2023-01-27 12:53:23,565 HR: [0.077, 0.14, 0.274, 0.424], NDCG: [0.077, 0.117, 0.177, 0.225] 
[INFO] 2023-01-27 12:53:32,016 HR: [0.023, 0.046, 0.1, 0.18], NDCG: [0.023, 0.038, 0.061, 0.087] 
[INFO] 2023-01-27 12:53:32,018 HR: [0.065 0.119 0.238 0.376], NDCG: [0.065 0.099 0.152 0.197] 
[INFO] 2023-01-27 12:53:49,349 mapping loss = 0.147819 
[INFO] 2023-01-27 12:54:36,196 recommend loss 0.1080. 
[INFO] 2023-01-27 12:54:53,499 mapping loss = 0.145349 
[INFO] 2023-01-27 12:55:39,612 recommend loss 0.1076. 
[INFO] 2023-01-27 12:55:57,543 mapping loss = 0.142446 
[INFO] 2023-01-27 12:56:44,300 recommend loss 0.1067. 
[INFO] 2023-01-27 12:57:03,075 mapping loss = 0.139775 
[INFO] 2023-01-27 12:57:50,847 recommend loss 0.1055. 
[INFO] 2023-01-27 12:58:08,974 mapping loss = 0.136262 
[INFO] 2023-01-27 12:58:57,871 recommend loss 0.1055. 
[INFO] 2023-01-27 12:59:23,331 HR: [0.078, 0.145, 0.287, 0.448], NDCG: [0.078, 0.12, 0.184, 0.235] 
[INFO] 2023-01-27 12:59:30,992 HR: [0.024, 0.045, 0.102, 0.184], NDCG: [0.024, 0.037, 0.062, 0.089] 
[INFO] 2023-01-27 12:59:55,958 HR: [0.08, 0.14, 0.271, 0.422], NDCG: [0.08, 0.118, 0.177, 0.225] 
[INFO] 2023-01-27 13:00:04,376 HR: [0.023, 0.042, 0.101, 0.182], NDCG: [0.023, 0.035, 0.061, 0.087] 
[INFO] 2023-01-27 13:00:04,377 HR: [0.065 0.118 0.236 0.373], NDCG: [0.065 0.099 0.151 0.195] 
[INFO] 2023-01-27 13:00:21,933 mapping loss = 0.132806 
[INFO] 2023-01-27 13:01:11,306 recommend loss 0.1043. 
[INFO] 2023-01-27 13:01:28,688 mapping loss = 0.130331 
[INFO] 2023-01-27 13:02:17,544 recommend loss 0.1045. 
[INFO] 2023-01-27 13:02:35,827 mapping loss = 0.128049 
[INFO] 2023-01-27 13:03:22,351 recommend loss 0.1037. 
[INFO] 2023-01-27 13:03:41,668 mapping loss = 0.125507 
[INFO] 2023-01-27 13:04:29,672 recommend loss 0.1030. 
[INFO] 2023-01-27 13:04:50,949 mapping loss = 0.123364 
[INFO] 2023-01-27 13:05:39,182 recommend loss 0.1012. 
[INFO] 2023-01-27 13:06:04,961 HR: [0.081, 0.143, 0.286, 0.45], NDCG: [0.081, 0.12, 0.183, 0.236] 
[INFO] 2023-01-27 13:06:12,489 HR: [0.024, 0.046, 0.098, 0.185], NDCG: [0.024, 0.037, 0.06, 0.088] 
[INFO] 2023-01-27 13:06:37,092 HR: [0.081, 0.142, 0.275, 0.427], NDCG: [0.081, 0.12, 0.178, 0.227] 
[INFO] 2023-01-27 13:06:45,400 HR: [0.024, 0.044, 0.1, 0.179], NDCG: [0.024, 0.036, 0.061, 0.086] 
[INFO] 2023-01-27 13:06:45,401 HR: [0.067 0.119 0.236 0.376], NDCG: [0.067 0.1   0.151 0.196] 
[INFO] 2023-01-27 13:07:02,662 mapping loss = 0.121078 
[INFO] 2023-01-27 13:07:49,346 recommend loss 0.1019. 
[INFO] 2023-01-27 13:08:07,642 mapping loss = 0.119028 
[INFO] 2023-01-27 13:08:54,234 recommend loss 0.1013. 
[INFO] 2023-01-27 13:09:12,373 mapping loss = 0.117098 
[INFO] 2023-01-27 13:09:58,665 recommend loss 0.1009. 
[INFO] 2023-01-27 13:10:16,212 mapping loss = 0.114936 
[INFO] 2023-01-27 13:11:03,220 recommend loss 0.1006. 
[INFO] 2023-01-27 13:11:21,276 mapping loss = 0.113754 
[INFO] 2023-01-27 13:12:08,280 recommend loss 0.0994. 
[INFO] 2023-01-27 13:12:33,088 HR: [0.082, 0.144, 0.287, 0.451], NDCG: [0.082, 0.121, 0.185, 0.237] 
[INFO] 2023-01-27 13:12:40,602 HR: [0.022, 0.042, 0.098, 0.18], NDCG: [0.022, 0.035, 0.059, 0.086] 
[INFO] 2023-01-27 13:13:05,248 HR: [0.081, 0.142, 0.273, 0.428], NDCG: [0.081, 0.119, 0.178, 0.228] 
[INFO] 2023-01-27 13:13:13,566 HR: [0.024, 0.045, 0.1, 0.179], NDCG: [0.024, 0.037, 0.061, 0.087] 
[INFO] 2023-01-27 13:13:13,567 HR: [0.067 0.119 0.236 0.376], NDCG: [0.067 0.099 0.152 0.197] 
[INFO] 2023-01-27 13:13:31,252 mapping loss = 0.112079 
[INFO] 2023-01-27 13:14:07,792 recommend loss 0.0985. 
[INFO] 2023-01-27 13:14:25,512 mapping loss = 0.110307 
[INFO] 2023-01-27 13:15:02,230 recommend loss 0.0996. 
[INFO] 2023-01-27 13:15:20,344 mapping loss = 0.108769 
[INFO] 2023-01-27 13:15:57,234 recommend loss 0.0979. 
[INFO] 2023-01-27 13:16:14,751 mapping loss = 0.106999 
[INFO] 2023-01-27 13:16:51,704 recommend loss 0.0970. 
[INFO] 2023-01-27 13:17:09,434 mapping loss = 0.106217 
[INFO] 2023-01-27 13:17:55,876 recommend loss 0.0969. 
[INFO] 2023-01-27 13:18:20,689 HR: [0.082, 0.148, 0.29, 0.452], NDCG: [0.082, 0.124, 0.187, 0.238] 
[INFO] 2023-01-27 13:18:28,251 HR: [0.023, 0.043, 0.099, 0.181], NDCG: [0.023, 0.036, 0.06, 0.087] 
[INFO] 2023-01-27 13:18:52,899 HR: [0.079, 0.14, 0.272, 0.427], NDCG: [0.079, 0.118, 0.176, 0.226] 
[INFO] 2023-01-27 13:19:01,212 HR: [0.021, 0.04, 0.096, 0.176], NDCG: [0.021, 0.033, 0.057, 0.083] 
[INFO] 2023-01-27 13:19:01,213 HR: [0.066 0.119 0.236 0.376], NDCG: [0.066 0.1   0.151 0.196] 
[INFO] 2023-01-27 13:19:18,463 mapping loss = 0.104171 
[INFO] 2023-01-27 13:20:04,910 recommend loss 0.0964. 
[INFO] 2023-01-27 13:20:22,980 mapping loss = 0.102547 
[INFO] 2023-01-27 13:21:10,111 recommend loss 0.0964. 
[INFO] 2023-01-27 13:21:27,694 mapping loss = 0.101457 
[INFO] 2023-01-27 13:22:13,110 recommend loss 0.0965. 
[INFO] 2023-01-27 13:22:30,227 mapping loss = 0.100252 
[INFO] 2023-01-27 13:23:15,889 recommend loss 0.0954. 
[INFO] 2023-01-27 13:23:33,482 mapping loss = 0.099817 
[INFO] 2023-01-27 13:24:18,368 recommend loss 0.0946. 
[INFO] 2023-01-27 13:24:43,036 HR: [0.082, 0.146, 0.289, 0.451], NDCG: [0.082, 0.122, 0.186, 0.238] 
[INFO] 2023-01-27 13:24:50,532 HR: [0.021, 0.041, 0.099, 0.18], NDCG: [0.021, 0.034, 0.059, 0.085] 
[INFO] 2023-01-27 13:25:15,091 HR: [0.081, 0.143, 0.276, 0.43], NDCG: [0.081, 0.12, 0.179, 0.229] 
[INFO] 2023-01-27 13:25:23,387 HR: [0.02, 0.041, 0.098, 0.175], NDCG: [0.02, 0.033, 0.058, 0.083] 
[INFO] 2023-01-27 13:25:23,389 HR: [0.067 0.119 0.238 0.376], NDCG: [0.067 0.1   0.152 0.197] 
[INFO] 2023-01-27 13:25:40,781 mapping loss = 0.098140 
[INFO] 2023-01-27 13:26:26,710 recommend loss 0.0946. 
[INFO] 2023-01-27 13:26:44,028 mapping loss = 0.097947 
[INFO] 2023-01-27 13:27:28,837 recommend loss 0.0947. 
[INFO] 2023-01-27 13:27:46,146 mapping loss = 0.095609 
[INFO] 2023-01-27 13:28:31,321 recommend loss 0.0943. 
[INFO] 2023-01-27 13:28:48,364 mapping loss = 0.095156 
[INFO] 2023-01-27 13:29:34,765 recommend loss 0.0936. 
[INFO] 2023-01-27 13:29:52,611 mapping loss = 0.093495 
[INFO] 2023-01-27 13:30:40,617 recommend loss 0.0937. 
[INFO] 2023-01-27 13:31:05,523 HR: [0.078, 0.142, 0.288, 0.449], NDCG: [0.078, 0.118, 0.183, 0.235] 
[INFO] 2023-01-27 13:31:13,066 HR: [0.021, 0.04, 0.097, 0.181], NDCG: [0.021, 0.033, 0.058, 0.085] 
[INFO] 2023-01-27 13:31:37,732 HR: [0.081, 0.14, 0.271, 0.426], NDCG: [0.081, 0.118, 0.177, 0.227] 
[INFO] 2023-01-27 13:31:46,081 HR: [0.019, 0.039, 0.094, 0.172], NDCG: [0.019, 0.032, 0.056, 0.081] 
[INFO] 2023-01-27 13:31:46,082 HR: [0.065 0.116 0.235 0.374], NDCG: [0.065 0.097 0.15  0.195] 
[INFO] 2023-01-27 13:32:03,408 mapping loss = 0.092520 
[INFO] 2023-01-27 13:32:49,276 recommend loss 0.0925. 
[INFO] 2023-01-27 13:33:06,760 mapping loss = 0.093219 
[INFO] 2023-01-27 13:33:53,907 recommend loss 0.0932. 
[INFO] 2023-01-27 13:34:11,250 mapping loss = 0.090958 
[INFO] 2023-01-27 13:34:57,747 recommend loss 0.0925. 
[INFO] 2023-01-27 13:35:15,469 mapping loss = 0.091149 
[INFO] 2023-01-27 13:36:01,850 recommend loss 0.0922. 
[INFO] 2023-01-27 13:36:19,207 mapping loss = 0.089689 
[INFO] 2023-01-27 13:37:05,636 recommend loss 0.0920. 
[INFO] 2023-01-27 13:37:30,394 HR: [0.081, 0.144, 0.286, 0.451], NDCG: [0.081, 0.121, 0.184, 0.237] 
[INFO] 2023-01-27 13:37:37,917 HR: [0.022, 0.041, 0.096, 0.183], NDCG: [0.022, 0.034, 0.058, 0.086] 
[INFO] 2023-01-27 13:38:02,597 HR: [0.08, 0.141, 0.275, 0.429], NDCG: [0.08, 0.119, 0.178, 0.228] 
[INFO] 2023-01-27 13:38:10,924 HR: [0.019, 0.041, 0.091, 0.173], NDCG: [0.019, 0.033, 0.055, 0.081] 
[INFO] 2023-01-27 13:38:10,926 HR: [0.066 0.118 0.235 0.376], NDCG: [0.066 0.099 0.151 0.196] 
[INFO] 2023-01-27 13:38:28,198 mapping loss = 0.089178 
[INFO] 2023-01-27 13:39:14,715 recommend loss 0.0914. 
[INFO] 2023-01-27 13:39:32,438 mapping loss = 0.088036 
[INFO] 2023-01-27 13:40:19,556 recommend loss 0.0905. 
[INFO] 2023-01-27 13:40:36,875 mapping loss = 0.087818 
[INFO] 2023-01-27 13:41:24,551 recommend loss 0.0913. 
[INFO] 2023-01-27 13:41:41,529 mapping loss = 0.086779 
[INFO] 2023-01-27 13:42:29,294 recommend loss 0.0911. 
[INFO] 2023-01-27 13:42:46,569 mapping loss = 0.086835 
[INFO] 2023-01-27 13:43:34,986 recommend loss 0.0903. 
[INFO] 2023-01-27 13:43:59,661 HR: [0.082, 0.144, 0.289, 0.451], NDCG: [0.082, 0.121, 0.185, 0.237] 
[INFO] 2023-01-27 13:44:07,164 HR: [0.021, 0.04, 0.094, 0.182], NDCG: [0.021, 0.033, 0.056, 0.085] 
[INFO] 2023-01-27 13:44:31,685 HR: [0.082, 0.142, 0.277, 0.431], NDCG: [0.082, 0.12, 0.18, 0.229] 
[INFO] 2023-01-27 13:44:39,947 HR: [0.02, 0.039, 0.094, 0.172], NDCG: [0.02, 0.032, 0.056, 0.081] 
[INFO] 2023-01-27 13:44:39,948 HR: [0.067 0.118 0.237 0.376], NDCG: [0.067 0.099 0.152 0.196] 
[INFO] 2023-01-27 13:44:57,181 mapping loss = 0.085922 
[INFO] 2023-01-27 13:45:45,609 recommend loss 0.0899. 
[INFO] 2023-01-27 13:46:02,648 mapping loss = 0.085301 
[INFO] 2023-01-27 13:46:51,212 recommend loss 0.0896. 
[INFO] 2023-01-27 13:47:08,514 mapping loss = 0.084429 
[INFO] 2023-01-27 13:47:56,956 recommend loss 0.0897. 
[INFO] 2023-01-27 13:48:13,820 mapping loss = 0.083780 
[INFO] 2023-01-27 13:49:02,492 recommend loss 0.0890. 
[INFO] 2023-01-27 13:49:02,494 HR:[0.067 0.118 0.236 0.376], NDCG:[0.067 0.099 0.152 0.197] 
[INFO] 2023-01-27 13:49:02,494 Experiment finished. 
