[INFO] 2023-01-27 11:39:28,882 Experiment ID.20230127_113928 start ...... 
[INFO] 2023-01-27 11:40:11,214 mapping loss = 1.134290 
[INFO] 2023-01-27 11:40:55,272 recommend loss 0.6861. 
[INFO] 2023-01-27 11:41:13,745 mapping loss = 1.226226 
[INFO] 2023-01-27 11:41:54,705 recommend loss 0.5564. 
[INFO] 2023-01-27 11:42:13,093 mapping loss = 1.485052 
[INFO] 2023-01-27 11:42:56,245 recommend loss 0.4267. 
[INFO] 2023-01-27 11:43:15,026 mapping loss = 1.433749 
[INFO] 2023-01-27 11:43:57,276 recommend loss 0.3525. 
[INFO] 2023-01-27 11:44:16,465 mapping loss = 1.309947 
[INFO] 2023-01-27 11:44:59,434 recommend loss 0.3057. 
[INFO] 2023-01-27 11:45:18,890 mapping loss = 1.190014 
[INFO] 2023-01-27 11:46:00,405 recommend loss 0.2735. 
[INFO] 2023-01-27 11:46:24,599 HR: [0.08, 0.143, 0.277, 0.421], NDCG: [0.08, 0.12, 0.179, 0.226] 
[INFO] 2023-01-27 11:46:31,986 HR: [0.012, 0.024, 0.06, 0.115], NDCG: [0.012, 0.019, 0.035, 0.053] 
[INFO] 2023-01-27 11:46:56,230 HR: [0.07, 0.122, 0.238, 0.374], NDCG: [0.07, 0.102, 0.154, 0.198] 
[INFO] 2023-01-27 11:47:04,400 HR: [0.016, 0.028, 0.065, 0.117], NDCG: [0.016, 0.024, 0.04, 0.057] 
[INFO] 2023-01-27 11:47:04,401 HR: [0.06  0.107 0.21  0.329], NDCG: [0.06  0.089 0.135 0.174] 
[INFO] 2023-01-27 11:47:23,913 mapping loss = 1.084288 
[INFO] 2023-01-27 11:48:07,832 recommend loss 0.2497. 
[INFO] 2023-01-27 11:48:27,607 mapping loss = 0.999380 
[INFO] 2023-01-27 11:49:10,211 recommend loss 0.2319. 
[INFO] 2023-01-27 11:49:29,572 mapping loss = 0.919020 
[INFO] 2023-01-27 11:50:11,282 recommend loss 0.2170. 
[INFO] 2023-01-27 11:50:30,165 mapping loss = 0.859542 
[INFO] 2023-01-27 11:51:12,163 recommend loss 0.2054. 
[INFO] 2023-01-27 11:51:31,684 mapping loss = 0.800390 
[INFO] 2023-01-27 11:52:13,221 recommend loss 0.1946. 
[INFO] 2023-01-27 11:52:37,276 HR: [0.089, 0.155, 0.297, 0.447], NDCG: [0.089, 0.131, 0.194, 0.242] 
[INFO] 2023-01-27 11:52:44,611 HR: [0.014, 0.026, 0.063, 0.118], NDCG: [0.014, 0.021, 0.038, 0.055] 
[INFO] 2023-01-27 11:53:08,768 HR: [0.076, 0.134, 0.26, 0.406], NDCG: [0.076, 0.113, 0.168, 0.215] 
[INFO] 2023-01-27 11:53:16,864 HR: [0.014, 0.028, 0.062, 0.116], NDCG: [0.014, 0.023, 0.038, 0.055] 
[INFO] 2023-01-27 11:53:16,865 HR: [0.066 0.116 0.226 0.351], NDCG: [0.066 0.098 0.146 0.186] 
[INFO] 2023-01-27 11:53:36,047 mapping loss = 0.751869 
[INFO] 2023-01-27 11:54:20,188 recommend loss 0.1853. 
[INFO] 2023-01-27 11:54:39,635 mapping loss = 0.709966 
[INFO] 2023-01-27 11:55:20,419 recommend loss 0.1784. 
[INFO] 2023-01-27 11:55:39,516 mapping loss = 0.672549 
[INFO] 2023-01-27 11:56:21,645 recommend loss 0.1714. 
[INFO] 2023-01-27 11:56:40,613 mapping loss = 0.636211 
[INFO] 2023-01-27 11:57:21,879 recommend loss 0.1648. 
[INFO] 2023-01-27 11:57:40,686 mapping loss = 0.606714 
[INFO] 2023-01-27 11:58:22,487 recommend loss 0.1592. 
[INFO] 2023-01-27 11:58:46,765 HR: [0.092, 0.158, 0.3, 0.457], NDCG: [0.092, 0.134, 0.197, 0.247] 
[INFO] 2023-01-27 11:58:54,212 HR: [0.012, 0.026, 0.062, 0.118], NDCG: [0.012, 0.02, 0.036, 0.054] 
[INFO] 2023-01-27 11:59:18,284 HR: [0.081, 0.14, 0.269, 0.42], NDCG: [0.081, 0.118, 0.176, 0.224] 
[INFO] 2023-01-27 11:59:26,360 HR: [0.014, 0.026, 0.062, 0.114], NDCG: [0.014, 0.022, 0.037, 0.054] 
[INFO] 2023-01-27 11:59:26,361 HR: [0.069 0.119 0.23  0.36 ], NDCG: [0.069 0.1   0.15  0.191] 
[INFO] 2023-01-27 11:59:45,414 mapping loss = 0.576495 
[INFO] 2023-01-27 12:00:28,030 recommend loss 0.1550. 
[INFO] 2023-01-27 12:00:46,652 mapping loss = 0.549130 
[INFO] 2023-01-27 12:01:27,798 recommend loss 0.1507. 
[INFO] 2023-01-27 12:01:46,244 mapping loss = 0.526046 
[INFO] 2023-01-27 12:02:28,136 recommend loss 0.1468. 
[INFO] 2023-01-27 12:02:47,534 mapping loss = 0.504500 
[INFO] 2023-01-27 12:03:29,859 recommend loss 0.1433. 
[INFO] 2023-01-27 12:03:49,650 mapping loss = 0.482399 
[INFO] 2023-01-27 12:04:31,620 recommend loss 0.1396. 
[INFO] 2023-01-27 12:04:55,951 HR: [0.093, 0.162, 0.305, 0.458], NDCG: [0.093, 0.137, 0.2, 0.25] 
[INFO] 2023-01-27 12:05:03,307 HR: [0.011, 0.023, 0.059, 0.115], NDCG: [0.011, 0.019, 0.035, 0.052] 
[INFO] 2023-01-27 12:05:27,522 HR: [0.081, 0.141, 0.273, 0.426], NDCG: [0.081, 0.119, 0.178, 0.227] 
[INFO] 2023-01-27 12:05:35,657 HR: [0.014, 0.025, 0.06, 0.114], NDCG: [0.014, 0.021, 0.036, 0.054] 
[INFO] 2023-01-27 12:05:35,659 HR: [0.069 0.12  0.233 0.362], NDCG: [0.069 0.102 0.152 0.193] 
[INFO] 2023-01-27 12:05:55,988 mapping loss = 0.464018 
[INFO] 2023-01-27 12:06:36,654 recommend loss 0.1362. 
[INFO] 2023-01-27 12:06:55,687 mapping loss = 0.443701 
[INFO] 2023-01-27 12:07:38,076 recommend loss 0.1340. 
[INFO] 2023-01-27 12:08:00,873 mapping loss = 0.424756 
[INFO] 2023-01-27 12:08:43,320 recommend loss 0.1319. 
[INFO] 2023-01-27 12:09:02,690 mapping loss = 0.408494 
[INFO] 2023-01-27 12:09:44,806 recommend loss 0.1287. 
[INFO] 2023-01-27 12:10:03,775 mapping loss = 0.392970 
[INFO] 2023-01-27 12:10:48,060 recommend loss 0.1263. 
[INFO] 2023-01-27 12:11:12,243 HR: [0.091, 0.16, 0.306, 0.46], NDCG: [0.091, 0.134, 0.2, 0.249] 
[INFO] 2023-01-27 12:11:19,644 HR: [0.011, 0.023, 0.059, 0.112], NDCG: [0.011, 0.019, 0.034, 0.051] 
[INFO] 2023-01-27 12:11:43,730 HR: [0.082, 0.145, 0.28, 0.433], NDCG: [0.082, 0.122, 0.182, 0.231] 
[INFO] 2023-01-27 12:11:51,801 HR: [0.014, 0.024, 0.06, 0.111], NDCG: [0.014, 0.02, 0.036, 0.052] 
[INFO] 2023-01-27 12:11:51,802 HR: [0.068 0.121 0.236 0.365], NDCG: [0.068 0.102 0.153 0.194] 
[INFO] 2023-01-27 12:12:10,989 mapping loss = 0.377279 
[INFO] 2023-01-27 12:12:52,789 recommend loss 0.1246. 
[INFO] 2023-01-27 12:13:11,719 mapping loss = 0.363649 
[INFO] 2023-01-27 12:13:52,629 recommend loss 0.1228. 
[INFO] 2023-01-27 12:14:12,347 mapping loss = 0.350014 
[INFO] 2023-01-27 12:14:53,197 recommend loss 0.1210. 
[INFO] 2023-01-27 12:15:12,430 mapping loss = 0.337155 
[INFO] 2023-01-27 12:15:53,043 recommend loss 0.1187. 
[INFO] 2023-01-27 12:16:12,300 mapping loss = 0.324603 
[INFO] 2023-01-27 12:16:53,908 recommend loss 0.1172. 
[INFO] 2023-01-27 12:17:18,468 HR: [0.092, 0.16, 0.302, 0.458], NDCG: [0.092, 0.135, 0.198, 0.249] 
[INFO] 2023-01-27 12:17:25,845 HR: [0.011, 0.022, 0.056, 0.11], NDCG: [0.011, 0.018, 0.033, 0.05] 
[INFO] 2023-01-27 12:17:49,904 HR: [0.085, 0.145, 0.283, 0.434], NDCG: [0.085, 0.123, 0.184, 0.233] 
[INFO] 2023-01-27 12:17:58,047 HR: [0.013, 0.024, 0.058, 0.11], NDCG: [0.013, 0.02, 0.035, 0.051] 
[INFO] 2023-01-27 12:17:58,048 HR: [0.07  0.121 0.235 0.364], NDCG: [0.07  0.102 0.153 0.194] 
[INFO] 2023-01-27 12:18:16,943 mapping loss = 0.312079 
[INFO] 2023-01-27 12:18:58,732 recommend loss 0.1166. 
[INFO] 2023-01-27 12:19:17,169 mapping loss = 0.300504 
[INFO] 2023-01-27 12:19:58,271 recommend loss 0.1143. 
[INFO] 2023-01-27 12:20:17,880 mapping loss = 0.290299 
[INFO] 2023-01-27 12:20:59,378 recommend loss 0.1128. 
[INFO] 2023-01-27 12:21:18,444 mapping loss = 0.280135 
[INFO] 2023-01-27 12:21:59,839 recommend loss 0.1114. 
[INFO] 2023-01-27 12:22:19,668 mapping loss = 0.270604 
[INFO] 2023-01-27 12:23:01,039 recommend loss 0.1108. 
[INFO] 2023-01-27 12:23:25,104 HR: [0.092, 0.159, 0.306, 0.459], NDCG: [0.092, 0.135, 0.2, 0.249] 
[INFO] 2023-01-27 12:23:32,486 HR: [0.012, 0.023, 0.056, 0.108], NDCG: [0.012, 0.019, 0.034, 0.05] 
[INFO] 2023-01-27 12:23:56,607 HR: [0.085, 0.145, 0.281, 0.435], NDCG: [0.085, 0.123, 0.183, 0.233] 
[INFO] 2023-01-27 12:24:04,713 HR: [0.014, 0.024, 0.057, 0.109], NDCG: [0.014, 0.02, 0.035, 0.051] 
[INFO] 2023-01-27 12:24:04,715 HR: [0.07  0.121 0.236 0.364], NDCG: [0.07  0.102 0.153 0.194] 
[INFO] 2023-01-27 12:24:24,169 mapping loss = 0.259808 
[INFO] 2023-01-27 12:25:08,535 recommend loss 0.1097. 
[INFO] 2023-01-27 12:25:27,535 mapping loss = 0.251228 
[INFO] 2023-01-27 12:26:08,813 recommend loss 0.1079. 
[INFO] 2023-01-27 12:26:27,939 mapping loss = 0.242887 
[INFO] 2023-01-27 12:27:07,215 recommend loss 0.1076. 
[INFO] 2023-01-27 12:27:26,929 mapping loss = 0.234366 
[INFO] 2023-01-27 12:28:10,768 recommend loss 0.1063. 
[INFO] 2023-01-27 12:28:30,889 mapping loss = 0.226515 
[INFO] 2023-01-27 12:29:14,601 recommend loss 0.1058. 
[INFO] 2023-01-27 12:29:39,298 HR: [0.09, 0.157, 0.302, 0.46], NDCG: [0.09, 0.132, 0.197, 0.248] 
[INFO] 2023-01-27 12:29:46,690 HR: [0.011, 0.024, 0.056, 0.104], NDCG: [0.011, 0.019, 0.034, 0.049] 
[INFO] 2023-01-27 12:30:10,844 HR: [0.084, 0.146, 0.284, 0.434], NDCG: [0.084, 0.123, 0.184, 0.233] 
[INFO] 2023-01-27 12:30:19,003 HR: [0.013, 0.024, 0.056, 0.11], NDCG: [0.013, 0.02, 0.034, 0.051] 
[INFO] 2023-01-27 12:30:19,005 HR: [0.069 0.12  0.235 0.364], NDCG: [0.069 0.101 0.152 0.194] 
[INFO] 2023-01-27 12:30:38,255 mapping loss = 0.218495 
[INFO] 2023-01-27 12:31:19,969 recommend loss 0.1046. 
[INFO] 2023-01-27 12:31:38,617 mapping loss = 0.211612 
[INFO] 2023-01-27 12:32:20,377 recommend loss 0.1038. 
[INFO] 2023-01-27 12:32:39,985 mapping loss = 0.204270 
[INFO] 2023-01-27 12:33:21,335 recommend loss 0.1029. 
[INFO] 2023-01-27 12:33:42,724 mapping loss = 0.197540 
[INFO] 2023-01-27 12:34:25,979 recommend loss 0.1019. 
[INFO] 2023-01-27 12:34:45,175 mapping loss = 0.191336 
[INFO] 2023-01-27 12:35:27,203 recommend loss 0.1015. 
[INFO] 2023-01-27 12:35:51,358 HR: [0.09, 0.158, 0.304, 0.457], NDCG: [0.09, 0.133, 0.197, 0.247] 
[INFO] 2023-01-27 12:35:58,703 HR: [0.011, 0.023, 0.055, 0.1], NDCG: [0.011, 0.019, 0.033, 0.047] 
[INFO] 2023-01-27 12:36:22,747 HR: [0.085, 0.143, 0.284, 0.435], NDCG: [0.085, 0.122, 0.184, 0.233] 
[INFO] 2023-01-27 12:36:30,824 HR: [0.014, 0.025, 0.055, 0.11], NDCG: [0.014, 0.021, 0.034, 0.051] 
[INFO] 2023-01-27 12:36:30,825 HR: [0.069 0.12  0.236 0.363], NDCG: [0.069 0.101 0.152 0.193] 
[INFO] 2023-01-27 12:36:50,223 mapping loss = 0.185108 
[INFO] 2023-01-27 12:37:32,063 recommend loss 0.1011. 
[INFO] 2023-01-27 12:37:51,059 mapping loss = 0.178935 
[INFO] 2023-01-27 12:38:32,967 recommend loss 0.0996. 
[INFO] 2023-01-27 12:38:52,595 mapping loss = 0.174144 
[INFO] 2023-01-27 12:39:35,570 recommend loss 0.0990. 
[INFO] 2023-01-27 12:39:54,391 mapping loss = 0.168367 
[INFO] 2023-01-27 12:40:37,410 recommend loss 0.0988. 
[INFO] 2023-01-27 12:40:58,525 mapping loss = 0.162455 
[INFO] 2023-01-27 12:41:40,897 recommend loss 0.0980. 
[INFO] 2023-01-27 12:42:05,010 HR: [0.09, 0.16, 0.303, 0.459], NDCG: [0.09, 0.134, 0.198, 0.248] 
[INFO] 2023-01-27 12:42:12,331 HR: [0.01, 0.024, 0.055, 0.103], NDCG: [0.01, 0.019, 0.033, 0.048] 
[INFO] 2023-01-27 12:42:36,258 HR: [0.085, 0.147, 0.287, 0.44], NDCG: [0.085, 0.124, 0.186, 0.235] 
[INFO] 2023-01-27 12:42:44,313 HR: [0.013, 0.024, 0.053, 0.11], NDCG: [0.013, 0.02, 0.033, 0.051] 
[INFO] 2023-01-27 12:42:44,314 HR: [0.069 0.122 0.236 0.366], NDCG: [0.069 0.102 0.153 0.195] 
[INFO] 2023-01-27 12:43:03,253 mapping loss = 0.157686 
[INFO] 2023-01-27 12:43:45,150 recommend loss 0.0978. 
[INFO] 2023-01-27 12:44:04,537 mapping loss = 0.153426 
[INFO] 2023-01-27 12:44:46,688 recommend loss 0.0973. 
[INFO] 2023-01-27 12:45:06,104 mapping loss = 0.147932 
[INFO] 2023-01-27 12:45:48,082 recommend loss 0.0966. 
[INFO] 2023-01-27 12:46:07,490 mapping loss = 0.143873 
[INFO] 2023-01-27 12:46:50,207 recommend loss 0.0958. 
[INFO] 2023-01-27 12:47:09,439 mapping loss = 0.140328 
[INFO] 2023-01-27 12:47:51,655 recommend loss 0.0956. 
[INFO] 2023-01-27 12:48:15,904 HR: [0.091, 0.158, 0.302, 0.457], NDCG: [0.091, 0.133, 0.198, 0.247] 
[INFO] 2023-01-27 12:48:23,246 HR: [0.012, 0.024, 0.055, 0.104], NDCG: [0.012, 0.02, 0.033, 0.049] 
[INFO] 2023-01-27 12:48:47,245 HR: [0.085, 0.148, 0.285, 0.438], NDCG: [0.085, 0.125, 0.186, 0.235] 
[INFO] 2023-01-27 12:48:55,332 HR: [0.014, 0.024, 0.053, 0.108], NDCG: [0.014, 0.021, 0.033, 0.051] 
[INFO] 2023-01-27 12:48:55,334 HR: [0.07  0.121 0.235 0.364], NDCG: [0.07  0.103 0.153 0.194] 
[INFO] 2023-01-27 12:49:14,647 mapping loss = 0.135915 
[INFO] 2023-01-27 12:49:56,808 recommend loss 0.0952. 
[INFO] 2023-01-27 12:50:15,814 mapping loss = 0.131884 
[INFO] 2023-01-27 12:50:58,006 recommend loss 0.0941. 
[INFO] 2023-01-27 12:51:17,944 mapping loss = 0.127944 
[INFO] 2023-01-27 12:52:01,338 recommend loss 0.0940. 
[INFO] 2023-01-27 12:52:22,200 mapping loss = 0.125101 
[INFO] 2023-01-27 12:53:04,371 recommend loss 0.0935. 
[INFO] 2023-01-27 12:53:23,252 mapping loss = 0.121109 
[INFO] 2023-01-27 12:54:04,779 recommend loss 0.0928. 
[INFO] 2023-01-27 12:54:29,016 HR: [0.09, 0.158, 0.3, 0.458], NDCG: [0.09, 0.133, 0.196, 0.247] 
[INFO] 2023-01-27 12:54:36,378 HR: [0.011, 0.023, 0.053, 0.104], NDCG: [0.011, 0.019, 0.032, 0.048] 
[INFO] 2023-01-27 12:55:01,327 HR: [0.084, 0.146, 0.286, 0.44], NDCG: [0.084, 0.123, 0.185, 0.235] 
[INFO] 2023-01-27 12:55:09,607 HR: [0.014, 0.024, 0.053, 0.108], NDCG: [0.014, 0.02, 0.033, 0.05] 
[INFO] 2023-01-27 12:55:09,608 HR: [0.069 0.121 0.234 0.365], NDCG: [0.069 0.102 0.152 0.194] 
[INFO] 2023-01-27 12:55:28,553 mapping loss = 0.118115 
[INFO] 2023-01-27 12:56:10,374 recommend loss 0.0931. 
[INFO] 2023-01-27 12:56:30,134 mapping loss = 0.114943 
[INFO] 2023-01-27 12:57:11,654 recommend loss 0.0922. 
[INFO] 2023-01-27 12:57:31,459 mapping loss = 0.112282 
[INFO] 2023-01-27 12:58:12,789 recommend loss 0.0918. 
[INFO] 2023-01-27 12:58:32,271 mapping loss = 0.109052 
[INFO] 2023-01-27 12:59:14,922 recommend loss 0.0916. 
[INFO] 2023-01-27 12:59:36,386 mapping loss = 0.106561 
[INFO] 2023-01-27 13:00:18,551 recommend loss 0.0916. 
[INFO] 2023-01-27 13:00:42,889 HR: [0.092, 0.156, 0.301, 0.458], NDCG: [0.092, 0.133, 0.197, 0.248] 
[INFO] 2023-01-27 13:00:50,262 HR: [0.011, 0.024, 0.053, 0.106], NDCG: [0.011, 0.019, 0.032, 0.049] 
[INFO] 2023-01-27 13:01:14,348 HR: [0.083, 0.145, 0.287, 0.444], NDCG: [0.083, 0.122, 0.186, 0.236] 
[INFO] 2023-01-27 13:01:22,428 HR: [0.013, 0.024, 0.054, 0.103], NDCG: [0.013, 0.02, 0.033, 0.049] 
[INFO] 2023-01-27 13:01:22,430 HR: [0.069 0.12  0.235 0.366], NDCG: [0.069 0.101 0.153 0.195] 
[INFO] 2023-01-27 13:01:40,742 mapping loss = 0.104261 
[INFO] 2023-01-27 13:02:23,311 recommend loss 0.0913. 
[INFO] 2023-01-27 13:02:47,651 mapping loss = 0.100889 
[INFO] 2023-01-27 13:03:30,875 recommend loss 0.0903. 
[INFO] 2023-01-27 13:03:49,437 mapping loss = 0.098878 
[INFO] 2023-01-27 13:04:31,644 recommend loss 0.0905. 
[INFO] 2023-01-27 13:04:50,606 mapping loss = 0.096364 
[INFO] 2023-01-27 13:05:33,269 recommend loss 0.0896. 
[INFO] 2023-01-27 13:05:52,756 mapping loss = 0.094333 
[INFO] 2023-01-27 13:06:36,903 recommend loss 0.0898. 
[INFO] 2023-01-27 13:07:01,788 HR: [0.091, 0.158, 0.3, 0.46], NDCG: [0.091, 0.133, 0.196, 0.248] 
[INFO] 2023-01-27 13:07:09,364 HR: [0.01, 0.023, 0.053, 0.103], NDCG: [0.01, 0.019, 0.032, 0.048] 
[INFO] 2023-01-27 13:07:34,157 HR: [0.082, 0.145, 0.285, 0.444], NDCG: [0.082, 0.122, 0.184, 0.235] 
[INFO] 2023-01-27 13:07:42,502 HR: [0.013, 0.025, 0.053, 0.105], NDCG: [0.013, 0.021, 0.033, 0.05] 
[INFO] 2023-01-27 13:07:42,503 HR: [0.068 0.12  0.234 0.367], NDCG: [0.068 0.101 0.152 0.195] 
[INFO] 2023-01-27 13:08:07,760 mapping loss = 0.091900 
[INFO] 2023-01-27 13:08:52,321 recommend loss 0.0890. 
[INFO] 2023-01-27 13:09:16,486 mapping loss = 0.089850 
[INFO] 2023-01-27 13:09:58,227 recommend loss 0.0889. 
[INFO] 2023-01-27 13:10:17,390 mapping loss = 0.087915 
[INFO] 2023-01-27 13:11:00,777 recommend loss 0.0885. 
[INFO] 2023-01-27 13:11:19,227 mapping loss = 0.086010 
[INFO] 2023-01-27 13:12:01,150 recommend loss 0.0879. 
[INFO] 2023-01-27 13:12:19,543 mapping loss = 0.084194 
[INFO] 2023-01-27 13:13:01,002 recommend loss 0.0881. 
[INFO] 2023-01-27 13:13:25,015 HR: [0.091, 0.157, 0.301, 0.458], NDCG: [0.091, 0.133, 0.197, 0.247] 
[INFO] 2023-01-27 13:13:32,351 HR: [0.01, 0.023, 0.054, 0.104], NDCG: [0.01, 0.019, 0.032, 0.048] 
[INFO] 2023-01-27 13:13:56,330 HR: [0.082, 0.147, 0.286, 0.443], NDCG: [0.082, 0.123, 0.185, 0.236] 
[INFO] 2023-01-27 13:14:04,407 HR: [0.013, 0.025, 0.053, 0.105], NDCG: [0.013, 0.02, 0.032, 0.049] 
[INFO] 2023-01-27 13:14:04,408 HR: [0.068 0.121 0.235 0.366], NDCG: [0.068 0.102 0.152 0.194] 
[INFO] 2023-01-27 13:14:22,714 mapping loss = 0.082845 
[INFO] 2023-01-27 13:15:04,154 recommend loss 0.0876. 
[INFO] 2023-01-27 13:15:22,736 mapping loss = 0.081120 
[INFO] 2023-01-27 13:16:04,067 recommend loss 0.0878. 
[INFO] 2023-01-27 13:16:22,473 mapping loss = 0.079335 
[INFO] 2023-01-27 13:17:03,903 recommend loss 0.0875. 
[INFO] 2023-01-27 13:17:22,391 mapping loss = 0.077622 
[INFO] 2023-01-27 13:18:04,412 recommend loss 0.0872. 
[INFO] 2023-01-27 13:18:22,683 mapping loss = 0.076475 
[INFO] 2023-01-27 13:19:04,035 recommend loss 0.0867. 
[INFO] 2023-01-27 13:19:27,987 HR: [0.093, 0.158, 0.299, 0.456], NDCG: [0.093, 0.134, 0.197, 0.247] 
[INFO] 2023-01-27 13:19:35,327 HR: [0.01, 0.022, 0.051, 0.103], NDCG: [0.01, 0.018, 0.031, 0.047] 
[INFO] 2023-01-27 13:19:59,317 HR: [0.083, 0.148, 0.288, 0.444], NDCG: [0.083, 0.124, 0.186, 0.237] 
[INFO] 2023-01-27 13:20:07,392 HR: [0.013, 0.025, 0.051, 0.105], NDCG: [0.013, 0.02, 0.032, 0.049] 
[INFO] 2023-01-27 13:20:07,393 HR: [0.069 0.121 0.234 0.366], NDCG: [0.069 0.102 0.152 0.195] 
[INFO] 2023-01-27 13:20:25,792 mapping loss = 0.074873 
[INFO] 2023-01-27 13:21:08,022 recommend loss 0.0867. 
[INFO] 2023-01-27 13:21:26,424 mapping loss = 0.073616 
[INFO] 2023-01-27 13:22:08,300 recommend loss 0.0858. 
[INFO] 2023-01-27 13:22:26,723 mapping loss = 0.071625 
[INFO] 2023-01-27 13:23:08,616 recommend loss 0.0860. 
[INFO] 2023-01-27 13:23:27,028 mapping loss = 0.070405 
[INFO] 2023-01-27 13:24:08,730 recommend loss 0.0860. 
[INFO] 2023-01-27 13:24:27,229 mapping loss = 0.069239 
[INFO] 2023-01-27 13:25:08,648 recommend loss 0.0855. 
[INFO] 2023-01-27 13:25:32,662 HR: [0.092, 0.157, 0.298, 0.459], NDCG: [0.092, 0.133, 0.196, 0.248] 
[INFO] 2023-01-27 13:25:39,990 HR: [0.01, 0.022, 0.051, 0.105], NDCG: [0.01, 0.017, 0.03, 0.047] 
[INFO] 2023-01-27 13:26:03,979 HR: [0.083, 0.146, 0.287, 0.445], NDCG: [0.083, 0.123, 0.186, 0.237] 
[INFO] 2023-01-27 13:26:12,062 HR: [0.012, 0.024, 0.052, 0.103], NDCG: [0.012, 0.019, 0.032, 0.048] 
[INFO] 2023-01-27 13:26:12,063 HR: [0.069 0.12  0.234 0.367], NDCG: [0.069 0.101 0.152 0.195] 
[INFO] 2023-01-27 13:26:30,333 mapping loss = 0.068330 
[INFO] 2023-01-27 13:27:11,891 recommend loss 0.0852. 
[INFO] 2023-01-27 13:27:30,229 mapping loss = 0.066988 
[INFO] 2023-01-27 13:28:11,749 recommend loss 0.0845. 
[INFO] 2023-01-27 13:28:30,036 mapping loss = 0.066455 
[INFO] 2023-01-27 13:29:11,561 recommend loss 0.0846. 
[INFO] 2023-01-27 13:29:30,770 mapping loss = 0.065111 
[INFO] 2023-01-27 13:30:11,183 recommend loss 0.0850. 
[INFO] 2023-01-27 13:30:30,750 mapping loss = 0.064016 
[INFO] 2023-01-27 13:31:12,282 recommend loss 0.0846. 
[INFO] 2023-01-27 13:31:36,328 HR: [0.092, 0.157, 0.301, 0.458], NDCG: [0.092, 0.133, 0.197, 0.247] 
[INFO] 2023-01-27 13:31:43,665 HR: [0.01, 0.021, 0.052, 0.104], NDCG: [0.01, 0.017, 0.031, 0.047] 
[INFO] 2023-01-27 13:32:07,669 HR: [0.081, 0.145, 0.289, 0.445], NDCG: [0.081, 0.121, 0.185, 0.235] 
[INFO] 2023-01-27 13:32:15,760 HR: [0.012, 0.023, 0.051, 0.103], NDCG: [0.012, 0.019, 0.031, 0.048] 
[INFO] 2023-01-27 13:32:15,761 HR: [0.068 0.12  0.236 0.367], NDCG: [0.068 0.1   0.152 0.194] 
[INFO] 2023-01-27 13:32:34,175 mapping loss = 0.063032 
[INFO] 2023-01-27 13:33:15,567 recommend loss 0.0842. 
[INFO] 2023-01-27 13:33:38,033 mapping loss = 0.062319 
[INFO] 2023-01-27 13:34:22,228 recommend loss 0.0844. 
[INFO] 2023-01-27 13:34:47,119 mapping loss = 0.060897 
[INFO] 2023-01-27 13:35:31,412 recommend loss 0.0846. 
[INFO] 2023-01-27 13:35:55,235 mapping loss = 0.060050 
[INFO] 2023-01-27 13:36:38,238 recommend loss 0.0838. 
[INFO] 2023-01-27 13:37:01,675 mapping loss = 0.059627 
[INFO] 2023-01-27 13:37:45,692 recommend loss 0.0836. 
[INFO] 2023-01-27 13:38:10,426 HR: [0.091, 0.156, 0.302, 0.457], NDCG: [0.091, 0.132, 0.197, 0.247] 
[INFO] 2023-01-27 13:38:17,991 HR: [0.01, 0.021, 0.051, 0.102], NDCG: [0.01, 0.017, 0.03, 0.046] 
[INFO] 2023-01-27 13:38:42,755 HR: [0.08, 0.145, 0.288, 0.445], NDCG: [0.08, 0.121, 0.184, 0.235] 
[INFO] 2023-01-27 13:38:51,102 HR: [0.011, 0.023, 0.052, 0.103], NDCG: [0.011, 0.019, 0.031, 0.048] 
[INFO] 2023-01-27 13:38:51,103 HR: [0.067 0.119 0.236 0.366], NDCG: [0.067 0.1   0.151 0.194] 
[INFO] 2023-01-27 13:39:14,790 mapping loss = 0.058443 
[INFO] 2023-01-27 13:39:56,859 recommend loss 0.0826. 
[INFO] 2023-01-27 13:40:15,641 mapping loss = 0.057853 
[INFO] 2023-01-27 13:40:57,838 recommend loss 0.0831. 
[INFO] 2023-01-27 13:41:16,585 mapping loss = 0.056547 
[INFO] 2023-01-27 13:41:58,892 recommend loss 0.0832. 
[INFO] 2023-01-27 13:42:17,446 mapping loss = 0.056240 
[INFO] 2023-01-27 13:42:59,673 recommend loss 0.0830. 
[INFO] 2023-01-27 13:42:59,675 HR:[0.068 0.12  0.234 0.367], NDCG:[0.068 0.101 0.152 0.195] 
[INFO] 2023-01-27 13:42:59,675 Experiment finished. 
