[INFO] 2023-01-27 11:42:12,867 Experiment ID.20230127_114212 start ...... 
[INFO] 2023-01-27 11:42:53,088 mapping loss = 1.150271 
[INFO] 2023-01-27 11:43:34,623 recommend loss 0.6533. 
[INFO] 2023-01-27 11:43:52,938 mapping loss = 1.041921 
[INFO] 2023-01-27 11:44:34,432 recommend loss 0.5461. 
[INFO] 2023-01-27 11:44:52,902 mapping loss = 0.986521 
[INFO] 2023-01-27 11:45:34,725 recommend loss 0.4905. 
[INFO] 2023-01-27 11:45:52,706 mapping loss = 0.946049 
[INFO] 2023-01-27 11:46:33,362 recommend loss 0.4393. 
[INFO] 2023-01-27 11:46:51,774 mapping loss = 0.913104 
[INFO] 2023-01-27 11:47:32,565 recommend loss 0.3905. 
[INFO] 2023-01-27 11:47:50,278 mapping loss = 0.885475 
[INFO] 2023-01-27 11:48:31,313 recommend loss 0.3510. 
[INFO] 2023-01-27 11:48:55,726 HR: [0.065, 0.119, 0.243, 0.383], NDCG: [0.065, 0.099, 0.154, 0.199] 
[INFO] 2023-01-27 11:49:03,248 HR: [0.043, 0.071, 0.146, 0.246], NDCG: [0.043, 0.061, 0.094, 0.126] 
[INFO] 2023-01-27 11:49:27,709 HR: [0.06, 0.106, 0.215, 0.347], NDCG: [0.06, 0.089, 0.138, 0.18] 
[INFO] 2023-01-27 11:49:35,933 HR: [0.035, 0.068, 0.137, 0.239], NDCG: [0.035, 0.056, 0.086, 0.119] 
[INFO] 2023-01-27 11:49:35,934 HR: [0.057 0.102 0.208 0.335], NDCG: [0.057 0.085 0.132 0.173] 
[INFO] 2023-01-27 11:49:53,994 mapping loss = 0.858736 
[INFO] 2023-01-27 11:50:34,417 recommend loss 0.3193. 
[INFO] 2023-01-27 11:50:53,177 mapping loss = 0.833814 
[INFO] 2023-01-27 11:51:34,225 recommend loss 0.2935. 
[INFO] 2023-01-27 11:51:52,539 mapping loss = 0.808999 
[INFO] 2023-01-27 11:52:33,826 recommend loss 0.2733. 
[INFO] 2023-01-27 11:52:57,023 mapping loss = 0.784566 
[INFO] 2023-01-27 11:53:37,787 recommend loss 0.2549. 
[INFO] 2023-01-27 11:53:56,119 mapping loss = 0.764362 
[INFO] 2023-01-27 11:54:34,163 recommend loss 0.2403. 
[INFO] 2023-01-27 11:54:58,159 HR: [0.077, 0.136, 0.273, 0.428], NDCG: [0.077, 0.114, 0.175, 0.225] 
[INFO] 2023-01-27 11:55:05,493 HR: [0.037, 0.064, 0.139, 0.231], NDCG: [0.037, 0.054, 0.087, 0.117] 
[INFO] 2023-01-27 11:55:29,631 HR: [0.072, 0.125, 0.253, 0.39], NDCG: [0.072, 0.106, 0.162, 0.206] 
[INFO] 2023-01-27 11:55:37,780 HR: [0.033, 0.06, 0.124, 0.217], NDCG: [0.033, 0.05, 0.079, 0.109] 
[INFO] 2023-01-27 11:55:37,782 HR: [0.065 0.114 0.231 0.364], NDCG: [0.065 0.096 0.148 0.19 ] 
[INFO] 2023-01-27 11:55:56,153 mapping loss = 0.741009 
[INFO] 2023-01-27 11:56:36,896 recommend loss 0.2279. 
[INFO] 2023-01-27 11:56:55,007 mapping loss = 0.720910 
[INFO] 2023-01-27 11:57:35,841 recommend loss 0.2161. 
[INFO] 2023-01-27 11:57:54,799 mapping loss = 0.704491 
[INFO] 2023-01-27 11:58:35,196 recommend loss 0.2058. 
[INFO] 2023-01-27 11:58:54,175 mapping loss = 0.685976 
[INFO] 2023-01-27 11:59:34,090 recommend loss 0.1971. 
[INFO] 2023-01-27 11:59:52,307 mapping loss = 0.667683 
[INFO] 2023-01-27 12:00:32,123 recommend loss 0.1897. 
[INFO] 2023-01-27 12:00:57,077 HR: [0.082, 0.146, 0.284, 0.446], NDCG: [0.082, 0.122, 0.184, 0.236] 
[INFO] 2023-01-27 12:01:04,656 HR: [0.035, 0.064, 0.134, 0.226], NDCG: [0.035, 0.053, 0.084, 0.114] 
[INFO] 2023-01-27 12:01:29,157 HR: [0.077, 0.132, 0.262, 0.405], NDCG: [0.077, 0.112, 0.169, 0.215] 
[INFO] 2023-01-27 12:01:37,299 HR: [0.031, 0.058, 0.123, 0.207], NDCG: [0.031, 0.048, 0.077, 0.104] 
[INFO] 2023-01-27 12:01:37,300 HR: [0.068 0.12  0.238 0.374], NDCG: [0.068 0.101 0.153 0.197] 
[INFO] 2023-01-27 12:01:55,484 mapping loss = 0.650880 
[INFO] 2023-01-27 12:02:36,156 recommend loss 0.1825. 
[INFO] 2023-01-27 12:02:54,953 mapping loss = 0.634391 
[INFO] 2023-01-27 12:03:34,212 recommend loss 0.1767. 
[INFO] 2023-01-27 12:03:53,555 mapping loss = 0.618855 
[INFO] 2023-01-27 12:04:33,631 recommend loss 0.1709. 
[INFO] 2023-01-27 12:04:51,919 mapping loss = 0.604702 
[INFO] 2023-01-27 12:05:31,240 recommend loss 0.1660. 
[INFO] 2023-01-27 12:05:50,187 mapping loss = 0.590382 
[INFO] 2023-01-27 12:06:28,847 recommend loss 0.1611. 
[INFO] 2023-01-27 12:06:52,975 HR: [0.085, 0.148, 0.292, 0.452], NDCG: [0.085, 0.125, 0.189, 0.24] 
[INFO] 2023-01-27 12:07:00,374 HR: [0.034, 0.062, 0.132, 0.219], NDCG: [0.034, 0.052, 0.082, 0.11] 
[INFO] 2023-01-27 12:07:24,529 HR: [0.078, 0.135, 0.262, 0.409], NDCG: [0.078, 0.114, 0.171, 0.218] 
[INFO] 2023-01-27 12:07:32,624 HR: [0.029, 0.054, 0.119, 0.203], NDCG: [0.029, 0.045, 0.074, 0.101] 
[INFO] 2023-01-27 12:07:32,625 HR: [0.069 0.121 0.24  0.377], NDCG: [0.069 0.102 0.155 0.199] 
[INFO] 2023-01-27 12:07:50,884 mapping loss = 0.576100 
[INFO] 2023-01-27 12:08:29,569 recommend loss 0.1570. 
[INFO] 2023-01-27 12:08:48,109 mapping loss = 0.560939 
[INFO] 2023-01-27 12:09:27,799 recommend loss 0.1527. 
[INFO] 2023-01-27 12:09:46,501 mapping loss = 0.548967 
[INFO] 2023-01-27 12:10:24,475 recommend loss 0.1493. 
[INFO] 2023-01-27 12:10:43,135 mapping loss = 0.537987 
[INFO] 2023-01-27 12:11:23,462 recommend loss 0.1461. 
[INFO] 2023-01-27 12:11:41,367 mapping loss = 0.526023 
[INFO] 2023-01-27 12:12:21,427 recommend loss 0.1432. 
[INFO] 2023-01-27 12:12:45,478 HR: [0.085, 0.151, 0.295, 0.457], NDCG: [0.085, 0.127, 0.191, 0.243] 
[INFO] 2023-01-27 12:12:52,825 HR: [0.033, 0.061, 0.128, 0.218], NDCG: [0.033, 0.051, 0.08, 0.109] 
[INFO] 2023-01-27 12:13:16,837 HR: [0.081, 0.139, 0.265, 0.413], NDCG: [0.081, 0.117, 0.173, 0.221] 
[INFO] 2023-01-27 12:13:24,990 HR: [0.029, 0.052, 0.118, 0.202], NDCG: [0.029, 0.044, 0.073, 0.099] 
[INFO] 2023-01-27 12:13:24,991 HR: [0.07  0.123 0.242 0.38 ], NDCG: [0.07  0.104 0.156 0.201] 
[INFO] 2023-01-27 12:13:43,477 mapping loss = 0.514738 
[INFO] 2023-01-27 12:14:23,325 recommend loss 0.1400. 
[INFO] 2023-01-27 12:14:42,103 mapping loss = 0.502880 
[INFO] 2023-01-27 12:15:22,414 recommend loss 0.1376. 
[INFO] 2023-01-27 12:15:41,093 mapping loss = 0.492959 
[INFO] 2023-01-27 12:16:21,337 recommend loss 0.1351. 
[INFO] 2023-01-27 12:16:39,779 mapping loss = 0.482052 
[INFO] 2023-01-27 12:17:20,214 recommend loss 0.1330. 
[INFO] 2023-01-27 12:17:39,722 mapping loss = 0.472699 
[INFO] 2023-01-27 12:18:19,339 recommend loss 0.1308. 
[INFO] 2023-01-27 12:18:43,432 HR: [0.087, 0.153, 0.294, 0.457], NDCG: [0.087, 0.129, 0.192, 0.244] 
[INFO] 2023-01-27 12:18:50,776 HR: [0.03, 0.059, 0.129, 0.213], NDCG: [0.03, 0.049, 0.079, 0.106] 
[INFO] 2023-01-27 12:19:14,785 HR: [0.08, 0.14, 0.266, 0.41], NDCG: [0.08, 0.118, 0.174, 0.22] 
[INFO] 2023-01-27 12:19:22,926 HR: [0.027, 0.049, 0.115, 0.197], NDCG: [0.027, 0.041, 0.07, 0.096] 
[INFO] 2023-01-27 12:19:22,927 HR: [0.07  0.124 0.241 0.378], NDCG: [0.07  0.104 0.156 0.2  ] 
[INFO] 2023-01-27 12:19:41,727 mapping loss = 0.463556 
[INFO] 2023-01-27 12:20:20,018 recommend loss 0.1282. 
[INFO] 2023-01-27 12:20:39,082 mapping loss = 0.454770 
[INFO] 2023-01-27 12:21:19,360 recommend loss 0.1263. 
[INFO] 2023-01-27 12:21:38,381 mapping loss = 0.446265 
[INFO] 2023-01-27 12:22:18,648 recommend loss 0.1251. 
[INFO] 2023-01-27 12:22:39,183 mapping loss = 0.438264 
[INFO] 2023-01-27 12:23:19,531 recommend loss 0.1227. 
[INFO] 2023-01-27 12:23:38,217 mapping loss = 0.430101 
[INFO] 2023-01-27 12:24:18,105 recommend loss 0.1209. 
[INFO] 2023-01-27 12:24:42,367 HR: [0.087, 0.155, 0.296, 0.456], NDCG: [0.087, 0.13, 0.192, 0.244] 
[INFO] 2023-01-27 12:24:49,748 HR: [0.028, 0.057, 0.128, 0.214], NDCG: [0.028, 0.046, 0.078, 0.105] 
[INFO] 2023-01-27 12:25:14,076 HR: [0.079, 0.138, 0.267, 0.414], NDCG: [0.079, 0.116, 0.173, 0.221] 
[INFO] 2023-01-27 12:25:22,438 HR: [0.025, 0.05, 0.111, 0.196], NDCG: [0.025, 0.041, 0.068, 0.095] 
[INFO] 2023-01-27 12:25:22,440 HR: [0.069 0.124 0.242 0.379], NDCG: [0.069 0.104 0.156 0.2  ] 
[INFO] 2023-01-27 12:25:42,152 mapping loss = 0.422088 
[INFO] 2023-01-27 12:26:22,589 recommend loss 0.1207. 
[INFO] 2023-01-27 12:26:42,040 mapping loss = 0.415584 
[INFO] 2023-01-27 12:27:20,319 recommend loss 0.1184. 
[INFO] 2023-01-27 12:27:38,756 mapping loss = 0.407852 
[INFO] 2023-01-27 12:28:17,695 recommend loss 0.1168. 
[INFO] 2023-01-27 12:28:36,593 mapping loss = 0.401325 
[INFO] 2023-01-27 12:29:17,357 recommend loss 0.1164. 
[INFO] 2023-01-27 12:29:35,946 mapping loss = 0.395558 
[INFO] 2023-01-27 12:30:15,950 recommend loss 0.1146. 
[INFO] 2023-01-27 12:30:40,373 HR: [0.087, 0.154, 0.297, 0.452], NDCG: [0.087, 0.129, 0.193, 0.243] 
[INFO] 2023-01-27 12:30:47,738 HR: [0.028, 0.056, 0.125, 0.21], NDCG: [0.028, 0.046, 0.076, 0.104] 
[INFO] 2023-01-27 12:31:11,743 HR: [0.079, 0.136, 0.269, 0.413], NDCG: [0.079, 0.115, 0.175, 0.221] 
[INFO] 2023-01-27 12:31:19,836 HR: [0.026, 0.047, 0.11, 0.197], NDCG: [0.026, 0.04, 0.067, 0.095] 
[INFO] 2023-01-27 12:31:19,837 HR: [0.069 0.122 0.242 0.377], NDCG: [0.069 0.103 0.156 0.2  ] 
[INFO] 2023-01-27 12:31:38,567 mapping loss = 0.389074 
[INFO] 2023-01-27 12:32:19,225 recommend loss 0.1142. 
[INFO] 2023-01-27 12:32:38,539 mapping loss = 0.382044 
[INFO] 2023-01-27 12:33:20,801 recommend loss 0.1128. 
[INFO] 2023-01-27 12:33:40,151 mapping loss = 0.375980 
[INFO] 2023-01-27 12:34:20,028 recommend loss 0.1118. 
[INFO] 2023-01-27 12:34:41,795 mapping loss = 0.370200 
[INFO] 2023-01-27 12:35:22,244 recommend loss 0.1113. 
[INFO] 2023-01-27 12:35:40,686 mapping loss = 0.364732 
[INFO] 2023-01-27 12:36:20,571 recommend loss 0.1095. 
[INFO] 2023-01-27 12:36:44,578 HR: [0.087, 0.154, 0.296, 0.452], NDCG: [0.087, 0.129, 0.192, 0.242] 
[INFO] 2023-01-27 12:36:51,941 HR: [0.03, 0.056, 0.127, 0.215], NDCG: [0.03, 0.046, 0.078, 0.106] 
[INFO] 2023-01-27 12:37:15,929 HR: [0.078, 0.137, 0.27, 0.411], NDCG: [0.078, 0.116, 0.174, 0.22] 
[INFO] 2023-01-27 12:37:24,039 HR: [0.025, 0.046, 0.11, 0.198], NDCG: [0.025, 0.038, 0.066, 0.095] 
[INFO] 2023-01-27 12:37:24,040 HR: [0.069 0.122 0.243 0.376], NDCG: [0.069 0.103 0.156 0.199] 
[INFO] 2023-01-27 12:37:42,250 mapping loss = 0.360046 
[INFO] 2023-01-27 12:38:22,818 recommend loss 0.1089. 
[INFO] 2023-01-27 12:38:41,831 mapping loss = 0.355531 
[INFO] 2023-01-27 12:39:21,921 recommend loss 0.1077. 
[INFO] 2023-01-27 12:39:40,660 mapping loss = 0.349600 
[INFO] 2023-01-27 12:40:21,149 recommend loss 0.1068. 
[INFO] 2023-01-27 12:40:39,172 mapping loss = 0.345074 
[INFO] 2023-01-27 12:41:20,502 recommend loss 0.1068. 
[INFO] 2023-01-27 12:41:39,090 mapping loss = 0.340167 
[INFO] 2023-01-27 12:42:19,399 recommend loss 0.1056. 
[INFO] 2023-01-27 12:42:43,467 HR: [0.087, 0.153, 0.295, 0.451], NDCG: [0.087, 0.129, 0.192, 0.242] 
[INFO] 2023-01-27 12:42:50,809 HR: [0.029, 0.054, 0.123, 0.208], NDCG: [0.029, 0.045, 0.075, 0.103] 
[INFO] 2023-01-27 12:43:14,848 HR: [0.078, 0.138, 0.273, 0.413], NDCG: [0.078, 0.116, 0.176, 0.221] 
[INFO] 2023-01-27 12:43:22,960 HR: [0.025, 0.046, 0.109, 0.199], NDCG: [0.025, 0.038, 0.066, 0.095] 
[INFO] 2023-01-27 12:43:22,961 HR: [0.069 0.122 0.243 0.376], NDCG: [0.069 0.103 0.156 0.199] 
[INFO] 2023-01-27 12:43:41,239 mapping loss = 0.336814 
[INFO] 2023-01-27 12:44:21,894 recommend loss 0.1048. 
[INFO] 2023-01-27 12:44:40,561 mapping loss = 0.330792 
[INFO] 2023-01-27 12:45:20,643 recommend loss 0.1041. 
[INFO] 2023-01-27 12:45:39,518 mapping loss = 0.326934 
[INFO] 2023-01-27 12:46:19,441 recommend loss 0.1034. 
[INFO] 2023-01-27 12:46:37,468 mapping loss = 0.323304 
[INFO] 2023-01-27 12:47:17,877 recommend loss 0.1029. 
[INFO] 2023-01-27 12:47:36,562 mapping loss = 0.319343 
[INFO] 2023-01-27 12:48:16,625 recommend loss 0.1023. 
[INFO] 2023-01-27 12:48:41,511 HR: [0.085, 0.154, 0.296, 0.452], NDCG: [0.085, 0.129, 0.191, 0.242] 
[INFO] 2023-01-27 12:48:49,094 HR: [0.028, 0.052, 0.122, 0.21], NDCG: [0.028, 0.043, 0.074, 0.102] 
[INFO] 2023-01-27 12:49:13,727 HR: [0.08, 0.137, 0.272, 0.416], NDCG: [0.08, 0.116, 0.176, 0.222] 
[INFO] 2023-01-27 12:49:21,878 HR: [0.025, 0.048, 0.108, 0.194], NDCG: [0.025, 0.04, 0.066, 0.094] 
[INFO] 2023-01-27 12:49:21,879 HR: [0.069 0.122 0.243 0.377], NDCG: [0.069 0.103 0.156 0.199] 
[INFO] 2023-01-27 12:49:40,170 mapping loss = 0.314957 
[INFO] 2023-01-27 12:50:20,071 recommend loss 0.1018. 
[INFO] 2023-01-27 12:50:37,828 mapping loss = 0.311397 
[INFO] 2023-01-27 12:51:18,038 recommend loss 0.1009. 
[INFO] 2023-01-27 12:51:36,336 mapping loss = 0.309390 
[INFO] 2023-01-27 12:52:16,790 recommend loss 0.1002. 
[INFO] 2023-01-27 12:52:34,995 mapping loss = 0.304450 
[INFO] 2023-01-27 12:53:17,441 recommend loss 0.0993. 
[INFO] 2023-01-27 12:53:40,390 mapping loss = 0.300153 
[INFO] 2023-01-27 12:54:21,163 recommend loss 0.0989. 
[INFO] 2023-01-27 12:54:45,259 HR: [0.085, 0.153, 0.295, 0.451], NDCG: [0.085, 0.128, 0.191, 0.241] 
[INFO] 2023-01-27 12:54:52,593 HR: [0.027, 0.056, 0.122, 0.209], NDCG: [0.027, 0.045, 0.074, 0.102] 
[INFO] 2023-01-27 12:55:16,946 HR: [0.078, 0.138, 0.272, 0.417], NDCG: [0.078, 0.116, 0.176, 0.222] 
[INFO] 2023-01-27 12:55:25,326 HR: [0.024, 0.045, 0.108, 0.191], NDCG: [0.024, 0.037, 0.066, 0.092] 
[INFO] 2023-01-27 12:55:25,327 HR: [0.068 0.122 0.242 0.377], NDCG: [0.068 0.102 0.156 0.199] 
[INFO] 2023-01-27 12:55:48,121 mapping loss = 0.297299 
[INFO] 2023-01-27 12:56:29,275 recommend loss 0.0978. 
[INFO] 2023-01-27 12:56:48,072 mapping loss = 0.294192 
[INFO] 2023-01-27 12:57:28,957 recommend loss 0.0982. 
[INFO] 2023-01-27 12:57:48,429 mapping loss = 0.291198 
[INFO] 2023-01-27 12:58:28,168 recommend loss 0.0976. 
[INFO] 2023-01-27 12:58:47,031 mapping loss = 0.288303 
[INFO] 2023-01-27 12:59:26,588 recommend loss 0.0967. 
[INFO] 2023-01-27 12:59:45,381 mapping loss = 0.285446 
[INFO] 2023-01-27 13:00:25,696 recommend loss 0.0970. 
[INFO] 2023-01-27 13:00:49,902 HR: [0.089, 0.154, 0.295, 0.452], NDCG: [0.089, 0.13, 0.192, 0.243] 
[INFO] 2023-01-27 13:00:57,246 HR: [0.027, 0.052, 0.123, 0.21], NDCG: [0.027, 0.043, 0.074, 0.102] 
[INFO] 2023-01-27 13:01:21,265 HR: [0.08, 0.138, 0.271, 0.414], NDCG: [0.08, 0.117, 0.176, 0.222] 
[INFO] 2023-01-27 13:01:29,408 HR: [0.026, 0.046, 0.106, 0.191], NDCG: [0.026, 0.038, 0.065, 0.093] 
[INFO] 2023-01-27 13:01:29,409 HR: [0.07  0.122 0.242 0.376], NDCG: [0.07  0.103 0.156 0.199] 
[INFO] 2023-01-27 13:01:47,410 mapping loss = 0.282436 
[INFO] 2023-01-27 13:02:26,923 recommend loss 0.0965. 
[INFO] 2023-01-27 13:02:45,512 mapping loss = 0.281360 
[INFO] 2023-01-27 13:03:26,897 recommend loss 0.0957. 
[INFO] 2023-01-27 13:03:45,515 mapping loss = 0.278221 
[INFO] 2023-01-27 13:04:26,024 recommend loss 0.0955. 
[INFO] 2023-01-27 13:04:45,096 mapping loss = 0.275346 
[INFO] 2023-01-27 13:05:25,039 recommend loss 0.0953. 
[INFO] 2023-01-27 13:05:43,685 mapping loss = 0.271944 
[INFO] 2023-01-27 13:06:23,032 recommend loss 0.0948. 
[INFO] 2023-01-27 13:06:46,934 HR: [0.086, 0.153, 0.294, 0.448], NDCG: [0.086, 0.128, 0.191, 0.24] 
[INFO] 2023-01-27 13:06:54,231 HR: [0.026, 0.052, 0.123, 0.21], NDCG: [0.026, 0.042, 0.074, 0.102] 
[INFO] 2023-01-27 13:07:18,091 HR: [0.079, 0.138, 0.27, 0.415], NDCG: [0.079, 0.116, 0.175, 0.222] 
[INFO] 2023-01-27 13:07:26,140 HR: [0.024, 0.046, 0.106, 0.192], NDCG: [0.024, 0.038, 0.065, 0.092] 
[INFO] 2023-01-27 13:07:26,141 HR: [0.068 0.122 0.241 0.375], NDCG: [0.068 0.102 0.155 0.198] 
[INFO] 2023-01-27 13:07:43,738 mapping loss = 0.269449 
[INFO] 2023-01-27 13:08:23,308 recommend loss 0.0947. 
[INFO] 2023-01-27 13:08:41,352 mapping loss = 0.268110 
[INFO] 2023-01-27 13:09:20,781 recommend loss 0.0945. 
[INFO] 2023-01-27 13:09:39,307 mapping loss = 0.264950 
[INFO] 2023-01-27 13:10:19,268 recommend loss 0.0932. 
[INFO] 2023-01-27 13:10:37,484 mapping loss = 0.262603 
[INFO] 2023-01-27 13:11:16,158 recommend loss 0.0932. 
[INFO] 2023-01-27 13:11:34,065 mapping loss = 0.260889 
[INFO] 2023-01-27 13:12:13,261 recommend loss 0.0926. 
[INFO] 2023-01-27 13:12:37,300 HR: [0.086, 0.151, 0.294, 0.447], NDCG: [0.086, 0.127, 0.19, 0.24] 
[INFO] 2023-01-27 13:12:44,631 HR: [0.028, 0.052, 0.122, 0.212], NDCG: [0.028, 0.043, 0.074, 0.103] 
[INFO] 2023-01-27 13:13:08,559 HR: [0.079, 0.135, 0.27, 0.417], NDCG: [0.079, 0.114, 0.174, 0.222] 
[INFO] 2023-01-27 13:13:16,642 HR: [0.024, 0.046, 0.104, 0.193], NDCG: [0.024, 0.037, 0.064, 0.092] 
[INFO] 2023-01-27 13:13:16,643 HR: [0.069 0.12  0.241 0.376], NDCG: [0.069 0.101 0.154 0.198] 
[INFO] 2023-01-27 13:13:34,521 mapping loss = 0.259129 
[INFO] 2023-01-27 13:14:13,893 recommend loss 0.0921. 
[INFO] 2023-01-27 13:14:32,193 mapping loss = 0.257058 
[INFO] 2023-01-27 13:15:11,588 recommend loss 0.0923. 
[INFO] 2023-01-27 13:15:30,197 mapping loss = 0.254695 
[INFO] 2023-01-27 13:16:08,352 recommend loss 0.0927. 
[INFO] 2023-01-27 13:16:26,694 mapping loss = 0.253543 
[INFO] 2023-01-27 13:17:06,131 recommend loss 0.0911. 
[INFO] 2023-01-27 13:17:24,959 mapping loss = 0.251796 
[INFO] 2023-01-27 13:18:05,007 recommend loss 0.0913. 
[INFO] 2023-01-27 13:18:29,115 HR: [0.085, 0.153, 0.296, 0.449], NDCG: [0.085, 0.128, 0.191, 0.24] 
[INFO] 2023-01-27 13:18:36,442 HR: [0.026, 0.05, 0.12, 0.209], NDCG: [0.026, 0.041, 0.072, 0.101] 
[INFO] 2023-01-27 13:19:00,373 HR: [0.078, 0.135, 0.27, 0.414], NDCG: [0.078, 0.114, 0.174, 0.221] 
[INFO] 2023-01-27 13:19:08,464 HR: [0.023, 0.047, 0.107, 0.194], NDCG: [0.023, 0.038, 0.065, 0.092] 
[INFO] 2023-01-27 13:19:08,465 HR: [0.068 0.121 0.242 0.375], NDCG: [0.068 0.101 0.155 0.198] 
[INFO] 2023-01-27 13:19:26,023 mapping loss = 0.248891 
[INFO] 2023-01-27 13:20:05,484 recommend loss 0.0914. 
[INFO] 2023-01-27 13:20:24,080 mapping loss = 0.247647 
[INFO] 2023-01-27 13:21:04,251 recommend loss 0.0911. 
[INFO] 2023-01-27 13:21:22,049 mapping loss = 0.244839 
[INFO] 2023-01-27 13:22:01,798 recommend loss 0.0906. 
[INFO] 2023-01-27 13:22:19,589 mapping loss = 0.243232 
[INFO] 2023-01-27 13:22:59,401 recommend loss 0.0902. 
[INFO] 2023-01-27 13:23:17,171 mapping loss = 0.241776 
[INFO] 2023-01-27 13:23:56,804 recommend loss 0.0890. 
[INFO] 2023-01-27 13:24:20,741 HR: [0.086, 0.151, 0.292, 0.448], NDCG: [0.086, 0.127, 0.19, 0.24] 
[INFO] 2023-01-27 13:24:28,043 HR: [0.026, 0.051, 0.12, 0.211], NDCG: [0.026, 0.042, 0.072, 0.101] 
[INFO] 2023-01-27 13:24:51,939 HR: [0.078, 0.138, 0.268, 0.415], NDCG: [0.078, 0.116, 0.174, 0.221] 
[INFO] 2023-01-27 13:25:00,032 HR: [0.023, 0.046, 0.107, 0.192], NDCG: [0.023, 0.038, 0.065, 0.092] 
[INFO] 2023-01-27 13:25:00,033 HR: [0.068 0.121 0.239 0.375], NDCG: [0.068 0.102 0.154 0.198] 
[INFO] 2023-01-27 13:25:17,057 mapping loss = 0.239954 
[INFO] 2023-01-27 13:25:56,381 recommend loss 0.0896. 
[INFO] 2023-01-27 13:26:14,081 mapping loss = 0.238252 
[INFO] 2023-01-27 13:26:53,500 recommend loss 0.0898. 
[INFO] 2023-01-27 13:27:11,242 mapping loss = 0.236720 
[INFO] 2023-01-27 13:27:50,696 recommend loss 0.0887. 
[INFO] 2023-01-27 13:28:08,554 mapping loss = 0.234928 
[INFO] 2023-01-27 13:28:48,077 recommend loss 0.0887. 
[INFO] 2023-01-27 13:29:06,268 mapping loss = 0.234423 
[INFO] 2023-01-27 13:29:44,855 recommend loss 0.0888. 
[INFO] 2023-01-27 13:30:08,826 HR: [0.085, 0.15, 0.291, 0.447], NDCG: [0.085, 0.126, 0.188, 0.239] 
[INFO] 2023-01-27 13:30:16,153 HR: [0.027, 0.051, 0.122, 0.21], NDCG: [0.027, 0.042, 0.074, 0.102] 
[INFO] 2023-01-27 13:30:40,154 HR: [0.078, 0.136, 0.269, 0.413], NDCG: [0.078, 0.114, 0.173, 0.22] 
[INFO] 2023-01-27 13:30:48,242 HR: [0.023, 0.046, 0.105, 0.194], NDCG: [0.023, 0.037, 0.064, 0.092] 
[INFO] 2023-01-27 13:30:48,243 HR: [0.068 0.12  0.239 0.374], NDCG: [0.068 0.1   0.153 0.197] 
[INFO] 2023-01-27 13:31:06,102 mapping loss = 0.233324 
[INFO] 2023-01-27 13:31:45,486 recommend loss 0.0891. 
[INFO] 2023-01-27 13:32:03,117 mapping loss = 0.231276 
[INFO] 2023-01-27 13:32:40,650 recommend loss 0.0883. 
[INFO] 2023-01-27 13:32:57,965 mapping loss = 0.230097 
[INFO] 2023-01-27 13:33:36,211 recommend loss 0.0881. 
[INFO] 2023-01-27 13:33:53,874 mapping loss = 0.228880 
[INFO] 2023-01-27 13:34:33,191 recommend loss 0.0881. 
[INFO] 2023-01-27 13:34:52,039 mapping loss = 0.226329 
[INFO] 2023-01-27 13:35:31,775 recommend loss 0.0874. 
[INFO] 2023-01-27 13:35:55,917 HR: [0.086, 0.151, 0.293, 0.445], NDCG: [0.086, 0.127, 0.19, 0.238] 
[INFO] 2023-01-27 13:36:03,247 HR: [0.026, 0.053, 0.12, 0.209], NDCG: [0.026, 0.043, 0.073, 0.101] 
[INFO] 2023-01-27 13:36:27,116 HR: [0.077, 0.136, 0.269, 0.415], NDCG: [0.077, 0.114, 0.173, 0.22] 
[INFO] 2023-01-27 13:36:35,196 HR: [0.022, 0.046, 0.106, 0.192], NDCG: [0.022, 0.037, 0.064, 0.091] 
[INFO] 2023-01-27 13:36:35,197 HR: [0.067 0.121 0.24  0.374], NDCG: [0.067 0.101 0.154 0.196] 
[INFO] 2023-01-27 13:36:52,915 mapping loss = 0.225599 
[INFO] 2023-01-27 13:37:32,328 recommend loss 0.0876. 
[INFO] 2023-01-27 13:37:49,855 mapping loss = 0.224189 
[INFO] 2023-01-27 13:38:29,197 recommend loss 0.0868. 
[INFO] 2023-01-27 13:38:47,438 mapping loss = 0.223554 
[INFO] 2023-01-27 13:39:26,813 recommend loss 0.0873. 
[INFO] 2023-01-27 13:39:44,508 mapping loss = 0.222353 
[INFO] 2023-01-27 13:40:24,204 recommend loss 0.0871. 
[INFO] 2023-01-27 13:40:24,205 HR:[0.07  0.123 0.242 0.38 ], NDCG:[0.07  0.104 0.156 0.201] 
[INFO] 2023-01-27 13:40:24,205 Experiment finished. 
