[INFO] 2023-01-12 09:06:44,687 Experiment ID.20230112_090644 start ...... 
[INFO] 2023-01-12 09:06:44,688 Namespace(CDATN_GCN_layers=2, CDATN_embed_dim=32, EPOCHS=200, GCDTN_GCN_layers=2, GCDTN_embed_dim=32, LightGCN_embed_dim=32, LightGCN_n_layers=2, batch_size=512, data_name='movie-book', disable_tqdm=False, experiment_dir='log\\LightGCN\\20230112_090644', experiment_id='20230112_090644', experiment_name='20230112_090644', gpu_id=0, init_lr=0.001, model_name='LightGCN', test_num_ng=99, topKs=[5, 10, 20, 50], train_num_ng=4) 
[INFO] 2023-01-12 09:08:57,539 EPOCH 0: loss 0.7032. 
[INFO] 2023-01-12 09:09:54,273 EPOCH 0: HR: [0.065, 0.124, 0.238, 0.544], NDCG: [0.04, 0.059, 0.087, 0.147] 
[INFO] 2023-01-12 09:10:11,493 EPOCH 0: HR: [0.055, 0.104, 0.203, 0.502], NDCG: [0.031, 0.047, 0.072, 0.13] 
[INFO] 2023-01-12 09:11:07,775 EPOCH 0: HR: [0.062, 0.117, 0.225, 0.534], NDCG: [0.037, 0.055, 0.082, 0.142] 
[INFO] 2023-01-12 09:11:27,317 EPOCH 0: HR: [0.053, 0.106, 0.208, 0.512], NDCG: [0.032, 0.049, 0.075, 0.134] 
[INFO] 2023-01-12 09:13:27,726 EPOCH 1: loss 0.6032. 
[INFO] 2023-01-12 09:15:47,213 EPOCH 2: loss 0.4963. 
[INFO] 2023-01-12 09:18:03,092 EPOCH 3: loss 0.4242. 
[INFO] 2023-01-12 09:20:21,261 EPOCH 4: loss 0.3735. 
[INFO] 2023-01-12 09:22:21,479 EPOCH 5: loss 0.3350. 
[INFO] 2023-01-12 09:24:21,829 EPOCH 6: loss 0.3058. 
[INFO] 2023-01-12 09:26:25,543 EPOCH 7: loss 0.2826. 
[INFO] 2023-01-12 09:28:40,625 EPOCH 8: loss 0.2634. 
[INFO] 2023-01-12 09:30:44,549 EPOCH 9: loss 0.2475. 
[INFO] 2023-01-12 09:32:47,248 EPOCH 10: loss 0.2347. 
[INFO] 2023-01-12 09:33:49,885 EPOCH 10: HR: [0.302, 0.453, 0.639, 0.886], NDCG: [0.197, 0.246, 0.293, 0.342] 
[INFO] 2023-01-12 09:34:09,581 EPOCH 10: HR: [0.067, 0.124, 0.225, 0.513], NDCG: [0.041, 0.059, 0.085, 0.141] 
[INFO] 2023-01-12 09:35:13,878 EPOCH 10: HR: [0.274, 0.422, 0.603, 0.866], NDCG: [0.178, 0.226, 0.271, 0.324] 
[INFO] 2023-01-12 09:35:36,031 EPOCH 10: HR: [0.061, 0.116, 0.221, 0.509], NDCG: [0.037, 0.054, 0.08, 0.137] 
[INFO] 2023-01-12 09:37:53,389 EPOCH 11: loss 0.2230. 
[INFO] 2023-01-12 09:40:08,997 EPOCH 12: loss 0.2137. 
[INFO] 2023-01-12 09:42:25,517 EPOCH 13: loss 0.2047. 
[INFO] 2023-01-12 09:44:44,374 EPOCH 14: loss 0.1966. 
[INFO] 2023-01-12 09:47:03,754 EPOCH 15: loss 0.1900. 
[INFO] 2023-01-12 09:49:22,626 EPOCH 16: loss 0.1849. 
[INFO] 2023-01-12 09:51:43,893 EPOCH 17: loss 0.1787. 
[INFO] 2023-01-12 09:54:01,400 EPOCH 18: loss 0.1743. 
[INFO] 2023-01-12 09:56:19,717 EPOCH 19: loss 0.1708. 
[INFO] 2023-01-12 09:58:39,521 EPOCH 20: loss 0.1663. 
[INFO] 2023-01-12 09:59:45,402 EPOCH 20: HR: [0.316, 0.472, 0.657, 0.899], NDCG: [0.205, 0.255, 0.302, 0.35] 
[INFO] 2023-01-12 10:00:06,101 EPOCH 20: HR: [0.061, 0.122, 0.225, 0.516], NDCG: [0.038, 0.057, 0.083, 0.14] 
[INFO] 2023-01-12 10:01:13,196 EPOCH 20: HR: [0.295, 0.447, 0.631, 0.885], NDCG: [0.193, 0.242, 0.288, 0.339] 
[INFO] 2023-01-12 10:01:35,220 EPOCH 20: HR: [0.059, 0.113, 0.215, 0.507], NDCG: [0.036, 0.053, 0.078, 0.136] 
[INFO] 2023-01-12 10:03:53,548 EPOCH 21: loss 0.1628. 
[INFO] 2023-01-12 10:06:13,774 EPOCH 22: loss 0.1588. 
[INFO] 2023-01-12 10:08:32,751 EPOCH 23: loss 0.1571. 
[INFO] 2023-01-12 10:10:53,490 EPOCH 24: loss 0.1533. 
[INFO] 2023-01-12 10:13:13,111 EPOCH 25: loss 0.1516. 
[INFO] 2023-01-12 10:15:31,365 EPOCH 26: loss 0.1488. 
[INFO] 2023-01-12 10:17:49,363 EPOCH 27: loss 0.1469. 
[INFO] 2023-01-12 10:20:08,368 EPOCH 28: loss 0.1452. 
[INFO] 2023-01-12 10:22:25,672 EPOCH 29: loss 0.1425. 
[INFO] 2023-01-12 10:24:44,031 EPOCH 30: loss 0.1412. 
[INFO] 2023-01-12 10:25:48,969 EPOCH 30: HR: [0.316, 0.473, 0.659, 0.9], NDCG: [0.207, 0.257, 0.304, 0.352] 
[INFO] 2023-01-12 10:26:09,005 EPOCH 30: HR: [0.063, 0.117, 0.222, 0.518], NDCG: [0.037, 0.055, 0.081, 0.139] 
[INFO] 2023-01-12 10:27:13,918 EPOCH 30: HR: [0.298, 0.457, 0.64, 0.891], NDCG: [0.196, 0.247, 0.293, 0.343] 
[INFO] 2023-01-12 10:27:35,804 EPOCH 30: HR: [0.059, 0.109, 0.213, 0.504], NDCG: [0.036, 0.052, 0.078, 0.135] 
[INFO] 2023-01-12 10:29:53,014 EPOCH 31: loss 0.1396. 
[INFO] 2023-01-12 10:32:10,035 EPOCH 32: loss 0.1380. 
[INFO] 2023-01-12 10:34:27,491 EPOCH 33: loss 0.1362. 
[INFO] 2023-01-12 10:36:44,707 EPOCH 34: loss 0.1349. 
[INFO] 2023-01-12 10:39:01,706 EPOCH 35: loss 0.1335. 
[INFO] 2023-01-12 10:41:19,690 EPOCH 36: loss 0.1324. 
[INFO] 2023-01-12 10:43:36,731 EPOCH 37: loss 0.1311. 
[INFO] 2023-01-12 10:45:53,812 EPOCH 38: loss 0.1293. 
[INFO] 2023-01-12 10:48:10,782 EPOCH 39: loss 0.1288. 
[INFO] 2023-01-12 10:50:28,047 EPOCH 40: loss 0.1280. 
[INFO] 2023-01-12 10:51:31,946 EPOCH 40: HR: [0.314, 0.47, 0.656, 0.899], NDCG: [0.204, 0.255, 0.302, 0.35] 
[INFO] 2023-01-12 10:51:51,516 EPOCH 40: HR: [0.061, 0.118, 0.222, 0.516], NDCG: [0.037, 0.055, 0.08, 0.138] 
[INFO] 2023-01-12 10:52:56,270 EPOCH 40: HR: [0.302, 0.459, 0.643, 0.891], NDCG: [0.198, 0.248, 0.295, 0.344] 
[INFO] 2023-01-12 10:53:18,200 EPOCH 40: HR: [0.058, 0.11, 0.208, 0.502], NDCG: [0.035, 0.052, 0.076, 0.134] 
[INFO] 2023-01-12 10:55:35,343 EPOCH 41: loss 0.1268. 
[INFO] 2023-01-12 10:57:52,863 EPOCH 42: loss 0.1263. 
[INFO] 2023-01-12 11:00:09,912 EPOCH 43: loss 0.1251. 
[INFO] 2023-01-12 11:02:27,768 EPOCH 44: loss 0.1244. 
[INFO] 2023-01-12 11:04:44,781 EPOCH 45: loss 0.1238. 
[INFO] 2023-01-12 11:07:00,932 EPOCH 46: loss 0.1228. 
[INFO] 2023-01-12 11:09:16,990 EPOCH 47: loss 0.1225. 
[INFO] 2023-01-12 11:11:16,869 EPOCH 48: loss 0.1216. 
[INFO] 2023-01-12 11:13:16,618 EPOCH 49: loss 0.1208. 
[INFO] 2023-01-12 11:15:16,200 EPOCH 50: loss 0.1201. 
[INFO] 2023-01-12 11:16:12,414 EPOCH 50: HR: [0.31, 0.469, 0.656, 0.9], NDCG: [0.203, 0.254, 0.301, 0.35] 
[INFO] 2023-01-12 11:16:29,686 EPOCH 50: HR: [0.06, 0.113, 0.22, 0.513], NDCG: [0.036, 0.053, 0.079, 0.137] 
[INFO] 2023-01-12 11:17:25,919 EPOCH 50: HR: [0.303, 0.461, 0.648, 0.893], NDCG: [0.2, 0.25, 0.298, 0.347] 
[INFO] 2023-01-12 11:17:44,924 EPOCH 50: HR: [0.056, 0.107, 0.204, 0.501], NDCG: [0.034, 0.05, 0.075, 0.133] 
[INFO] 2023-01-12 11:19:44,376 EPOCH 51: loss 0.1194. 
[INFO] 2023-01-12 11:21:43,898 EPOCH 52: loss 0.1186. 
[INFO] 2023-01-12 11:23:43,289 EPOCH 53: loss 0.1182. 
[INFO] 2023-01-12 11:25:42,700 EPOCH 54: loss 0.1174. 
[INFO] 2023-01-12 11:27:41,794 EPOCH 55: loss 0.1173. 
[INFO] 2023-01-12 11:29:40,497 EPOCH 56: loss 0.1167. 
[INFO] 2023-01-12 11:31:39,286 EPOCH 57: loss 0.1161. 
[INFO] 2023-01-12 11:33:38,195 EPOCH 58: loss 0.1160. 
[INFO] 2023-01-12 11:35:37,063 EPOCH 59: loss 0.1158. 
[INFO] 2023-01-12 11:37:36,042 EPOCH 60: loss 0.1147. 
[INFO] 2023-01-12 11:38:32,231 EPOCH 60: HR: [0.31, 0.467, 0.657, 0.9], NDCG: [0.202, 0.252, 0.3, 0.349] 
[INFO] 2023-01-12 11:38:49,483 EPOCH 60: HR: [0.058, 0.112, 0.217, 0.514], NDCG: [0.035, 0.052, 0.078, 0.136] 
[INFO] 2023-01-12 11:39:45,756 EPOCH 60: HR: [0.305, 0.463, 0.651, 0.895], NDCG: [0.201, 0.252, 0.299, 0.348] 
[INFO] 2023-01-12 11:40:04,769 EPOCH 60: HR: [0.057, 0.106, 0.205, 0.5], NDCG: [0.034, 0.05, 0.075, 0.132] 
[INFO] 2023-01-12 11:42:03,496 EPOCH 61: loss 0.1144. 
[INFO] 2023-01-12 11:44:02,371 EPOCH 62: loss 0.1142. 
[INFO] 2023-01-12 11:46:01,100 EPOCH 63: loss 0.1132. 
[INFO] 2023-01-12 15:12:39,124 EPOCH 64: loss 0.1131. 
[INFO] 2023-01-12 15:14:53,692 EPOCH 65: loss 0.1127. 
[INFO] 2023-01-12 15:17:09,544 EPOCH 66: loss 0.1128. 
[INFO] 2023-01-12 15:19:25,617 EPOCH 67: loss 0.1120. 
[INFO] 2023-01-12 15:21:42,629 EPOCH 68: loss 0.1118. 
[INFO] 2023-01-12 15:23:59,221 EPOCH 69: loss 0.1115. 
[INFO] 2023-01-12 15:26:16,264 EPOCH 70: loss 0.1107. 
[INFO] 2023-01-12 15:27:20,839 EPOCH 70: HR: [0.309, 0.465, 0.658, 0.899], NDCG: [0.201, 0.251, 0.3, 0.348] 
[INFO] 2023-01-12 15:27:40,611 EPOCH 70: HR: [0.056, 0.108, 0.218, 0.514], NDCG: [0.034, 0.05, 0.078, 0.136] 
[INFO] 2023-01-12 15:28:44,994 EPOCH 70: HR: [0.308, 0.465, 0.653, 0.898], NDCG: [0.203, 0.254, 0.301, 0.35] 
[INFO] 2023-01-12 15:29:06,803 EPOCH 70: HR: [0.056, 0.106, 0.204, 0.502], NDCG: [0.033, 0.049, 0.074, 0.132] 
[INFO] 2023-01-12 15:31:23,410 EPOCH 71: loss 0.1109. 
[INFO] 2023-01-12 15:33:41,670 EPOCH 72: loss 0.1105. 
[INFO] 2023-01-12 15:35:59,534 EPOCH 73: loss 0.1105. 
[INFO] 2023-01-12 15:38:17,173 EPOCH 74: loss 0.1098. 
[INFO] 2023-01-12 15:40:34,027 EPOCH 75: loss 0.1093. 
[INFO] 2023-01-12 15:42:51,625 EPOCH 76: loss 0.1090. 
[INFO] 2023-01-12 15:45:08,562 EPOCH 77: loss 0.1090. 
[INFO] 2023-01-12 15:47:25,475 EPOCH 78: loss 0.1086. 
[INFO] 2023-01-12 15:49:42,312 EPOCH 79: loss 0.1083. 
[INFO] 2023-01-12 15:51:58,870 EPOCH 80: loss 0.1081. 
[INFO] 2023-01-12 15:53:03,740 EPOCH 80: HR: [0.306, 0.464, 0.66, 0.9], NDCG: [0.201, 0.251, 0.301, 0.349] 
[INFO] 2023-01-12 15:53:23,627 EPOCH 80: HR: [0.057, 0.109, 0.219, 0.515], NDCG: [0.034, 0.051, 0.078, 0.136] 
[INFO] 2023-01-12 15:54:28,401 EPOCH 80: HR: [0.306, 0.465, 0.656, 0.898], NDCG: [0.203, 0.254, 0.302, 0.35] 
[INFO] 2023-01-12 15:54:50,273 EPOCH 80: HR: [0.056, 0.108, 0.203, 0.502], NDCG: [0.033, 0.049, 0.073, 0.131] 
[INFO] 2023-01-12 15:57:06,888 EPOCH 81: loss 0.1077. 
[INFO] 2023-01-12 15:59:23,215 EPOCH 82: loss 0.1079. 
[INFO] 2023-01-12 16:01:40,121 EPOCH 83: loss 0.1076. 
[INFO] 2023-01-12 16:03:57,145 EPOCH 84: loss 0.1071. 
[INFO] 2023-01-12 16:06:13,784 EPOCH 85: loss 0.1071. 
[INFO] 2023-01-12 16:08:30,503 EPOCH 86: loss 0.1069. 
[INFO] 2023-01-12 16:10:47,574 EPOCH 87: loss 0.1065. 
[INFO] 2023-01-12 16:13:05,433 EPOCH 88: loss 0.1061. 
[INFO] 2023-01-12 16:15:22,217 EPOCH 89: loss 0.1066. 
[INFO] 2023-01-12 16:17:38,539 EPOCH 90: loss 0.1061. 
[INFO] 2023-01-12 16:18:43,042 EPOCH 90: HR: [0.31, 0.464, 0.661, 0.899], NDCG: [0.202, 0.252, 0.301, 0.349] 
[INFO] 2023-01-12 16:19:02,782 EPOCH 90: HR: [0.055, 0.11, 0.219, 0.515], NDCG: [0.033, 0.05, 0.078, 0.135] 
[INFO] 2023-01-12 16:20:07,092 EPOCH 90: HR: [0.309, 0.466, 0.658, 0.898], NDCG: [0.203, 0.254, 0.302, 0.35] 
[INFO] 2023-01-12 16:20:28,879 EPOCH 90: HR: [0.055, 0.107, 0.201, 0.499], NDCG: [0.032, 0.049, 0.072, 0.13] 
[INFO] 2023-01-12 16:22:44,993 EPOCH 91: loss 0.1061. 
[INFO] 2023-01-12 16:25:01,210 EPOCH 92: loss 0.1058. 
[INFO] 2023-01-12 16:27:18,220 EPOCH 93: loss 0.1052. 
[INFO] 2023-01-12 16:29:34,331 EPOCH 94: loss 0.1056. 
[INFO] 2023-01-12 16:31:52,550 EPOCH 95: loss 0.1058. 
[INFO] 2023-01-12 16:34:08,727 EPOCH 96: loss 0.1051. 
[INFO] 2023-01-12 16:36:24,971 EPOCH 97: loss 0.1049. 
[INFO] 2023-01-12 16:38:41,112 EPOCH 98: loss 0.1050. 
[INFO] 2023-01-12 16:40:58,416 EPOCH 99: loss 0.1043. 
[INFO] 2023-01-12 16:43:15,215 EPOCH 100: loss 0.1046. 
[INFO] 2023-01-12 16:44:19,381 EPOCH 100: HR: [0.306, 0.463, 0.66, 0.899], NDCG: [0.201, 0.251, 0.301, 0.349] 
[INFO] 2023-01-12 16:44:39,060 EPOCH 100: HR: [0.057, 0.109, 0.218, 0.52], NDCG: [0.034, 0.05, 0.077, 0.136] 
[INFO] 2023-01-12 16:45:43,376 EPOCH 100: HR: [0.309, 0.468, 0.659, 0.898], NDCG: [0.204, 0.255, 0.303, 0.351] 
[INFO] 2023-01-12 16:46:05,304 EPOCH 100: HR: [0.053, 0.104, 0.202, 0.501], NDCG: [0.032, 0.048, 0.073, 0.131] 
[INFO] 2023-01-12 16:48:22,059 EPOCH 101: loss 0.1042. 
[INFO] 2023-01-12 16:50:39,959 EPOCH 102: loss 0.1037. 
[INFO] 2023-01-12 16:53:01,341 EPOCH 103: loss 0.1044. 
[INFO] 2023-01-12 16:55:20,514 EPOCH 104: loss 0.1039. 
[INFO] 2023-01-12 16:57:25,298 EPOCH 105: loss 0.1032. 
[INFO] 2023-01-12 16:59:24,680 EPOCH 106: loss 0.1033. 
[INFO] 2023-01-12 17:01:24,048 EPOCH 107: loss 0.1033. 
[INFO] 2023-01-12 17:03:23,473 EPOCH 108: loss 0.1035. 
[INFO] 2023-01-12 17:05:22,836 EPOCH 109: loss 0.1032. 
[INFO] 2023-01-12 17:07:22,130 EPOCH 110: loss 0.1035. 
[INFO] 2023-01-12 17:08:18,226 EPOCH 110: HR: [0.303, 0.463, 0.661, 0.9], NDCG: [0.2, 0.251, 0.301, 0.349] 
[INFO] 2023-01-12 17:08:35,396 EPOCH 110: HR: [0.053, 0.107, 0.218, 0.518], NDCG: [0.032, 0.049, 0.077, 0.135] 
[INFO] 2023-01-12 17:09:31,203 EPOCH 110: HR: [0.309, 0.469, 0.657, 0.9], NDCG: [0.204, 0.256, 0.303, 0.352] 
[INFO] 2023-01-12 17:09:50,065 EPOCH 110: HR: [0.054, 0.104, 0.202, 0.502], NDCG: [0.032, 0.048, 0.072, 0.131] 
[INFO] 2023-01-12 17:11:49,354 EPOCH 111: loss 0.1033. 
[INFO] 2023-01-12 17:13:48,663 EPOCH 112: loss 0.1031. 
[INFO] 2023-01-12 17:15:48,090 EPOCH 113: loss 0.1026. 
[INFO] 2023-01-12 17:17:46,992 EPOCH 114: loss 0.1026. 
[INFO] 2023-01-12 17:19:45,756 EPOCH 115: loss 0.1027. 
[INFO] 2023-01-12 17:21:44,514 EPOCH 116: loss 0.1018. 
[INFO] 2023-01-12 17:23:43,251 EPOCH 117: loss 0.1023. 
[INFO] 2023-01-12 17:25:42,036 EPOCH 118: loss 0.1023. 
[INFO] 2023-01-12 17:27:40,807 EPOCH 119: loss 0.1018. 
[INFO] 2023-01-12 17:29:39,690 EPOCH 120: loss 0.1016. 
[INFO] 2023-01-12 17:30:35,550 EPOCH 120: HR: [0.306, 0.463, 0.66, 0.9], NDCG: [0.2, 0.251, 0.301, 0.349] 
[INFO] 2023-01-12 17:30:52,763 EPOCH 120: HR: [0.053, 0.106, 0.213, 0.515], NDCG: [0.031, 0.048, 0.075, 0.134] 
[INFO] 2023-01-12 17:31:48,913 EPOCH 120: HR: [0.312, 0.469, 0.66, 0.9], NDCG: [0.205, 0.256, 0.304, 0.352] 
[INFO] 2023-01-12 17:32:07,912 EPOCH 120: HR: [0.055, 0.104, 0.201, 0.504], NDCG: [0.032, 0.048, 0.072, 0.131] 
[INFO] 2023-01-12 17:34:06,665 EPOCH 121: loss 0.1019. 
[INFO] 2023-01-12 17:57:27,586 EPOCH 122: loss 0.1018. 
[INFO] 2023-01-12 17:59:27,748 EPOCH 123: loss 0.1019. 
[INFO] 2023-01-12 18:01:27,857 EPOCH 124: loss 0.1015. 
[INFO] 2023-01-12 18:03:28,071 EPOCH 125: loss 0.1011. 
[INFO] 2023-01-12 18:05:27,965 EPOCH 126: loss 0.1011. 
[INFO] 2023-01-12 18:07:27,116 EPOCH 127: loss 0.1015. 
[INFO] 2023-01-12 18:09:26,579 EPOCH 128: loss 0.1012. 
[INFO] 2023-01-12 18:11:25,816 EPOCH 129: loss 0.1006. 
[INFO] 2023-01-12 18:13:25,605 EPOCH 130: loss 0.1008. 
[INFO] 2023-01-12 18:14:21,982 EPOCH 130: HR: [0.304, 0.464, 0.66, 0.899], NDCG: [0.199, 0.25, 0.3, 0.348] 
[INFO] 2023-01-12 18:14:39,258 EPOCH 130: HR: [0.051, 0.106, 0.217, 0.514], NDCG: [0.031, 0.049, 0.077, 0.135] 
[INFO] 2023-01-12 18:15:35,627 EPOCH 130: HR: [0.313, 0.468, 0.659, 0.9], NDCG: [0.206, 0.256, 0.304, 0.353] 
[INFO] 2023-01-12 18:15:54,695 EPOCH 130: HR: [0.054, 0.106, 0.202, 0.502], NDCG: [0.032, 0.048, 0.072, 0.131] 
[INFO] 2023-01-12 18:17:53,804 EPOCH 131: loss 0.1009. 
[INFO] 2023-01-12 18:19:53,263 EPOCH 132: loss 0.1009. 
[INFO] 2023-01-12 18:21:52,586 EPOCH 133: loss 0.1011. 
[INFO] 2023-01-12 18:23:51,625 EPOCH 134: loss 0.1004. 
[INFO] 2023-01-12 18:25:50,802 EPOCH 135: loss 0.1010. 
[INFO] 2023-01-12 18:27:50,031 EPOCH 136: loss 0.1001. 
[INFO] 2023-01-12 18:29:49,334 EPOCH 137: loss 0.1004. 
[INFO] 2023-01-12 18:31:48,590 EPOCH 138: loss 0.1002. 
[INFO] 2023-01-12 18:33:47,675 EPOCH 139: loss 0.0998. 
[INFO] 2023-01-12 18:35:46,895 EPOCH 140: loss 0.0999. 
[INFO] 2023-01-12 18:36:42,966 EPOCH 140: HR: [0.306, 0.464, 0.66, 0.899], NDCG: [0.201, 0.252, 0.301, 0.349] 
[INFO] 2023-01-12 18:37:00,203 EPOCH 140: HR: [0.052, 0.107, 0.216, 0.512], NDCG: [0.032, 0.049, 0.076, 0.134] 
[INFO] 2023-01-12 18:37:56,549 EPOCH 140: HR: [0.313, 0.472, 0.66, 0.9], NDCG: [0.207, 0.258, 0.306, 0.354] 
[INFO] 2023-01-12 18:38:15,618 EPOCH 140: HR: [0.055, 0.103, 0.202, 0.503], NDCG: [0.032, 0.047, 0.072, 0.131] 
[INFO] 2023-01-12 18:40:14,678 EPOCH 141: loss 0.0995. 
[INFO] 2023-01-12 18:42:13,508 EPOCH 142: loss 0.1001. 
[INFO] 2023-01-12 18:44:12,087 EPOCH 143: loss 0.0998. 
[INFO] 2023-01-12 18:46:10,843 EPOCH 144: loss 0.0999. 
[INFO] 2023-01-12 18:48:09,474 EPOCH 145: loss 0.0996. 
[INFO] 2023-01-12 18:50:08,195 EPOCH 146: loss 0.0999. 
[INFO] 2023-01-12 18:52:06,925 EPOCH 147: loss 0.0996. 
[INFO] 2023-01-12 18:54:05,754 EPOCH 148: loss 0.0993. 
[INFO] 2023-01-12 18:56:04,473 EPOCH 149: loss 0.0992. 
[INFO] 2023-01-12 18:58:03,254 EPOCH 150: loss 0.0997. 
[INFO] 2023-01-12 18:58:59,313 EPOCH 150: HR: [0.305, 0.463, 0.66, 0.899], NDCG: [0.2, 0.251, 0.3, 0.348] 
[INFO] 2023-01-12 18:59:16,470 EPOCH 150: HR: [0.051, 0.107, 0.216, 0.51], NDCG: [0.031, 0.049, 0.076, 0.133] 
[INFO] 2023-01-12 19:00:12,554 EPOCH 150: HR: [0.311, 0.472, 0.661, 0.9], NDCG: [0.207, 0.258, 0.306, 0.354] 
[INFO] 2023-01-12 19:00:31,556 EPOCH 150: HR: [0.052, 0.103, 0.202, 0.503], NDCG: [0.031, 0.047, 0.072, 0.131] 
[INFO] 2023-01-12 19:06:39,192 EPOCH 151: loss 0.0995. 
[INFO] 2023-01-12 19:08:38,032 EPOCH 152: loss 0.0992. 
[INFO] 2023-01-12 19:10:36,803 EPOCH 153: loss 0.0994. 
[INFO] 2023-01-12 19:12:35,583 EPOCH 154: loss 0.0989. 
[INFO] 2023-01-12 19:14:34,465 EPOCH 155: loss 0.0995. 
[INFO] 2023-01-12 19:16:33,328 EPOCH 156: loss 0.0989. 
[INFO] 2023-01-12 19:18:32,064 EPOCH 157: loss 0.0987. 
[INFO] 2023-01-12 19:20:30,969 EPOCH 158: loss 0.0989. 
[INFO] 2023-01-12 19:22:29,727 EPOCH 159: loss 0.0990. 
[INFO] 2023-01-12 19:24:28,625 EPOCH 160: loss 0.0985. 
[INFO] 2023-01-12 19:25:24,906 EPOCH 160: HR: [0.304, 0.46, 0.66, 0.9], NDCG: [0.2, 0.25, 0.301, 0.349] 
[INFO] 2023-01-12 19:25:42,145 EPOCH 160: HR: [0.05, 0.11, 0.216, 0.508], NDCG: [0.03, 0.049, 0.075, 0.132] 
[INFO] 2023-01-12 19:26:38,197 EPOCH 160: HR: [0.312, 0.472, 0.663, 0.9], NDCG: [0.207, 0.259, 0.307, 0.354] 
[INFO] 2023-01-12 19:26:57,130 EPOCH 160: HR: [0.054, 0.104, 0.202, 0.501], NDCG: [0.032, 0.048, 0.072, 0.131] 
[INFO] 2023-01-12 19:28:56,113 EPOCH 161: loss 0.0988. 
[INFO] 2023-01-12 19:30:54,978 EPOCH 162: loss 0.0987. 
[INFO] 2023-01-12 19:32:54,488 EPOCH 163: loss 0.0984. 
[INFO] 2023-01-12 19:34:54,900 EPOCH 164: loss 0.0991. 
[INFO] 2023-01-12 19:36:54,340 EPOCH 165: loss 0.0985. 
[INFO] 2023-01-12 19:38:53,885 EPOCH 166: loss 0.0986. 
[INFO] 2023-01-12 19:40:53,176 EPOCH 167: loss 0.0982. 
[INFO] 2023-01-12 19:42:52,857 EPOCH 168: loss 0.0983. 
[INFO] 2023-01-12 19:44:52,347 EPOCH 169: loss 0.0986. 
[INFO] 2023-01-12 19:46:51,829 EPOCH 170: loss 0.0982. 
[INFO] 2023-01-12 19:47:48,101 EPOCH 170: HR: [0.307, 0.462, 0.66, 0.9], NDCG: [0.201, 0.251, 0.301, 0.349] 
[INFO] 2023-01-12 19:48:05,412 EPOCH 170: HR: [0.051, 0.108, 0.214, 0.51], NDCG: [0.03, 0.048, 0.075, 0.133] 
[INFO] 2023-01-12 19:49:01,491 EPOCH 170: HR: [0.314, 0.474, 0.662, 0.9], NDCG: [0.209, 0.26, 0.308, 0.355] 
[INFO] 2023-01-12 19:49:20,459 EPOCH 170: HR: [0.053, 0.103, 0.201, 0.501], NDCG: [0.032, 0.047, 0.072, 0.131] 
[INFO] 2023-01-12 19:51:19,873 EPOCH 171: loss 0.0982. 
[INFO] 2023-01-12 19:53:19,218 EPOCH 172: loss 0.0984. 
[INFO] 2023-01-12 19:55:18,622 EPOCH 173: loss 0.0981. 
[INFO] 2023-01-12 19:57:18,107 EPOCH 174: loss 0.0977. 
[INFO] 2023-01-12 19:59:17,778 EPOCH 175: loss 0.0979. 
[INFO] 2023-01-12 20:01:17,320 EPOCH 176: loss 0.0981. 
[INFO] 2023-01-12 20:03:16,749 EPOCH 177: loss 0.0975. 
[INFO] 2023-01-12 20:05:16,071 EPOCH 178: loss 0.0975. 
[INFO] 2023-01-12 20:07:15,678 EPOCH 179: loss 0.0978. 
[INFO] 2023-01-12 20:09:15,371 EPOCH 180: loss 0.0981. 
[INFO] 2023-01-12 20:10:11,388 EPOCH 180: HR: [0.307, 0.462, 0.662, 0.899], NDCG: [0.201, 0.251, 0.301, 0.349] 
[INFO] 2023-01-12 20:10:29,488 EPOCH 180: HR: [0.051, 0.106, 0.213, 0.512], NDCG: [0.03, 0.048, 0.075, 0.133] 
[INFO] 2023-01-12 20:11:30,186 EPOCH 180: HR: [0.314, 0.473, 0.661, 0.899], NDCG: [0.207, 0.258, 0.306, 0.353] 
[INFO] 2023-01-12 20:11:51,105 EPOCH 180: HR: [0.054, 0.102, 0.201, 0.501], NDCG: [0.032, 0.048, 0.072, 0.131] 
[INFO] 2023-01-12 20:13:59,354 EPOCH 181: loss 0.0980. 
[INFO] 2023-01-12 20:16:00,515 EPOCH 182: loss 0.0976. 
[INFO] 2023-01-12 20:18:00,241 EPOCH 183: loss 0.0979. 
[INFO] 2023-01-12 20:20:00,646 EPOCH 184: loss 0.0978. 
[INFO] 2023-01-12 20:22:00,152 EPOCH 185: loss 0.0976. 
[INFO] 2023-01-12 20:23:59,770 EPOCH 186: loss 0.0974. 
[INFO] 2023-01-12 20:25:59,423 EPOCH 187: loss 0.0976. 
[INFO] 2023-01-12 20:27:59,248 EPOCH 188: loss 0.0970. 
[INFO] 2023-01-12 20:29:58,841 EPOCH 189: loss 0.0972. 
[INFO] 2023-01-12 20:31:58,604 EPOCH 190: loss 0.0978. 
[INFO] 2023-01-12 20:32:54,814 EPOCH 190: HR: [0.305, 0.462, 0.66, 0.899], NDCG: [0.2, 0.25, 0.3, 0.348] 
[INFO] 2023-01-12 20:33:12,148 EPOCH 190: HR: [0.05, 0.105, 0.213, 0.511], NDCG: [0.03, 0.048, 0.075, 0.133] 
[INFO] 2023-01-12 20:34:08,582 EPOCH 190: HR: [0.313, 0.475, 0.661, 0.899], NDCG: [0.208, 0.26, 0.307, 0.355] 
[INFO] 2023-01-12 20:34:27,667 EPOCH 190: HR: [0.052, 0.104, 0.204, 0.501], NDCG: [0.031, 0.048, 0.073, 0.131] 
[INFO] 2023-01-12 20:36:28,045 EPOCH 191: loss 0.0975. 
[INFO] 2023-01-12 20:38:28,167 EPOCH 192: loss 0.0972. 
[INFO] 2023-01-12 20:40:27,993 EPOCH 193: loss 0.0974. 
[INFO] 2023-01-12 20:42:28,062 EPOCH 194: loss 0.0971. 
[INFO] 2023-01-12 20:44:27,523 EPOCH 195: loss 0.0971. 
[INFO] 2023-01-12 20:46:27,126 EPOCH 196: loss 0.0973. 
[INFO] 2023-01-12 20:48:26,897 EPOCH 197: loss 0.0969. 
[INFO] 2023-01-12 20:50:26,666 EPOCH 198: loss 0.0970. 
[INFO] 2023-01-12 20:52:26,324 EPOCH 199: loss 0.0966. 
[INFO] 2023-01-12 20:52:26,640 Experiment finished. 
