[INFO] 2025-06-20 20:03:12,333 Experiment ID.20250620_200312 start ...... 
[INFO] 2025-06-20 20:03:12,333 Namespace(CDATN_GCN_layers=2, CDATN_embed_dim=32, EPOCHS=200, GCDTN_GCN_layers=2, GCDTN_embed_dim=32, LightGCN_embed_dim=32, LightGCN_n_layers=2, batch_size=512, data_name='movie-book', disable_tqdm=False, experiment_dir='log/LightGCN/20250620_200312', experiment_id='20250620_200312', experiment_name='20250620_200312', gpu_id=0, init_lr=0.001, model_name='LightGCN', test_num_ng=99, topKs=[1, 2, 5, 10], train_num_ng=4) 
[INFO] 2025-06-20 20:03:59,336 EPOCH 0: loss 0.7034. 
[INFO] 2025-06-20 20:04:13,695 EPOCH 0: HR: [0.013, 0.026, 0.065, 0.125], NDCG: [0.013, 0.021, 0.039, 0.058] 
[INFO] 2025-06-20 20:04:18,116 EPOCH 0: HR: [0.011, 0.022, 0.054, 0.104], NDCG: [0.011, 0.018, 0.032, 0.048] 
[INFO] 2025-06-20 20:04:32,736 EPOCH 0: HR: [0.011, 0.024, 0.056, 0.112], NDCG: [0.011, 0.02, 0.034, 0.051] 
[INFO] 2025-06-20 20:04:37,729 EPOCH 0: HR: [0.01, 0.019, 0.054, 0.101], NDCG: [0.01, 0.016, 0.031, 0.046] 
[INFO] 2025-06-20 20:05:13,994 EPOCH 1: loss 0.6138. 
[INFO] 2025-06-20 20:05:46,392 EPOCH 2: loss 0.5041. 
[INFO] 2025-06-20 20:06:20,106 EPOCH 3: loss 0.4277. 
[INFO] 2025-06-20 20:06:51,156 EPOCH 4: loss 0.3742. 
[INFO] 2025-06-20 20:07:23,488 EPOCH 5: loss 0.3348. 
[INFO] 2025-06-20 20:07:55,636 EPOCH 6: loss 0.3060. 
[INFO] 2025-06-20 20:08:26,712 EPOCH 7: loss 0.2814. 
[INFO] 2025-06-20 20:08:59,159 EPOCH 8: loss 0.2626. 
[INFO] 2025-06-20 20:09:31,101 EPOCH 9: loss 0.2473. 
[INFO] 2025-06-20 20:10:02,984 EPOCH 10: loss 0.2329. 
[INFO] 2025-06-20 20:10:18,167 EPOCH 10: HR: [0.091, 0.159, 0.302, 0.46], NDCG: [0.091, 0.134, 0.197, 0.248] 
[INFO] 2025-06-20 20:10:22,580 EPOCH 10: HR: [0.016, 0.03, 0.064, 0.118], NDCG: [0.016, 0.025, 0.04, 0.057] 
[INFO] 2025-06-20 20:10:37,098 EPOCH 10: HR: [0.082, 0.142, 0.269, 0.414], NDCG: [0.082, 0.12, 0.176, 0.223] 
[INFO] 2025-06-20 20:10:41,928 EPOCH 10: HR: [0.015, 0.029, 0.062, 0.119], NDCG: [0.015, 0.023, 0.038, 0.056] 
[INFO] 2025-06-20 20:11:14,281 EPOCH 11: loss 0.2221. 
[INFO] 2025-06-20 20:11:46,223 EPOCH 12: loss 0.2124. 
[INFO] 2025-06-20 20:12:18,231 EPOCH 13: loss 0.2035. 
[INFO] 2025-06-20 20:12:49,296 EPOCH 14: loss 0.1969. 
[INFO] 2025-06-20 20:13:21,059 EPOCH 15: loss 0.1899. 
[INFO] 2025-06-20 20:13:52,393 EPOCH 16: loss 0.1831. 
[INFO] 2025-06-20 20:14:24,429 EPOCH 17: loss 0.1784. 
[INFO] 2025-06-20 20:14:56,526 EPOCH 18: loss 0.1734. 
[INFO] 2025-06-20 20:15:28,796 EPOCH 19: loss 0.1692. 
[INFO] 2025-06-20 20:16:00,934 EPOCH 20: loss 0.1658. 
[INFO] 2025-06-20 20:16:15,298 EPOCH 20: HR: [0.096, 0.167, 0.316, 0.478], NDCG: [0.096, 0.141, 0.207, 0.259] 
[INFO] 2025-06-20 20:16:19,624 EPOCH 20: HR: [0.017, 0.03, 0.065, 0.115], NDCG: [0.017, 0.025, 0.041, 0.057] 
[INFO] 2025-06-20 20:16:33,913 EPOCH 20: HR: [0.089, 0.153, 0.292, 0.44], NDCG: [0.089, 0.13, 0.191, 0.239] 
[INFO] 2025-06-20 20:16:38,675 EPOCH 20: HR: [0.013, 0.029, 0.061, 0.115], NDCG: [0.013, 0.023, 0.037, 0.054] 
[INFO] 2025-06-20 20:17:09,475 EPOCH 21: loss 0.1625. 
[INFO] 2025-06-20 20:17:40,590 EPOCH 22: loss 0.1586. 
[INFO] 2025-06-20 20:18:12,402 EPOCH 23: loss 0.1557. 
[INFO] 2025-06-20 20:18:44,322 EPOCH 24: loss 0.1534. 
[INFO] 2025-06-20 20:19:16,188 EPOCH 25: loss 0.1503. 
[INFO] 2025-06-20 20:19:49,771 EPOCH 26: loss 0.1481. 
[INFO] 2025-06-20 20:20:22,567 EPOCH 27: loss 0.1458. 
[INFO] 2025-06-20 20:20:54,282 EPOCH 28: loss 0.1436. 
[INFO] 2025-06-20 20:21:26,542 EPOCH 29: loss 0.1423. 
[INFO] 2025-06-20 20:21:59,009 EPOCH 30: loss 0.1403. 
[INFO] 2025-06-20 20:22:13,356 EPOCH 30: HR: [0.1, 0.171, 0.318, 0.479], NDCG: [0.1, 0.145, 0.21, 0.262] 
[INFO] 2025-06-20 20:22:17,702 EPOCH 30: HR: [0.015, 0.028, 0.063, 0.117], NDCG: [0.015, 0.023, 0.039, 0.056] 
[INFO] 2025-06-20 20:22:32,038 EPOCH 30: HR: [0.092, 0.155, 0.297, 0.449], NDCG: [0.092, 0.132, 0.195, 0.244] 
[INFO] 2025-06-20 20:22:36,810 EPOCH 30: HR: [0.015, 0.028, 0.058, 0.111], NDCG: [0.015, 0.023, 0.036, 0.053] 
[INFO] 2025-06-20 20:23:08,265 EPOCH 31: loss 0.1378. 
[INFO] 2025-06-20 20:23:40,139 EPOCH 32: loss 0.1368. 
[INFO] 2025-06-20 20:24:11,785 EPOCH 33: loss 0.1361. 
[INFO] 2025-06-20 20:24:42,783 EPOCH 34: loss 0.1349. 
[INFO] 2025-06-20 20:25:13,295 EPOCH 35: loss 0.1324. 
[INFO] 2025-06-20 20:25:45,379 EPOCH 36: loss 0.1316. 
[INFO] 2025-06-20 20:26:16,329 EPOCH 37: loss 0.1305. 
[INFO] 2025-06-20 20:26:47,217 EPOCH 38: loss 0.1292. 
[INFO] 2025-06-20 20:27:22,758 EPOCH 39: loss 0.1290. 
[INFO] 2025-06-20 20:27:58,587 EPOCH 40: loss 0.1277. 
[INFO] 2025-06-20 20:28:13,070 EPOCH 40: HR: [0.097, 0.169, 0.314, 0.477], NDCG: [0.097, 0.142, 0.207, 0.259] 
[INFO] 2025-06-20 20:28:17,464 EPOCH 40: HR: [0.013, 0.025, 0.063, 0.114], NDCG: [0.013, 0.02, 0.037, 0.054] 
[INFO] 2025-06-20 20:28:32,016 EPOCH 40: HR: [0.091, 0.157, 0.296, 0.453], NDCG: [0.091, 0.133, 0.195, 0.245] 
[INFO] 2025-06-20 20:28:36,838 EPOCH 40: HR: [0.013, 0.026, 0.058, 0.109], NDCG: [0.013, 0.021, 0.036, 0.052] 
[INFO] 2025-06-20 20:29:08,018 EPOCH 41: loss 0.1260. 
[INFO] 2025-06-20 20:29:40,656 EPOCH 42: loss 0.1257. 
[INFO] 2025-06-20 20:30:12,572 EPOCH 43: loss 0.1249. 
[INFO] 2025-06-20 20:30:45,296 EPOCH 44: loss 0.1242. 
[INFO] 2025-06-20 20:31:17,079 EPOCH 45: loss 0.1224. 
[INFO] 2025-06-20 20:31:48,699 EPOCH 46: loss 0.1220. 
[INFO] 2025-06-20 20:32:20,627 EPOCH 47: loss 0.1215. 
[INFO] 2025-06-20 20:32:51,606 EPOCH 48: loss 0.1206. 
[INFO] 2025-06-20 20:33:22,199 EPOCH 49: loss 0.1204. 
[INFO] 2025-06-20 20:33:53,154 EPOCH 50: loss 0.1198. 
[INFO] 2025-06-20 20:34:07,653 EPOCH 50: HR: [0.097, 0.167, 0.316, 0.475], NDCG: [0.097, 0.141, 0.207, 0.259] 
[INFO] 2025-06-20 20:34:12,016 EPOCH 50: HR: [0.012, 0.023, 0.062, 0.114], NDCG: [0.012, 0.019, 0.036, 0.052] 
[INFO] 2025-06-20 20:34:26,876 EPOCH 50: HR: [0.093, 0.16, 0.298, 0.455], NDCG: [0.093, 0.135, 0.196, 0.247] 
[INFO] 2025-06-20 20:34:31,706 EPOCH 50: HR: [0.012, 0.026, 0.058, 0.109], NDCG: [0.012, 0.021, 0.035, 0.052] 
[INFO] 2025-06-20 20:35:00,835 EPOCH 51: loss 0.1192. 
[INFO] 2025-06-20 20:35:32,474 EPOCH 52: loss 0.1189. 
[INFO] 2025-06-20 20:36:03,448 EPOCH 53: loss 0.1178. 
[INFO] 2025-06-20 20:36:35,461 EPOCH 54: loss 0.1176. 
[INFO] 2025-06-20 20:37:07,554 EPOCH 55: loss 0.1168. 
[INFO] 2025-06-20 20:37:39,609 EPOCH 56: loss 0.1164. 
[INFO] 2025-06-20 20:38:11,288 EPOCH 57: loss 0.1161. 
[INFO] 2025-06-20 20:38:43,163 EPOCH 58: loss 0.1155. 
[INFO] 2025-06-20 20:39:14,837 EPOCH 59: loss 0.1151. 
[INFO] 2025-06-20 20:39:46,916 EPOCH 60: loss 0.1148. 
[INFO] 2025-06-20 20:40:01,376 EPOCH 60: HR: [0.096, 0.167, 0.316, 0.472], NDCG: [0.096, 0.141, 0.207, 0.258] 
[INFO] 2025-06-20 20:40:05,753 EPOCH 60: HR: [0.011, 0.022, 0.062, 0.113], NDCG: [0.011, 0.018, 0.035, 0.052] 
[INFO] 2025-06-20 20:40:20,239 EPOCH 60: HR: [0.095, 0.159, 0.298, 0.454], NDCG: [0.095, 0.136, 0.197, 0.248] 
[INFO] 2025-06-20 20:40:25,043 EPOCH 60: HR: [0.012, 0.026, 0.057, 0.107], NDCG: [0.012, 0.021, 0.035, 0.051] 
[INFO] 2025-06-20 20:40:57,021 EPOCH 61: loss 0.1142. 
[INFO] 2025-06-20 20:41:28,999 EPOCH 62: loss 0.1131. 
[INFO] 2025-06-20 20:42:01,123 EPOCH 63: loss 0.1134. 
[INFO] 2025-06-20 20:42:32,320 EPOCH 64: loss 0.1130. 
[INFO] 2025-06-20 20:43:02,987 EPOCH 65: loss 0.1125. 
[INFO] 2025-06-20 20:43:35,523 EPOCH 66: loss 0.1115. 
[INFO] 2025-06-20 20:44:06,297 EPOCH 67: loss 0.1121. 
[INFO] 2025-06-20 20:44:38,088 EPOCH 68: loss 0.1113. 
[INFO] 2025-06-20 20:45:10,049 EPOCH 69: loss 0.1111. 
[INFO] 2025-06-20 20:45:42,510 EPOCH 70: loss 0.1111. 
[INFO] 2025-06-20 20:45:56,894 EPOCH 70: HR: [0.096, 0.166, 0.315, 0.469], NDCG: [0.096, 0.14, 0.206, 0.256] 
[INFO] 2025-06-20 20:46:01,238 EPOCH 70: HR: [0.01, 0.023, 0.06, 0.113], NDCG: [0.01, 0.018, 0.034, 0.051] 
[INFO] 2025-06-20 20:46:15,575 EPOCH 70: HR: [0.096, 0.162, 0.297, 0.454], NDCG: [0.096, 0.138, 0.198, 0.248] 
[INFO] 2025-06-20 20:46:20,339 EPOCH 70: HR: [0.011, 0.026, 0.058, 0.106], NDCG: [0.011, 0.02, 0.034, 0.05] 
[INFO] 2025-06-20 20:46:51,411 EPOCH 71: loss 0.1100. 
[INFO] 2025-06-20 20:47:23,596 EPOCH 72: loss 0.1104. 
[INFO] 2025-06-20 20:47:55,123 EPOCH 73: loss 0.1100. 
[INFO] 2025-06-20 20:48:27,109 EPOCH 74: loss 0.1099. 
[INFO] 2025-06-20 20:48:57,880 EPOCH 75: loss 0.1097. 
[INFO] 2025-06-20 20:49:29,971 EPOCH 76: loss 0.1095. 
[INFO] 2025-06-20 20:50:01,743 EPOCH 77: loss 0.1093. 
[INFO] 2025-06-20 20:50:33,548 EPOCH 78: loss 0.1084. 
[INFO] 2025-06-20 20:51:04,574 EPOCH 79: loss 0.1083. 
[INFO] 2025-06-20 20:51:35,555 EPOCH 80: loss 0.1083. 
[INFO] 2025-06-20 20:51:50,097 EPOCH 80: HR: [0.097, 0.166, 0.313, 0.47], NDCG: [0.097, 0.14, 0.206, 0.256] 
[INFO] 2025-06-20 20:51:54,502 EPOCH 80: HR: [0.012, 0.022, 0.06, 0.112], NDCG: [0.012, 0.018, 0.035, 0.051] 
[INFO] 2025-06-20 20:52:09,039 EPOCH 80: HR: [0.095, 0.161, 0.297, 0.453], NDCG: [0.095, 0.137, 0.197, 0.248] 
[INFO] 2025-06-20 20:52:13,877 EPOCH 80: HR: [0.011, 0.025, 0.057, 0.106], NDCG: [0.011, 0.02, 0.034, 0.049] 
[INFO] 2025-06-20 20:52:45,406 EPOCH 81: loss 0.1076. 
[INFO] 2025-06-20 20:53:19,033 EPOCH 82: loss 0.1076. 
[INFO] 2025-06-20 20:53:53,087 EPOCH 83: loss 0.1077. 
[INFO] 2025-06-20 20:54:24,066 EPOCH 84: loss 0.1073. 
[INFO] 2025-06-20 20:54:54,536 EPOCH 85: loss 0.1073. 
[INFO] 2025-06-20 20:55:26,457 EPOCH 86: loss 0.1069. 
[INFO] 2025-06-20 20:55:57,716 EPOCH 87: loss 0.1062. 
[INFO] 2025-06-20 20:56:29,585 EPOCH 88: loss 0.1064. 
[INFO] 2025-06-20 20:57:01,326 EPOCH 89: loss 0.1064. 
[INFO] 2025-06-20 20:57:33,702 EPOCH 90: loss 0.1063. 
[INFO] 2025-06-20 20:57:48,173 EPOCH 90: HR: [0.093, 0.165, 0.308, 0.471], NDCG: [0.093, 0.139, 0.202, 0.255] 
[INFO] 2025-06-20 20:57:52,560 EPOCH 90: HR: [0.013, 0.021, 0.059, 0.112], NDCG: [0.013, 0.018, 0.035, 0.051] 
[INFO] 2025-06-20 20:58:07,026 EPOCH 90: HR: [0.095, 0.163, 0.302, 0.455], NDCG: [0.095, 0.138, 0.199, 0.249] 
[INFO] 2025-06-20 20:58:11,830 EPOCH 90: HR: [0.011, 0.025, 0.053, 0.109], NDCG: [0.011, 0.02, 0.032, 0.05] 
[INFO] 2025-06-20 20:58:43,832 EPOCH 91: loss 0.1063. 
[INFO] 2025-06-20 20:59:15,667 EPOCH 92: loss 0.1054. 
[INFO] 2025-06-20 20:59:48,516 EPOCH 93: loss 0.1055. 
[INFO] 2025-06-20 21:00:20,636 EPOCH 94: loss 0.1048. 
[INFO] 2025-06-20 21:00:55,371 EPOCH 95: loss 0.1050. 
[INFO] 2025-06-20 21:01:27,183 EPOCH 96: loss 0.1050. 
[INFO] 2025-06-20 21:01:58,300 EPOCH 97: loss 0.1046. 
[INFO] 2025-06-20 21:02:28,869 EPOCH 98: loss 0.1045. 
[INFO] 2025-06-20 21:03:00,292 EPOCH 99: loss 0.1043. 
[INFO] 2025-06-20 21:03:32,040 EPOCH 100: loss 0.1041. 
[INFO] 2025-06-20 21:03:46,519 EPOCH 100: HR: [0.093, 0.165, 0.31, 0.472], NDCG: [0.093, 0.139, 0.203, 0.255] 
[INFO] 2025-06-20 21:03:50,879 EPOCH 100: HR: [0.011, 0.022, 0.056, 0.11], NDCG: [0.011, 0.018, 0.033, 0.05] 
[INFO] 2025-06-20 21:04:05,342 EPOCH 100: HR: [0.097, 0.165, 0.304, 0.457], NDCG: [0.097, 0.14, 0.201, 0.25] 
[INFO] 2025-06-20 21:04:10,140 EPOCH 100: HR: [0.01, 0.023, 0.055, 0.109], NDCG: [0.01, 0.018, 0.032, 0.049] 
[INFO] 2025-06-20 21:04:41,870 EPOCH 101: loss 0.1042. 
[INFO] 2025-06-20 21:05:17,081 EPOCH 102: loss 0.1038. 
[INFO] 2025-06-20 21:05:48,201 EPOCH 103: loss 0.1040. 
[INFO] 2025-06-20 21:06:19,860 EPOCH 104: loss 0.1039. 
[INFO] 2025-06-20 21:06:57,733 EPOCH 105: loss 0.1037. 
[INFO] 2025-06-20 21:07:34,032 EPOCH 106: loss 0.1031. 
[INFO] 2025-06-20 21:08:10,639 EPOCH 107: loss 0.1026. 
[INFO] 2025-06-20 21:08:47,106 EPOCH 108: loss 0.1031. 
[INFO] 2025-06-20 21:09:23,558 EPOCH 109: loss 0.1032. 
[INFO] 2025-06-20 21:10:07,546 EPOCH 110: loss 0.1033. 
[INFO] 2025-06-20 21:10:45,331 EPOCH 110: HR: [0.096, 0.166, 0.306, 0.47], NDCG: [0.096, 0.14, 0.202, 0.255] 
[INFO] 2025-06-20 21:10:56,892 EPOCH 110: HR: [0.01, 0.021, 0.057, 0.108], NDCG: [0.01, 0.017, 0.033, 0.049] 
[INFO] 2025-06-20 21:11:28,787 EPOCH 110: HR: [0.097, 0.163, 0.302, 0.455], NDCG: [0.097, 0.139, 0.2, 0.25] 
[INFO] 2025-06-20 21:11:34,575 EPOCH 110: HR: [0.01, 0.021, 0.055, 0.108], NDCG: [0.01, 0.017, 0.032, 0.049] 
[INFO] 2025-06-20 21:12:11,277 EPOCH 111: loss 0.1024. 
[INFO] 2025-06-20 21:12:48,624 EPOCH 112: loss 0.1027. 
[INFO] 2025-06-20 21:13:25,018 EPOCH 113: loss 0.1029. 
[INFO] 2025-06-20 21:14:00,842 EPOCH 114: loss 0.1021. 
[INFO] 2025-06-20 21:14:33,457 EPOCH 115: loss 0.1025. 
[INFO] 2025-06-20 21:15:05,540 EPOCH 116: loss 0.1020. 
[INFO] 2025-06-20 21:15:37,157 EPOCH 117: loss 0.1021. 
[INFO] 2025-06-20 21:16:09,265 EPOCH 118: loss 0.1019. 
[INFO] 2025-06-20 21:16:40,193 EPOCH 119: loss 0.1019. 
[INFO] 2025-06-20 21:17:13,384 EPOCH 120: loss 0.1022. 
[INFO] 2025-06-20 21:17:28,079 EPOCH 120: HR: [0.095, 0.164, 0.308, 0.472], NDCG: [0.095, 0.139, 0.202, 0.255] 
[INFO] 2025-06-20 21:17:32,733 EPOCH 120: HR: [0.011, 0.022, 0.057, 0.11], NDCG: [0.011, 0.018, 0.033, 0.05] 
[INFO] 2025-06-20 21:17:47,347 EPOCH 120: HR: [0.097, 0.165, 0.303, 0.457], NDCG: [0.097, 0.14, 0.202, 0.251] 
[INFO] 2025-06-20 21:17:52,178 EPOCH 120: HR: [0.01, 0.021, 0.054, 0.107], NDCG: [0.01, 0.017, 0.032, 0.048] 
[INFO] 2025-06-20 21:18:24,131 EPOCH 121: loss 0.1018. 
[INFO] 2025-06-20 21:18:56,205 EPOCH 122: loss 0.1013. 
[INFO] 2025-06-20 21:19:27,782 EPOCH 123: loss 0.1018. 
[INFO] 2025-06-20 21:19:59,804 EPOCH 124: loss 0.1016. 
[INFO] 2025-06-20 21:20:31,808 EPOCH 125: loss 0.1010. 
[INFO] 2025-06-20 21:21:04,210 EPOCH 126: loss 0.1007. 
[INFO] 2025-06-20 21:21:35,289 EPOCH 127: loss 0.1006. 
[INFO] 2025-06-20 21:22:06,206 EPOCH 128: loss 0.1005. 
[INFO] 2025-06-20 21:22:38,645 EPOCH 129: loss 0.1010. 
[INFO] 2025-06-20 21:23:10,385 EPOCH 130: loss 0.1011. 
[INFO] 2025-06-20 21:23:25,821 EPOCH 130: HR: [0.094, 0.163, 0.306, 0.472], NDCG: [0.094, 0.137, 0.201, 0.254] 
[INFO] 2025-06-20 21:23:30,373 EPOCH 130: HR: [0.011, 0.022, 0.056, 0.108], NDCG: [0.011, 0.018, 0.033, 0.05] 
[INFO] 2025-06-20 21:23:44,866 EPOCH 130: HR: [0.095, 0.165, 0.303, 0.457], NDCG: [0.095, 0.139, 0.201, 0.25] 
[INFO] 2025-06-20 21:23:49,683 EPOCH 130: HR: [0.01, 0.021, 0.054, 0.106], NDCG: [0.01, 0.017, 0.031, 0.048] 
[INFO] 2025-06-20 21:24:21,868 EPOCH 131: loss 0.1006. 
[INFO] 2025-06-20 21:24:52,629 EPOCH 132: loss 0.1005. 
[INFO] 2025-06-20 21:25:24,744 EPOCH 133: loss 0.1005. 
[INFO] 2025-06-20 21:25:56,821 EPOCH 134: loss 0.1005. 
[INFO] 2025-06-20 21:26:27,693 EPOCH 135: loss 0.1001. 
[INFO] 2025-06-20 21:26:59,800 EPOCH 136: loss 0.1004. 
[INFO] 2025-06-20 21:27:30,647 EPOCH 137: loss 0.0997. 
[INFO] 2025-06-20 21:28:02,455 EPOCH 138: loss 0.0999. 
[INFO] 2025-06-20 21:28:33,490 EPOCH 139: loss 0.1000. 
[INFO] 2025-06-20 21:29:05,216 EPOCH 140: loss 0.1002. 
[INFO] 2025-06-20 21:29:19,672 EPOCH 140: HR: [0.094, 0.164, 0.308, 0.47], NDCG: [0.094, 0.138, 0.202, 0.255] 
[INFO] 2025-06-20 21:29:24,021 EPOCH 140: HR: [0.01, 0.022, 0.055, 0.108], NDCG: [0.01, 0.018, 0.032, 0.049] 
[INFO] 2025-06-20 21:29:38,356 EPOCH 140: HR: [0.098, 0.166, 0.303, 0.459], NDCG: [0.098, 0.141, 0.202, 0.252] 
[INFO] 2025-06-20 21:29:43,098 EPOCH 140: HR: [0.01, 0.02, 0.056, 0.104], NDCG: [0.01, 0.016, 0.032, 0.047] 
[INFO] 2025-06-20 21:30:14,350 EPOCH 141: loss 0.0999. 
[INFO] 2025-06-20 21:30:48,089 EPOCH 142: loss 0.1001. 
[INFO] 2025-06-20 21:31:19,940 EPOCH 143: loss 0.0999. 
[INFO] 2025-06-20 21:31:52,052 EPOCH 144: loss 0.0997. 
[INFO] 2025-06-20 21:32:23,116 EPOCH 145: loss 0.0998. 
[INFO] 2025-06-20 21:32:53,692 EPOCH 146: loss 0.0994. 
[INFO] 2025-06-20 21:33:25,693 EPOCH 147: loss 0.0991. 
[INFO] 2025-06-20 21:33:57,544 EPOCH 148: loss 0.0997. 
[INFO] 2025-06-20 21:34:28,973 EPOCH 149: loss 0.0999. 
[INFO] 2025-06-20 21:34:58,801 EPOCH 150: loss 0.0994. 
[INFO] 2025-06-20 21:35:13,295 EPOCH 150: HR: [0.094, 0.164, 0.307, 0.472], NDCG: [0.094, 0.138, 0.202, 0.255] 
[INFO] 2025-06-20 21:35:17,682 EPOCH 150: HR: [0.011, 0.021, 0.053, 0.104], NDCG: [0.011, 0.017, 0.032, 0.048] 
[INFO] 2025-06-20 21:35:32,098 EPOCH 150: HR: [0.096, 0.167, 0.304, 0.461], NDCG: [0.096, 0.141, 0.202, 0.252] 
[INFO] 2025-06-20 21:35:36,878 EPOCH 150: HR: [0.01, 0.02, 0.053, 0.105], NDCG: [0.01, 0.016, 0.031, 0.047] 
[INFO] 2025-06-20 21:36:08,723 EPOCH 151: loss 0.0991. 
[INFO] 2025-06-20 21:36:40,605 EPOCH 152: loss 0.0993. 
[INFO] 2025-06-20 21:37:14,047 EPOCH 153: loss 0.0992. 
[INFO] 2025-06-20 21:37:45,446 EPOCH 154: loss 0.0990. 
[INFO] 2025-06-20 21:38:17,039 EPOCH 155: loss 0.0997. 
[INFO] 2025-06-20 21:38:48,482 EPOCH 156: loss 0.0988. 
[INFO] 2025-06-20 21:39:20,425 EPOCH 157: loss 0.0987. 
[INFO] 2025-06-20 21:39:52,297 EPOCH 158: loss 0.0987. 
[INFO] 2025-06-20 21:40:23,306 EPOCH 159: loss 0.0988. 
[INFO] 2025-06-20 21:40:54,717 EPOCH 160: loss 0.0986. 
[INFO] 2025-06-20 21:41:09,075 EPOCH 160: HR: [0.094, 0.165, 0.307, 0.471], NDCG: [0.094, 0.139, 0.202, 0.255] 
[INFO] 2025-06-20 21:41:13,427 EPOCH 160: HR: [0.012, 0.022, 0.055, 0.106], NDCG: [0.012, 0.018, 0.033, 0.049] 
[INFO] 2025-06-20 21:41:27,820 EPOCH 160: HR: [0.097, 0.165, 0.308, 0.459], NDCG: [0.097, 0.14, 0.203, 0.251] 
[INFO] 2025-06-20 21:41:32,618 EPOCH 160: HR: [0.01, 0.02, 0.054, 0.107], NDCG: [0.01, 0.016, 0.031, 0.048] 
[INFO] 2025-06-20 21:42:04,287 EPOCH 161: loss 0.0986. 
[INFO] 2025-06-20 21:42:35,064 EPOCH 162: loss 0.0987. 
[INFO] 2025-06-20 21:43:07,063 EPOCH 163: loss 0.0981. 
[INFO] 2025-06-20 21:43:39,373 EPOCH 164: loss 0.0985. 
[INFO] 2025-06-20 21:44:10,170 EPOCH 165: loss 0.0984. 
[INFO] 2025-06-20 21:44:40,929 EPOCH 166: loss 0.0981. 
[INFO] 2025-06-20 21:45:12,404 EPOCH 167: loss 0.0981. 
[INFO] 2025-06-20 21:45:44,257 EPOCH 168: loss 0.0982. 
[INFO] 2025-06-20 21:46:16,155 EPOCH 169: loss 0.0983. 
[INFO] 2025-06-20 21:46:47,683 EPOCH 170: loss 0.0982. 
[INFO] 2025-06-20 21:47:02,086 EPOCH 170: HR: [0.095, 0.162, 0.307, 0.471], NDCG: [0.095, 0.137, 0.202, 0.255] 
[INFO] 2025-06-20 21:47:06,413 EPOCH 170: HR: [0.011, 0.021, 0.054, 0.107], NDCG: [0.011, 0.017, 0.032, 0.049] 
[INFO] 2025-06-20 21:47:20,751 EPOCH 170: HR: [0.097, 0.164, 0.307, 0.459], NDCG: [0.097, 0.139, 0.203, 0.252] 
[INFO] 2025-06-20 21:47:25,524 EPOCH 170: HR: [0.009, 0.019, 0.054, 0.104], NDCG: [0.009, 0.016, 0.031, 0.047] 
[INFO] 2025-06-20 21:47:57,345 EPOCH 171: loss 0.0982. 
[INFO] 2025-06-20 21:48:29,140 EPOCH 172: loss 0.0981. 
[INFO] 2025-06-20 21:48:59,859 EPOCH 173: loss 0.0978. 
[INFO] 2025-06-20 21:49:31,808 EPOCH 174: loss 0.0975. 
[INFO] 2025-06-20 21:50:03,746 EPOCH 175: loss 0.0977. 
[INFO] 2025-06-20 21:50:36,967 EPOCH 176: loss 0.0972. 
[INFO] 2025-06-20 21:51:08,592 EPOCH 177: loss 0.0978. 
[INFO] 2025-06-20 21:51:39,252 EPOCH 178: loss 0.0977. 
[INFO] 2025-06-20 21:52:11,069 EPOCH 179: loss 0.0981. 
[INFO] 2025-06-20 21:52:42,467 EPOCH 180: loss 0.0977. 
[INFO] 2025-06-20 21:52:56,714 EPOCH 180: HR: [0.094, 0.163, 0.307, 0.47], NDCG: [0.094, 0.138, 0.202, 0.254] 
[INFO] 2025-06-20 21:53:01,047 EPOCH 180: HR: [0.011, 0.021, 0.054, 0.108], NDCG: [0.011, 0.017, 0.032, 0.049] 
[INFO] 2025-06-20 21:53:15,332 EPOCH 180: HR: [0.096, 0.166, 0.306, 0.461], NDCG: [0.096, 0.14, 0.202, 0.252] 
[INFO] 2025-06-20 21:53:20,101 EPOCH 180: HR: [0.01, 0.019, 0.054, 0.105], NDCG: [0.01, 0.015, 0.031, 0.047] 
[INFO] 2025-06-20 21:53:51,658 EPOCH 181: loss 0.0975. 
[INFO] 2025-06-20 21:54:22,476 EPOCH 182: loss 0.0977. 
[INFO] 2025-06-20 21:54:54,199 EPOCH 183: loss 0.0975. 
[INFO] 2025-06-20 21:55:21,849 EPOCH 184: loss 0.0975. 
[INFO] 2025-06-20 21:55:52,918 EPOCH 185: loss 0.0974. 
[INFO] 2025-06-20 21:56:24,457 EPOCH 186: loss 0.0975. 
[INFO] 2025-06-20 21:56:56,118 EPOCH 187: loss 0.0971. 
[INFO] 2025-06-20 21:57:27,415 EPOCH 188: loss 0.0973. 
[INFO] 2025-06-20 21:57:59,285 EPOCH 189: loss 0.0972. 
[INFO] 2025-06-20 21:58:29,718 EPOCH 190: loss 0.0977. 
[INFO] 2025-06-20 21:58:44,015 EPOCH 190: HR: [0.095, 0.164, 0.308, 0.469], NDCG: [0.095, 0.138, 0.203, 0.254] 
[INFO] 2025-06-20 21:58:48,334 EPOCH 190: HR: [0.011, 0.02, 0.056, 0.108], NDCG: [0.011, 0.017, 0.033, 0.049] 
[INFO] 2025-06-20 21:59:02,629 EPOCH 190: HR: [0.096, 0.165, 0.306, 0.461], NDCG: [0.096, 0.139, 0.202, 0.252] 
[INFO] 2025-06-20 21:59:07,378 EPOCH 190: HR: [0.009, 0.02, 0.056, 0.107], NDCG: [0.009, 0.016, 0.032, 0.048] 
[INFO] 2025-06-20 21:59:38,924 EPOCH 191: loss 0.0968. 
[INFO] 2025-06-20 22:00:10,460 EPOCH 192: loss 0.0967. 
[INFO] 2025-06-20 22:00:41,735 EPOCH 193: loss 0.0971. 
[INFO] 2025-06-20 22:01:13,667 EPOCH 194: loss 0.0974. 
[INFO] 2025-06-20 22:01:45,414 EPOCH 195: loss 0.0964. 
[INFO] 2025-06-20 22:02:17,034 EPOCH 196: loss 0.0970. 
[INFO] 2025-06-20 22:02:47,543 EPOCH 197: loss 0.0971. 
[INFO] 2025-06-20 22:03:18,400 EPOCH 198: loss 0.0970. 
[INFO] 2025-06-20 22:03:49,409 EPOCH 199: loss 0.0973. 
[INFO] 2025-06-20 22:03:49,841 Experiment finished. 
